ARM GAS  /tmp/cc2EEPCH.s 			page 1


   1              		.cpu cortex-m4
   2              		.arch armv7e-m
   3              		.fpu fpv4-sp-d16
   4              		.eabi_attribute 27, 1
   5              		.eabi_attribute 28, 1
   6              		.eabi_attribute 20, 1
   7              		.eabi_attribute 21, 1
   8              		.eabi_attribute 23, 3
   9              		.eabi_attribute 24, 1
  10              		.eabi_attribute 25, 1
  11              		.eabi_attribute 26, 1
  12              		.eabi_attribute 30, 1
  13              		.eabi_attribute 34, 1
  14              		.eabi_attribute 18, 4
  15              		.file	"bsp_tim3.c"
  16              		.text
  17              	.Ltext0:
  18              		.cfi_sections	.debug_frame
  19              		.section	.text.TIM6_NVIC_Enable,"ax",%progbits
  20              		.align	1
  21              		.global	TIM6_NVIC_Enable
  22              		.syntax unified
  23              		.thumb
  24              		.thumb_func
  26              	TIM6_NVIC_Enable:
  27              	.LFB123:
  28              		.file 1 "Lib/bsp/src/bsp_tim3.c"
   1:Lib/bsp/src/bsp_tim3.c **** #include "bsp_tim3.h"
   2:Lib/bsp/src/bsp_tim3.c **** 
   3:Lib/bsp/src/bsp_tim3.c **** void TIM6_NVIC_Enable(void)
   4:Lib/bsp/src/bsp_tim3.c **** {
  29              		.loc 1 4 1 view -0
  30              		.cfi_startproc
  31              		@ args = 0, pretend = 0, frame = 8
  32              		@ frame_needed = 0, uses_anonymous_args = 0
  33 0000 00B5     		push	{lr}
  34              		.cfi_def_cfa_offset 4
  35              		.cfi_offset 14, -4
  36 0002 83B0     		sub	sp, sp, #12
  37              		.cfi_def_cfa_offset 16
   5:Lib/bsp/src/bsp_tim3.c ****     NVIC_InitTypeDef NVIC_InitStructure;
  38              		.loc 1 5 5 view .LVU1
   6:Lib/bsp/src/bsp_tim3.c ****     // 设置中断组为0
   7:Lib/bsp/src/bsp_tim3.c ****     NVIC_PriorityGroupConfig(NVIC_PriorityGroup_0);
  39              		.loc 1 7 5 view .LVU2
  40 0004 4FF4E060 		mov	r0, #1792
  41 0008 FFF7FEFF 		bl	NVIC_PriorityGroupConfig
  42              	.LVL0:
   8:Lib/bsp/src/bsp_tim3.c ****     // 设置中断来源
   9:Lib/bsp/src/bsp_tim3.c ****     NVIC_InitStructure.NVIC_IRQChannel = BASIC_TIM_IRQn;
  43              		.loc 1 9 5 view .LVU3
  44              		.loc 1 9 40 is_stmt 0 view .LVU4
  45 000c 3623     		movs	r3, #54
  46 000e 8DF80430 		strb	r3, [sp, #4]
  10:Lib/bsp/src/bsp_tim3.c ****     // 设置抢占优先级
  11:Lib/bsp/src/bsp_tim3.c ****     NVIC_InitStructure.NVIC_IRQChannelPreemptionPriority = 0x0F;
  47              		.loc 1 11 5 is_stmt 1 view .LVU5
ARM GAS  /tmp/cc2EEPCH.s 			page 2


  48              		.loc 1 11 58 is_stmt 0 view .LVU6
  49 0012 0F23     		movs	r3, #15
  50 0014 8DF80530 		strb	r3, [sp, #5]
  12:Lib/bsp/src/bsp_tim3.c ****     // 设置子优先级
  13:Lib/bsp/src/bsp_tim3.c ****     NVIC_InitStructure.NVIC_IRQChannelSubPriority = 0x0F;
  51              		.loc 1 13 5 is_stmt 1 view .LVU7
  52              		.loc 1 13 51 is_stmt 0 view .LVU8
  53 0018 8DF80630 		strb	r3, [sp, #6]
  14:Lib/bsp/src/bsp_tim3.c ****     NVIC_InitStructure.NVIC_IRQChannelCmd = ENABLE;
  54              		.loc 1 14 5 is_stmt 1 view .LVU9
  55              		.loc 1 14 43 is_stmt 0 view .LVU10
  56 001c 0123     		movs	r3, #1
  57 001e 8DF80730 		strb	r3, [sp, #7]
  15:Lib/bsp/src/bsp_tim3.c ****     NVIC_Init(&NVIC_InitStructure);
  58              		.loc 1 15 5 is_stmt 1 view .LVU11
  59 0022 01A8     		add	r0, sp, #4
  60 0024 FFF7FEFF 		bl	NVIC_Init
  61              	.LVL1:
  16:Lib/bsp/src/bsp_tim3.c **** }
  62              		.loc 1 16 1 is_stmt 0 view .LVU12
  63 0028 03B0     		add	sp, sp, #12
  64              		.cfi_def_cfa_offset 4
  65              		@ sp needed
  66 002a 5DF804FB 		ldr	pc, [sp], #4
  67              		.cfi_endproc
  68              	.LFE123:
  70              		.section	.text.TIM6_NVIC_Disable,"ax",%progbits
  71              		.align	1
  72              		.global	TIM6_NVIC_Disable
  73              		.syntax unified
  74              		.thumb
  75              		.thumb_func
  77              	TIM6_NVIC_Disable:
  78              	.LFB124:
  17:Lib/bsp/src/bsp_tim3.c **** 
  18:Lib/bsp/src/bsp_tim3.c **** void TIM6_NVIC_Disable(void)
  19:Lib/bsp/src/bsp_tim3.c **** {
  79              		.loc 1 19 1 is_stmt 1 view -0
  80              		.cfi_startproc
  81              		@ args = 0, pretend = 0, frame = 8
  82              		@ frame_needed = 0, uses_anonymous_args = 0
  83 0000 00B5     		push	{lr}
  84              		.cfi_def_cfa_offset 4
  85              		.cfi_offset 14, -4
  86 0002 83B0     		sub	sp, sp, #12
  87              		.cfi_def_cfa_offset 16
  20:Lib/bsp/src/bsp_tim3.c ****     NVIC_InitTypeDef NVIC_InitStructure;
  88              		.loc 1 20 5 view .LVU14
  21:Lib/bsp/src/bsp_tim3.c ****     // 设置中断组为0
  22:Lib/bsp/src/bsp_tim3.c ****     NVIC_PriorityGroupConfig(NVIC_PriorityGroup_0);
  89              		.loc 1 22 5 view .LVU15
  90 0004 4FF4E060 		mov	r0, #1792
  91 0008 FFF7FEFF 		bl	NVIC_PriorityGroupConfig
  92              	.LVL2:
  23:Lib/bsp/src/bsp_tim3.c ****     // 设置中断来源
  24:Lib/bsp/src/bsp_tim3.c ****     NVIC_InitStructure.NVIC_IRQChannel = BASIC_TIM_IRQn;
  93              		.loc 1 24 5 view .LVU16
ARM GAS  /tmp/cc2EEPCH.s 			page 3


  94              		.loc 1 24 40 is_stmt 0 view .LVU17
  95 000c 3623     		movs	r3, #54
  96 000e 8DF80430 		strb	r3, [sp, #4]
  25:Lib/bsp/src/bsp_tim3.c ****     // 设置抢占优先级
  26:Lib/bsp/src/bsp_tim3.c ****     NVIC_InitStructure.NVIC_IRQChannelPreemptionPriority = 0x0F;
  97              		.loc 1 26 5 is_stmt 1 view .LVU18
  98              		.loc 1 26 58 is_stmt 0 view .LVU19
  99 0012 0F23     		movs	r3, #15
 100 0014 8DF80530 		strb	r3, [sp, #5]
  27:Lib/bsp/src/bsp_tim3.c ****     // 设置子优先级
  28:Lib/bsp/src/bsp_tim3.c ****     NVIC_InitStructure.NVIC_IRQChannelSubPriority = 0x0F;
 101              		.loc 1 28 5 is_stmt 1 view .LVU20
 102              		.loc 1 28 51 is_stmt 0 view .LVU21
 103 0018 8DF80630 		strb	r3, [sp, #6]
  29:Lib/bsp/src/bsp_tim3.c ****     NVIC_InitStructure.NVIC_IRQChannelCmd = DISABLE;
 104              		.loc 1 29 5 is_stmt 1 view .LVU22
 105              		.loc 1 29 43 is_stmt 0 view .LVU23
 106 001c 0023     		movs	r3, #0
 107 001e 8DF80730 		strb	r3, [sp, #7]
  30:Lib/bsp/src/bsp_tim3.c ****     NVIC_Init(&NVIC_InitStructure);
 108              		.loc 1 30 5 is_stmt 1 view .LVU24
 109 0022 01A8     		add	r0, sp, #4
 110 0024 FFF7FEFF 		bl	NVIC_Init
 111              	.LVL3:
  31:Lib/bsp/src/bsp_tim3.c **** }
 112              		.loc 1 31 1 is_stmt 0 view .LVU25
 113 0028 03B0     		add	sp, sp, #12
 114              		.cfi_def_cfa_offset 4
 115              		@ sp needed
 116 002a 5DF804FB 		ldr	pc, [sp], #4
 117              		.cfi_endproc
 118              	.LFE124:
 120              		.section	.text.TIM6_Mode_Config,"ax",%progbits
 121              		.align	1
 122              		.global	TIM6_Mode_Config
 123              		.syntax unified
 124              		.thumb
 125              		.thumb_func
 127              	TIM6_Mode_Config:
 128              	.LFB125:
  32:Lib/bsp/src/bsp_tim3.c **** 
  33:Lib/bsp/src/bsp_tim3.c **** void TIM6_Mode_Config(void)
  34:Lib/bsp/src/bsp_tim3.c **** {
 129              		.loc 1 34 1 is_stmt 1 view -0
 130              		.cfi_startproc
 131              		@ args = 0, pretend = 0, frame = 16
 132              		@ frame_needed = 0, uses_anonymous_args = 0
 133 0000 10B5     		push	{r4, lr}
 134              		.cfi_def_cfa_offset 8
 135              		.cfi_offset 4, -8
 136              		.cfi_offset 14, -4
 137 0002 84B0     		sub	sp, sp, #16
 138              		.cfi_def_cfa_offset 24
  35:Lib/bsp/src/bsp_tim3.c ****     TIM_TimeBaseInitTypeDef TIM_TimeBaseStructure;
 139              		.loc 1 35 5 view .LVU27
  36:Lib/bsp/src/bsp_tim3.c **** 
  37:Lib/bsp/src/bsp_tim3.c ****     // 开启TIMx_CLK,x[6,7]
ARM GAS  /tmp/cc2EEPCH.s 			page 4


  38:Lib/bsp/src/bsp_tim3.c ****     RCC_APB1PeriphClockCmd(BASIC_TIM_CLK, ENABLE);
 140              		.loc 1 38 5 view .LVU28
 141 0004 0121     		movs	r1, #1
 142 0006 1020     		movs	r0, #16
 143 0008 FFF7FEFF 		bl	RCC_APB1PeriphClockCmd
 144              	.LVL4:
  39:Lib/bsp/src/bsp_tim3.c **** 
  40:Lib/bsp/src/bsp_tim3.c ****     /* 累计 TIM_Period个后产生一个更新或者中断*/
  41:Lib/bsp/src/bsp_tim3.c ****     // 当定时器从0计数到4999，即为5000次，为一个定时周期
  42:Lib/bsp/src/bsp_tim3.c ****     TIM_TimeBaseStructure.TIM_Period = 100 - 1;
 145              		.loc 1 42 5 view .LVU29
 146              		.loc 1 42 38 is_stmt 0 view .LVU30
 147 000c 6323     		movs	r3, #99
 148 000e 0293     		str	r3, [sp, #8]
  43:Lib/bsp/src/bsp_tim3.c **** 
  44:Lib/bsp/src/bsp_tim3.c ****     // 定时器时钟源TIMxCLK = 2 * PCLK1
  45:Lib/bsp/src/bsp_tim3.c ****     //         PCLK1 = HCLK / 4
  46:Lib/bsp/src/bsp_tim3.c ****     //         => TIMxCLK=HCLK/2=SystemCoreClock/2=84MHz
  47:Lib/bsp/src/bsp_tim3.c ****     //  设定定时器频率为=TIMxCLK/(TIM_Prescaler+1)=1000Hz
  48:Lib/bsp/src/bsp_tim3.c ****     TIM_TimeBaseStructure.TIM_Prescaler = 84000 - 1;
 149              		.loc 1 48 5 is_stmt 1 view .LVU31
 150              		.loc 1 48 41 is_stmt 0 view .LVU32
 151 0010 44F61F03 		movw	r3, #18463
 152 0014 ADF80430 		strh	r3, [sp, #4]	@ movhi
  49:Lib/bsp/src/bsp_tim3.c **** 
  50:Lib/bsp/src/bsp_tim3.c ****     // 初始化定时器TIMx, x[2,3,4,5]
  51:Lib/bsp/src/bsp_tim3.c ****     TIM_TimeBaseInit(BASIC_TIM, &TIM_TimeBaseStructure);
 153              		.loc 1 51 5 is_stmt 1 view .LVU33
 154 0018 094C     		ldr	r4, .L7
 155 001a 01A9     		add	r1, sp, #4
 156 001c 2046     		mov	r0, r4
 157 001e FFF7FEFF 		bl	TIM_TimeBaseInit
 158              	.LVL5:
  52:Lib/bsp/src/bsp_tim3.c **** 
  53:Lib/bsp/src/bsp_tim3.c ****     // 清除定时器更新中断标志位
  54:Lib/bsp/src/bsp_tim3.c ****     TIM_ClearFlag(BASIC_TIM, TIM_FLAG_Update);
 159              		.loc 1 54 5 view .LVU34
 160 0022 0121     		movs	r1, #1
 161 0024 2046     		mov	r0, r4
 162 0026 FFF7FEFF 		bl	TIM_ClearFlag
 163              	.LVL6:
  55:Lib/bsp/src/bsp_tim3.c **** 
  56:Lib/bsp/src/bsp_tim3.c ****     // 开启定时器更新中断
  57:Lib/bsp/src/bsp_tim3.c ****     TIM_ITConfig(BASIC_TIM, TIM_IT_Update, ENABLE);
 164              		.loc 1 57 5 view .LVU35
 165 002a 0122     		movs	r2, #1
 166 002c 1146     		mov	r1, r2
 167 002e 2046     		mov	r0, r4
 168 0030 FFF7FEFF 		bl	TIM_ITConfig
 169              	.LVL7:
  58:Lib/bsp/src/bsp_tim3.c **** 
  59:Lib/bsp/src/bsp_tim3.c ****     // 使能定时器
  60:Lib/bsp/src/bsp_tim3.c ****     TIM_Cmd(BASIC_TIM, ENABLE);
 170              		.loc 1 60 5 view .LVU36
 171 0034 0121     		movs	r1, #1
 172 0036 2046     		mov	r0, r4
 173 0038 FFF7FEFF 		bl	TIM_Cmd
ARM GAS  /tmp/cc2EEPCH.s 			page 5


 174              	.LVL8:
  61:Lib/bsp/src/bsp_tim3.c **** }
 175              		.loc 1 61 1 is_stmt 0 view .LVU37
 176 003c 04B0     		add	sp, sp, #16
 177              		.cfi_def_cfa_offset 8
 178              		@ sp needed
 179 003e 10BD     		pop	{r4, pc}
 180              	.L8:
 181              		.align	2
 182              	.L7:
 183 0040 00100040 		.word	1073745920
 184              		.cfi_endproc
 185              	.LFE125:
 187              		.text
 188              	.Letext0:
 189              		.file 2 "/usr/share/gcc-arm-none-eabi-10.3-2021.10/arm-none-eabi/include/machine/_default_types.h"
 190              		.file 3 "/usr/share/gcc-arm-none-eabi-10.3-2021.10/arm-none-eabi/include/sys/_stdint.h"
 191              		.file 4 "Drivers/CMSIS/Device/ST/STM32F4xx/Include/stm32f4xx.h"
 192              		.file 5 "Drivers/STM32F4xx_StdPeriph_Driver/inc/stm32f4xx_tim.h"
 193              		.file 6 "Drivers/STM32F4xx_StdPeriph_Driver/inc/misc.h"
 194              		.file 7 "Drivers/STM32F4xx_StdPeriph_Driver/inc/stm32f4xx_rcc.h"
ARM GAS  /tmp/cc2EEPCH.s 			page 6


DEFINED SYMBOLS
                            *ABS*:0000000000000000 bsp_tim3.c
     /tmp/cc2EEPCH.s:20     .text.TIM6_NVIC_Enable:0000000000000000 $t
     /tmp/cc2EEPCH.s:26     .text.TIM6_NVIC_Enable:0000000000000000 TIM6_NVIC_Enable
     /tmp/cc2EEPCH.s:71     .text.TIM6_NVIC_Disable:0000000000000000 $t
     /tmp/cc2EEPCH.s:77     .text.TIM6_NVIC_Disable:0000000000000000 TIM6_NVIC_Disable
     /tmp/cc2EEPCH.s:121    .text.TIM6_Mode_Config:0000000000000000 $t
     /tmp/cc2EEPCH.s:127    .text.TIM6_Mode_Config:0000000000000000 TIM6_Mode_Config
     /tmp/cc2EEPCH.s:183    .text.TIM6_Mode_Config:0000000000000040 $d

UNDEFINED SYMBOLS
NVIC_PriorityGroupConfig
NVIC_Init
RCC_APB1PeriphClockCmd
TIM_TimeBaseInit
TIM_ClearFlag
TIM_ITConfig
TIM_Cmd
