ARM GAS  /tmp/ccvxsGkw.s 			page 1


   1              		.cpu cortex-m4
   2              		.arch armv7e-m
   3              		.fpu fpv4-sp-d16
   4              		.eabi_attribute 27, 1
   5              		.eabi_attribute 28, 1
   6              		.eabi_attribute 20, 1
   7              		.eabi_attribute 21, 1
   8              		.eabi_attribute 23, 3
   9              		.eabi_attribute 24, 1
  10              		.eabi_attribute 25, 1
  11              		.eabi_attribute 26, 1
  12              		.eabi_attribute 30, 1
  13              		.eabi_attribute 34, 1
  14              		.eabi_attribute 18, 4
  15              		.file	"bsp_can.c"
  16              		.text
  17              	.Ltext0:
  18              		.cfi_sections	.debug_frame
  19              		.section	.text.CAN2_NVIC_Config,"ax",%progbits
  20              		.align	1
  21              		.syntax unified
  22              		.thumb
  23              		.thumb_func
  25              	CAN2_NVIC_Config:
  26              	.LFB132:
  27              		.file 1 "Lib/bsp/src/bsp_can.c"
   1:Lib/bsp/src/bsp_can.c **** #include "bsp_can.h"
   2:Lib/bsp/src/bsp_can.c **** 
   3:Lib/bsp/src/bsp_can.c **** __IO uint32_t flag;
   4:Lib/bsp/src/bsp_can.c **** 
   5:Lib/bsp/src/bsp_can.c **** CanTxMsg Can1_TxMessage; // å‘é€ç¼“å†²åŒº
   6:Lib/bsp/src/bsp_can.c **** CanRxMsg Can1_RxMessage; // æ¥æ”¶ç¼“å†²åŒº
   7:Lib/bsp/src/bsp_can.c **** 
   8:Lib/bsp/src/bsp_can.c **** uint8_t can1_rx_flag = 0;
   9:Lib/bsp/src/bsp_can.c **** 
  10:Lib/bsp/src/bsp_can.c **** uint8_t can1_recive_tag = 0;
  11:Lib/bsp/src/bsp_can.c **** uint8_t can2_recive_tag = 0;
  12:Lib/bsp/src/bsp_can.c **** 
  13:Lib/bsp/src/bsp_can.c **** static void CAN1_GPIO_Config(void)
  14:Lib/bsp/src/bsp_can.c **** {
  15:Lib/bsp/src/bsp_can.c **** 
  16:Lib/bsp/src/bsp_can.c ****     GPIO_InitTypeDef GPIO_InitStructure;
  17:Lib/bsp/src/bsp_can.c **** 
  18:Lib/bsp/src/bsp_can.c ****     /* ä½¿èƒ½GPIOæ—¶é’Ÿ*/
  19:Lib/bsp/src/bsp_can.c **** 
  20:Lib/bsp/src/bsp_can.c ****     RCC_APB1PeriphClockCmd(CAN1_CLK, ENABLE);
  21:Lib/bsp/src/bsp_can.c ****     RCC_AHB1PeriphClockCmd(CAN1_TX_GPIO_CLK | CAN1_RX_GPIO_CLK, ENABLE);
  22:Lib/bsp/src/bsp_can.c **** 
  23:Lib/bsp/src/bsp_can.c ****     /* å¼•è„šæº*/
  24:Lib/bsp/src/bsp_can.c ****     GPIO_PinAFConfig(CAN1_TX_GPIO_PORT, CAN1_RX_SOURCE, CAN1_AF_PORT);
  25:Lib/bsp/src/bsp_can.c ****     GPIO_PinAFConfig(CAN1_RX_GPIO_PORT, CAN1_TX_SOURCE, CAN1_AF_PORT);
  26:Lib/bsp/src/bsp_can.c ****     /* é…ç½® CAN TX å¼•è„š */
  27:Lib/bsp/src/bsp_can.c ****     GPIO_InitStructure.GPIO_Pin = CAN1_TX_PIN;
  28:Lib/bsp/src/bsp_can.c ****     GPIO_InitStructure.GPIO_Mode = GPIO_Mode_AF;
  29:Lib/bsp/src/bsp_can.c ****     GPIO_InitStructure.GPIO_Speed = GPIO_Speed_50MHz;
  30:Lib/bsp/src/bsp_can.c ****     GPIO_InitStructure.GPIO_OType = GPIO_OType_PP;
  31:Lib/bsp/src/bsp_can.c ****     GPIO_InitStructure.GPIO_PuPd = GPIO_PuPd_UP;
ARM GAS  /tmp/ccvxsGkw.s 			page 2


  32:Lib/bsp/src/bsp_can.c ****     GPIO_Init(CAN1_TX_GPIO_PORT, &GPIO_InitStructure);
  33:Lib/bsp/src/bsp_can.c ****     /* é…ç½® CAN RX å¼•è„š */
  34:Lib/bsp/src/bsp_can.c ****     GPIO_InitStructure.GPIO_Pin = CAN1_RX_PIN;
  35:Lib/bsp/src/bsp_can.c ****     GPIO_InitStructure.GPIO_Mode = GPIO_Mode_AF;
  36:Lib/bsp/src/bsp_can.c ****     GPIO_Init(CAN1_RX_GPIO_PORT, &GPIO_InitStructure);
  37:Lib/bsp/src/bsp_can.c **** }
  38:Lib/bsp/src/bsp_can.c **** 
  39:Lib/bsp/src/bsp_can.c **** static void CAN1_Mode_Config(void)
  40:Lib/bsp/src/bsp_can.c **** {
  41:Lib/bsp/src/bsp_can.c ****     CAN_InitTypeDef CAN_InitStructure;
  42:Lib/bsp/src/bsp_can.c ****     /************************CANé€šä¿¡å‚æ•°è®¾ç½®************************/
  43:Lib/bsp/src/bsp_can.c ****     /* Enable CAN clock */
  44:Lib/bsp/src/bsp_can.c ****     RCC_APB1PeriphClockCmd(CAN1_CLK, ENABLE);
  45:Lib/bsp/src/bsp_can.c **** 
  46:Lib/bsp/src/bsp_can.c ****     /*CANå¯„å­˜å™¨åˆå§‹åŒ–*/
  47:Lib/bsp/src/bsp_can.c ****     CAN_DeInit(CAN1);
  48:Lib/bsp/src/bsp_can.c ****     CAN_StructInit(&CAN_InitStructure);
  49:Lib/bsp/src/bsp_can.c **** 
  50:Lib/bsp/src/bsp_can.c ****     /*CANå•å…ƒåˆå§‹åŒ–*/
  51:Lib/bsp/src/bsp_can.c ****     CAN_InitStructure.CAN_TTCM = DISABLE;         // MCR-TTCM å…³é—­æ—¶é—´è§¦å‘é€šä¿¡æ¨¡å¼ä½¿èƒ½
  52:Lib/bsp/src/bsp_can.c ****     CAN_InitStructure.CAN_ABOM = DISABLE;         // MCR-ABOM ä½¿èƒ½è‡ªåŠ¨ç¦»çº¿ç®¡ç†
  53:Lib/bsp/src/bsp_can.c ****     CAN_InitStructure.CAN_AWUM = DISABLE;         // MCR-AWUM ä½¿ç”¨è‡ªåŠ¨å”¤é†’æ¨¡å¼
  54:Lib/bsp/src/bsp_can.c ****     CAN_InitStructure.CAN_NART = DISABLE;         // MCR-NART ç¦æ­¢æŠ¥æ–‡è‡ªåŠ¨é‡ä¼ 
  55:Lib/bsp/src/bsp_can.c ****     CAN_InitStructure.CAN_RFLM = DISABLE;         // MCR-RFLM æ¥æ”¶FIFO ä¸é”å®š
  56:Lib/bsp/src/bsp_can.c ****                                                   //  æº¢å‡ºæ—¶æ–°æŠ¥æ–‡ä¼šè¦†ç›–åŸæœ‰æŠ¥æ–‡
  57:Lib/bsp/src/bsp_can.c ****     CAN_InitStructure.CAN_TXFP = DISABLE;         // MCR-TXFP å‘é€FIFOä¼˜å…ˆçº§å–å†³äºæŠ¥æ–‡æ ‡
  58:Lib/bsp/src/bsp_can.c ****     CAN_InitStructure.CAN_Mode = CAN_Mode_Normal; // æ­£å¸¸å·¥ä½œæ¨¡å¼
  59:Lib/bsp/src/bsp_can.c ****     CAN_InitStructure.CAN_SJW = CAN_SJW_1tq;      // BTR-SJW é‡æ–°åŒæ­¥è·³è·ƒå®½åº¦ 2ä¸ªæ—¶é—´å•
  60:Lib/bsp/src/bsp_can.c **** 
  61:Lib/bsp/src/bsp_can.c ****     /* ss=1 bs1=5 bs2=3 ä½æ—¶é—´å®½åº¦ä¸º(1+5+3) æ³¢ç‰¹ç‡å³ä¸ºæ—¶é’Ÿå‘¨æœŸtq*(1+3+5) */
  62:Lib/bsp/src/bsp_can.c ****     CAN_InitStructure.CAN_BS1 = CAN_BS1_3tq; // BTR-TS1 æ—¶é—´æ®µ1 å ç”¨äº†5ä¸ªæ—¶é—´å•å…ƒ
  63:Lib/bsp/src/bsp_can.c ****     CAN_InitStructure.CAN_BS2 = CAN_BS2_3tq; // BTR-TS1 æ—¶é—´æ®µ2 å ç”¨äº†3ä¸ªæ—¶é—´å•å…ƒ
  64:Lib/bsp/src/bsp_can.c **** 
  65:Lib/bsp/src/bsp_can.c ****     /* CAN Baudrate = 1 MBps (1MBpså·²ä¸ºstm32çš„CANæœ€é«˜é€Ÿç‡) (CAN æ—¶é’Ÿé¢‘ç‡ä¸º APB 1 = 45 M
  66:Lib/bsp/src/bsp_can.c ****     ////BTR-BRP æ³¢ç‰¹ç‡åˆ†é¢‘å™¨å®šä¹‰äº†æ—¶é—´å•å…ƒçš„æ—¶é—´é•¿åº¦ 45/(1+5+3)/5=1 Mbps
  67:Lib/bsp/src/bsp_can.c ****     CAN_InitStructure.CAN_Prescaler = 6;
  68:Lib/bsp/src/bsp_can.c ****     CAN_Init(CAN1, &CAN_InitStructure);
  69:Lib/bsp/src/bsp_can.c **** }
  70:Lib/bsp/src/bsp_can.c **** 
  71:Lib/bsp/src/bsp_can.c **** static void CAN1_Filter_Config(void)
  72:Lib/bsp/src/bsp_can.c **** {
  73:Lib/bsp/src/bsp_can.c ****     CAN_FilterInitTypeDef CAN_FilterInitStructure;
  74:Lib/bsp/src/bsp_can.c **** 
  75:Lib/bsp/src/bsp_can.c ****     /*CANç­›é€‰å™¨åˆå§‹åŒ–*/
  76:Lib/bsp/src/bsp_can.c ****     CAN_FilterInitStructure.CAN_FilterNumber = 0; // ç­›é€‰å™¨ç»„0
  77:Lib/bsp/src/bsp_can.c ****     // å·¥ä½œåœ¨æ©ç æ¨¡å¼
  78:Lib/bsp/src/bsp_can.c ****     CAN_FilterInitStructure.CAN_FilterMode = CAN_FilterMode_IdMask;
  79:Lib/bsp/src/bsp_can.c ****     // ç­›é€‰å™¨ä½å®½ä¸ºå•ä¸ª32ä½ã€‚
  80:Lib/bsp/src/bsp_can.c ****     CAN_FilterInitStructure.CAN_FilterScale = CAN_FilterScale_32bit;
  81:Lib/bsp/src/bsp_can.c **** 
  82:Lib/bsp/src/bsp_can.c ****     /* ä½¿èƒ½ç­›é€‰å™¨ï¼ŒæŒ‰ç…§æ ‡å¿—ç¬¦çš„å†…å®¹è¿›è¡Œæ¯”å¯¹ç­›é€‰ï¼Œ
  83:Lib/bsp/src/bsp_can.c ****     æ‰©å±•IDä¸æ˜¯å¦‚ä¸‹çš„å°±æŠ›å¼ƒæ‰ï¼Œæ˜¯çš„è¯ï¼Œä¼šå­˜å…¥FIFO0ã€‚ */
  84:Lib/bsp/src/bsp_can.c ****     // è¦ç­›é€‰çš„IDé«˜ä½ï¼Œç¬¬0ä½ä¿ç•™ï¼Œç¬¬1ä½ä¸ºRTRæ ‡å¿—ï¼Œç¬¬2ä½ä¸ºIDEæ ‡å¿—ï¼Œä»ç¬¬3ä½
  85:Lib/bsp/src/bsp_can.c ****     CAN_FilterInitStructure.CAN_FilterIdHigh = 0;
  86:Lib/bsp/src/bsp_can.c **** 
  87:Lib/bsp/src/bsp_can.c ****     // è¦ç­›é€‰çš„IDä½ä½
  88:Lib/bsp/src/bsp_can.c ****     CAN_FilterInitStructure.CAN_FilterIdLow = 0;
ARM GAS  /tmp/ccvxsGkw.s 			page 3


  89:Lib/bsp/src/bsp_can.c ****     // ç­›é€‰å™¨é«˜16ä½æ¯ä½å¿…é¡»åŒ¹é…
  90:Lib/bsp/src/bsp_can.c ****     CAN_FilterInitStructure.CAN_FilterMaskIdHigh = 0;
  91:Lib/bsp/src/bsp_can.c ****     // ç­›é€‰å™¨ä½16ä½æ¯ä½å¿…é¡»åŒ¹é…
  92:Lib/bsp/src/bsp_can.c ****     CAN_FilterInitStructure.CAN_FilterMaskIdLow = 0;
  93:Lib/bsp/src/bsp_can.c ****     // ç­›é€‰å™¨è¢«å…³è”åˆ°FIFO0
  94:Lib/bsp/src/bsp_can.c ****     CAN_FilterInitStructure.CAN_FilterFIFOAssignment = CAN_Filter_FIFO0;
  95:Lib/bsp/src/bsp_can.c ****     // ä½¿èƒ½ç­›é€‰å™¨
  96:Lib/bsp/src/bsp_can.c ****     CAN_FilterInitStructure.CAN_FilterActivation = ENABLE;
  97:Lib/bsp/src/bsp_can.c ****     CAN_FilterInit(&CAN_FilterInitStructure);
  98:Lib/bsp/src/bsp_can.c ****     /*CANé€šä¿¡ä¸­æ–­ä½¿èƒ½*/
  99:Lib/bsp/src/bsp_can.c ****     CAN_ITConfig(CAN1, CAN_IT_FMP0, ENABLE);
 100:Lib/bsp/src/bsp_can.c **** }
 101:Lib/bsp/src/bsp_can.c **** 
 102:Lib/bsp/src/bsp_can.c **** void CAN1_NVIC_Config_Enable(void)
 103:Lib/bsp/src/bsp_can.c **** {
 104:Lib/bsp/src/bsp_can.c ****     NVIC_InitTypeDef NVIC_InitStructure;
 105:Lib/bsp/src/bsp_can.c ****     /* Configure one bit for preemption priority */
 106:Lib/bsp/src/bsp_can.c ****     NVIC_PriorityGroupConfig(NVIC_PriorityGroup_1);
 107:Lib/bsp/src/bsp_can.c ****     /*ä¸­æ–­è®¾ç½®*/
 108:Lib/bsp/src/bsp_can.c **** 
 109:Lib/bsp/src/bsp_can.c ****     NVIC_InitStructure.NVIC_IRQChannel = CAN1_RX_IRQ; // CAN RXä¸­æ–­
 110:Lib/bsp/src/bsp_can.c ****     NVIC_InitStructure.NVIC_IRQChannelPreemptionPriority = 0;
 111:Lib/bsp/src/bsp_can.c ****     NVIC_InitStructure.NVIC_IRQChannelSubPriority = 1;
 112:Lib/bsp/src/bsp_can.c ****     NVIC_InitStructure.NVIC_IRQChannelCmd = ENABLE;
 113:Lib/bsp/src/bsp_can.c ****     NVIC_Init(&NVIC_InitStructure);
 114:Lib/bsp/src/bsp_can.c **** }
 115:Lib/bsp/src/bsp_can.c **** 
 116:Lib/bsp/src/bsp_can.c **** void CAN1_NVIC_Config_Disable(void)
 117:Lib/bsp/src/bsp_can.c **** {
 118:Lib/bsp/src/bsp_can.c ****     NVIC_InitTypeDef NVIC_InitStructure;
 119:Lib/bsp/src/bsp_can.c ****     /* Configure one bit for preemption priority */
 120:Lib/bsp/src/bsp_can.c ****     NVIC_PriorityGroupConfig(NVIC_PriorityGroup_1);
 121:Lib/bsp/src/bsp_can.c ****     /*ä¸­æ–­è®¾ç½®*/
 122:Lib/bsp/src/bsp_can.c **** 
 123:Lib/bsp/src/bsp_can.c ****     NVIC_InitStructure.NVIC_IRQChannel = CAN1_RX_IRQ; // CAN RXä¸­æ–­
 124:Lib/bsp/src/bsp_can.c ****     NVIC_InitStructure.NVIC_IRQChannelPreemptionPriority = 0;
 125:Lib/bsp/src/bsp_can.c ****     NVIC_InitStructure.NVIC_IRQChannelSubPriority = 1;
 126:Lib/bsp/src/bsp_can.c ****     NVIC_InitStructure.NVIC_IRQChannelCmd = ENABLE;
 127:Lib/bsp/src/bsp_can.c ****     NVIC_Init(&NVIC_InitStructure);
 128:Lib/bsp/src/bsp_can.c **** }
 129:Lib/bsp/src/bsp_can.c **** 
 130:Lib/bsp/src/bsp_can.c **** void CAN1_Config(void)
 131:Lib/bsp/src/bsp_can.c **** {
 132:Lib/bsp/src/bsp_can.c ****     CAN1_GPIO_Config();
 133:Lib/bsp/src/bsp_can.c ****     CAN1_Mode_Config();
 134:Lib/bsp/src/bsp_can.c **** 
 135:Lib/bsp/src/bsp_can.c ****     CAN1_NVIC_Config_Enable();
 136:Lib/bsp/src/bsp_can.c ****     CAN1_Filter_Config();
 137:Lib/bsp/src/bsp_can.c **** }
 138:Lib/bsp/src/bsp_can.c **** 
 139:Lib/bsp/src/bsp_can.c **** // CAN2 ============================================
 140:Lib/bsp/src/bsp_can.c **** 
 141:Lib/bsp/src/bsp_can.c **** CanTxMsg Can2_TxMessage; // å‘é€ç¼“å†²åŒº
 142:Lib/bsp/src/bsp_can.c **** CanRxMsg Can2_RxMessage; // æ¥æ”¶ç¼“å†²åŒº
 143:Lib/bsp/src/bsp_can.c **** 
 144:Lib/bsp/src/bsp_can.c **** static void CAN2_GPIO_Config(void)
 145:Lib/bsp/src/bsp_can.c **** {
ARM GAS  /tmp/ccvxsGkw.s 			page 4


 146:Lib/bsp/src/bsp_can.c **** 
 147:Lib/bsp/src/bsp_can.c ****     GPIO_InitTypeDef GPIO_InitStructure;
 148:Lib/bsp/src/bsp_can.c **** 
 149:Lib/bsp/src/bsp_can.c ****     /* ä½¿èƒ½GPIOæ—¶é’Ÿ*/
 150:Lib/bsp/src/bsp_can.c **** 
 151:Lib/bsp/src/bsp_can.c ****     RCC_APB1PeriphClockCmd(CAN2_CLK, ENABLE);
 152:Lib/bsp/src/bsp_can.c ****     RCC_AHB1PeriphClockCmd(CAN2_TX_GPIO_CLK | CAN2_RX_GPIO_CLK, ENABLE);
 153:Lib/bsp/src/bsp_can.c **** 
 154:Lib/bsp/src/bsp_can.c ****     /* å¼•è„šæº*/
 155:Lib/bsp/src/bsp_can.c ****     GPIO_PinAFConfig(CAN2_TX_GPIO_PORT, CAN2_RX_SOURCE, CAN2_AF_PORT);
 156:Lib/bsp/src/bsp_can.c ****     GPIO_PinAFConfig(CAN2_RX_GPIO_PORT, CAN2_TX_SOURCE, CAN2_AF_PORT);
 157:Lib/bsp/src/bsp_can.c ****     /* é…ç½® CAN TX å¼•è„š */
 158:Lib/bsp/src/bsp_can.c ****     GPIO_InitStructure.GPIO_Pin = CAN2_TX_PIN;
 159:Lib/bsp/src/bsp_can.c ****     GPIO_InitStructure.GPIO_Mode = GPIO_Mode_AF;
 160:Lib/bsp/src/bsp_can.c ****     GPIO_InitStructure.GPIO_Speed = GPIO_Speed_50MHz;
 161:Lib/bsp/src/bsp_can.c ****     GPIO_InitStructure.GPIO_OType = GPIO_OType_PP;
 162:Lib/bsp/src/bsp_can.c ****     GPIO_InitStructure.GPIO_PuPd = GPIO_PuPd_UP;
 163:Lib/bsp/src/bsp_can.c ****     GPIO_Init(CAN2_TX_GPIO_PORT, &GPIO_InitStructure);
 164:Lib/bsp/src/bsp_can.c ****     /* é…ç½® CAN RX å¼•è„š */
 165:Lib/bsp/src/bsp_can.c ****     GPIO_InitStructure.GPIO_Pin = CAN2_RX_PIN;
 166:Lib/bsp/src/bsp_can.c ****     GPIO_InitStructure.GPIO_Mode = GPIO_Mode_AF;
 167:Lib/bsp/src/bsp_can.c ****     GPIO_Init(CAN2_RX_GPIO_PORT, &GPIO_InitStructure);
 168:Lib/bsp/src/bsp_can.c **** }
 169:Lib/bsp/src/bsp_can.c **** 
 170:Lib/bsp/src/bsp_can.c **** static void CAN2_Mode_Config(void)
 171:Lib/bsp/src/bsp_can.c **** {
 172:Lib/bsp/src/bsp_can.c ****     CAN_InitTypeDef CAN_InitStructure;
 173:Lib/bsp/src/bsp_can.c ****     /************************CANé€šä¿¡å‚æ•°è®¾ç½®************************/
 174:Lib/bsp/src/bsp_can.c ****     /* Enable CAN clock */
 175:Lib/bsp/src/bsp_can.c **** 
 176:Lib/bsp/src/bsp_can.c ****     RCC_APB1PeriphClockCmd(CAN1_CLK, ENABLE); // å†å¼€å¯CAN2æ—¶é’Ÿ
 177:Lib/bsp/src/bsp_can.c ****     RCC_APB1PeriphClockCmd(CAN2_CLK, ENABLE);
 178:Lib/bsp/src/bsp_can.c **** 
 179:Lib/bsp/src/bsp_can.c ****     /*CANå¯„å­˜å™¨åˆå§‹åŒ–*/
 180:Lib/bsp/src/bsp_can.c ****     CAN_DeInit(CAN2);
 181:Lib/bsp/src/bsp_can.c ****     CAN_StructInit(&CAN_InitStructure);
 182:Lib/bsp/src/bsp_can.c **** 
 183:Lib/bsp/src/bsp_can.c ****     /*CANå•å…ƒåˆå§‹åŒ–*/
 184:Lib/bsp/src/bsp_can.c ****     CAN_InitStructure.CAN_TTCM = DISABLE;         // MCR-TTCM å…³é—­æ—¶é—´è§¦å‘é€šä¿¡æ¨¡å¼ä½¿èƒ½
 185:Lib/bsp/src/bsp_can.c ****     CAN_InitStructure.CAN_ABOM = DISABLE;         // MCR-ABOM ä½¿èƒ½è‡ªåŠ¨ç¦»çº¿ç®¡ç†
 186:Lib/bsp/src/bsp_can.c ****     CAN_InitStructure.CAN_AWUM = DISABLE;         // MCR-AWUM ä½¿ç”¨è‡ªåŠ¨å”¤é†’æ¨¡å¼
 187:Lib/bsp/src/bsp_can.c ****     CAN_InitStructure.CAN_NART = DISABLE;         // MCR-NART ç¦æ­¢æŠ¥æ–‡è‡ªåŠ¨é‡ä¼ 
 188:Lib/bsp/src/bsp_can.c ****     CAN_InitStructure.CAN_RFLM = DISABLE;         // MCR-RFLM æ¥æ”¶FIFO ä¸é”å®š
 189:Lib/bsp/src/bsp_can.c ****                                                   //  æº¢å‡ºæ—¶æ–°æŠ¥æ–‡ä¼šè¦†ç›–åŸæœ‰æŠ¥æ–‡
 190:Lib/bsp/src/bsp_can.c ****     CAN_InitStructure.CAN_TXFP = DISABLE;         // MCR-TXFP å‘é€FIFOä¼˜å…ˆçº§å–å†³äºæŠ¥æ–‡æ ‡
 191:Lib/bsp/src/bsp_can.c ****     CAN_InitStructure.CAN_Mode = CAN_Mode_Normal; // æ­£å¸¸å·¥ä½œæ¨¡å¼
 192:Lib/bsp/src/bsp_can.c ****     CAN_InitStructure.CAN_SJW = CAN_SJW_1tq;      // BTR-SJW é‡æ–°åŒæ­¥è·³è·ƒå®½åº¦ 2ä¸ªæ—¶é—´å•
 193:Lib/bsp/src/bsp_can.c **** 
 194:Lib/bsp/src/bsp_can.c ****     /* ss=1 bs1=5 bs2=3 ä½æ—¶é—´å®½åº¦ä¸º(1+5+3) æ³¢ç‰¹ç‡å³ä¸ºæ—¶é’Ÿå‘¨æœŸtq*(1+3+5) */
 195:Lib/bsp/src/bsp_can.c ****     CAN_InitStructure.CAN_BS1 = CAN_BS1_3tq; // BTR-TS1 æ—¶é—´æ®µ1 å ç”¨äº†5ä¸ªæ—¶é—´å•å…ƒ
 196:Lib/bsp/src/bsp_can.c ****     CAN_InitStructure.CAN_BS2 = CAN_BS2_3tq; // BTR-TS1 æ—¶é—´æ®µ2 å ç”¨äº†3ä¸ªæ—¶é—´å•å…ƒ
 197:Lib/bsp/src/bsp_can.c **** 
 198:Lib/bsp/src/bsp_can.c ****     /* CAN Baudrate = 1 MBps (1MBpså·²ä¸ºstm32çš„CANæœ€é«˜é€Ÿç‡) (CAN æ—¶é’Ÿé¢‘ç‡ä¸º APB 1 = 45 M
 199:Lib/bsp/src/bsp_can.c ****     ////BTR-BRP æ³¢ç‰¹ç‡åˆ†é¢‘å™¨å®šä¹‰äº†æ—¶é—´å•å…ƒçš„æ—¶é—´é•¿åº¦ 45/(1+5+3)/5=1 Mbps
 200:Lib/bsp/src/bsp_can.c ****     CAN_InitStructure.CAN_Prescaler = 6;
 201:Lib/bsp/src/bsp_can.c ****     CAN_Init(CAN2, &CAN_InitStructure);
 202:Lib/bsp/src/bsp_can.c **** }
ARM GAS  /tmp/ccvxsGkw.s 			page 5


 203:Lib/bsp/src/bsp_can.c **** 
 204:Lib/bsp/src/bsp_can.c **** static void CAN2_Filter_Config(void)
 205:Lib/bsp/src/bsp_can.c **** {
 206:Lib/bsp/src/bsp_can.c ****     CAN_FilterInitTypeDef CAN_FilterInitStructure;
 207:Lib/bsp/src/bsp_can.c **** 
 208:Lib/bsp/src/bsp_can.c ****     /*CANç­›é€‰å™¨åˆå§‹åŒ–*/
 209:Lib/bsp/src/bsp_can.c ****     CAN_FilterInitStructure.CAN_FilterNumber = 15; // ç­›é€‰å™¨ç»„0
 210:Lib/bsp/src/bsp_can.c ****     // å·¥ä½œåœ¨æ©ç æ¨¡å¼
 211:Lib/bsp/src/bsp_can.c ****     CAN_FilterInitStructure.CAN_FilterMode = CAN_FilterMode_IdMask;
 212:Lib/bsp/src/bsp_can.c ****     // ç­›é€‰å™¨ä½å®½ä¸ºå•ä¸ª32ä½ã€‚
 213:Lib/bsp/src/bsp_can.c ****     CAN_FilterInitStructure.CAN_FilterScale = CAN_FilterScale_32bit;
 214:Lib/bsp/src/bsp_can.c **** 
 215:Lib/bsp/src/bsp_can.c ****     /* ä½¿èƒ½ç­›é€‰å™¨ï¼ŒæŒ‰ç…§æ ‡å¿—ç¬¦çš„å†…å®¹è¿›è¡Œæ¯”å¯¹ç­›é€‰ï¼Œ
 216:Lib/bsp/src/bsp_can.c ****     æ‰©å±•IDä¸æ˜¯å¦‚ä¸‹çš„å°±æŠ›å¼ƒæ‰ï¼Œæ˜¯çš„è¯ï¼Œä¼šå­˜å…¥FIFO0ã€‚ */
 217:Lib/bsp/src/bsp_can.c ****     // è¦ç­›é€‰çš„IDé«˜ä½ï¼Œç¬¬0ä½ä¿ç•™ï¼Œç¬¬1ä½ä¸ºRTRæ ‡å¿—ï¼Œç¬¬2ä½ä¸ºIDEæ ‡å¿—ï¼Œä»ç¬¬3ä½
 218:Lib/bsp/src/bsp_can.c ****     CAN_FilterInitStructure.CAN_FilterIdHigh = 0;
 219:Lib/bsp/src/bsp_can.c **** 
 220:Lib/bsp/src/bsp_can.c ****     // è¦ç­›é€‰çš„IDä½ä½
 221:Lib/bsp/src/bsp_can.c ****     CAN_FilterInitStructure.CAN_FilterIdLow = 0;
 222:Lib/bsp/src/bsp_can.c ****     // ç­›é€‰å™¨é«˜16ä½æ¯ä½å¿…é¡»åŒ¹é…
 223:Lib/bsp/src/bsp_can.c ****     CAN_FilterInitStructure.CAN_FilterMaskIdHigh = 0;
 224:Lib/bsp/src/bsp_can.c ****     // ç­›é€‰å™¨ä½16ä½æ¯ä½å¿…é¡»åŒ¹é…
 225:Lib/bsp/src/bsp_can.c ****     CAN_FilterInitStructure.CAN_FilterMaskIdLow = 0;
 226:Lib/bsp/src/bsp_can.c ****     // ç­›é€‰å™¨è¢«å…³è”åˆ°FIFO0
 227:Lib/bsp/src/bsp_can.c ****     CAN_FilterInitStructure.CAN_FilterFIFOAssignment = CAN_Filter_FIFO1;
 228:Lib/bsp/src/bsp_can.c ****     // ä½¿èƒ½ç­›é€‰å™¨
 229:Lib/bsp/src/bsp_can.c ****     CAN_FilterInitStructure.CAN_FilterActivation = ENABLE;
 230:Lib/bsp/src/bsp_can.c ****     CAN_FilterInit(&CAN_FilterInitStructure);
 231:Lib/bsp/src/bsp_can.c ****     /*CANé€šä¿¡ä¸­æ–­ä½¿èƒ½*/
 232:Lib/bsp/src/bsp_can.c ****     CAN_ITConfig(CAN2, CAN_IT_FMP1, ENABLE);
 233:Lib/bsp/src/bsp_can.c **** }
 234:Lib/bsp/src/bsp_can.c **** 
 235:Lib/bsp/src/bsp_can.c **** static void CAN2_NVIC_Config(void)
 236:Lib/bsp/src/bsp_can.c **** {
  28              		.loc 1 236 1 view -0
  29              		.cfi_startproc
  30              		@ args = 0, pretend = 0, frame = 8
  31              		@ frame_needed = 0, uses_anonymous_args = 0
  32 0000 00B5     		push	{lr}
  33              		.cfi_def_cfa_offset 4
  34              		.cfi_offset 14, -4
  35 0002 83B0     		sub	sp, sp, #12
  36              		.cfi_def_cfa_offset 16
 237:Lib/bsp/src/bsp_can.c ****     NVIC_InitTypeDef NVIC_InitStructure;
  37              		.loc 1 237 5 view .LVU1
 238:Lib/bsp/src/bsp_can.c ****     /* Configure one bit for preemption priority */
 239:Lib/bsp/src/bsp_can.c ****     NVIC_PriorityGroupConfig(NVIC_PriorityGroup_1);
  38              		.loc 1 239 5 view .LVU2
  39 0004 4FF4C060 		mov	r0, #1536
  40 0008 FFF7FEFF 		bl	NVIC_PriorityGroupConfig
  41              	.LVL0:
 240:Lib/bsp/src/bsp_can.c ****     /*ä¸­æ–­è®¾ç½®*/
 241:Lib/bsp/src/bsp_can.c **** 
 242:Lib/bsp/src/bsp_can.c ****     NVIC_InitStructure.NVIC_IRQChannel = CAN2_RX_IRQ; // CAN RXä¸­æ–­
  42              		.loc 1 242 5 view .LVU3
  43              		.loc 1 242 40 is_stmt 0 view .LVU4
  44 000c 4023     		movs	r3, #64
ARM GAS  /tmp/ccvxsGkw.s 			page 6


  45 000e 8DF80430 		strb	r3, [sp, #4]
 243:Lib/bsp/src/bsp_can.c ****     NVIC_InitStructure.NVIC_IRQChannelPreemptionPriority = 0;
  46              		.loc 1 243 5 is_stmt 1 view .LVU5
  47              		.loc 1 243 58 is_stmt 0 view .LVU6
  48 0012 0023     		movs	r3, #0
  49 0014 8DF80530 		strb	r3, [sp, #5]
 244:Lib/bsp/src/bsp_can.c ****     NVIC_InitStructure.NVIC_IRQChannelSubPriority = 1;
  50              		.loc 1 244 5 is_stmt 1 view .LVU7
  51              		.loc 1 244 51 is_stmt 0 view .LVU8
  52 0018 0123     		movs	r3, #1
  53 001a 8DF80630 		strb	r3, [sp, #6]
 245:Lib/bsp/src/bsp_can.c ****     NVIC_InitStructure.NVIC_IRQChannelCmd = ENABLE;
  54              		.loc 1 245 5 is_stmt 1 view .LVU9
  55              		.loc 1 245 43 is_stmt 0 view .LVU10
  56 001e 8DF80730 		strb	r3, [sp, #7]
 246:Lib/bsp/src/bsp_can.c ****     NVIC_Init(&NVIC_InitStructure);
  57              		.loc 1 246 5 is_stmt 1 view .LVU11
  58 0022 01A8     		add	r0, sp, #4
  59 0024 FFF7FEFF 		bl	NVIC_Init
  60              	.LVL1:
 247:Lib/bsp/src/bsp_can.c **** }
  61              		.loc 1 247 1 is_stmt 0 view .LVU12
  62 0028 03B0     		add	sp, sp, #12
  63              		.cfi_def_cfa_offset 4
  64              		@ sp needed
  65 002a 5DF804FB 		ldr	pc, [sp], #4
  66              		.cfi_endproc
  67              	.LFE132:
  69              		.section	.text.CAN1_GPIO_Config,"ax",%progbits
  70              		.align	1
  71              		.syntax unified
  72              		.thumb
  73              		.thumb_func
  75              	CAN1_GPIO_Config:
  76              	.LFB123:
  14:Lib/bsp/src/bsp_can.c **** 
  77              		.loc 1 14 1 is_stmt 1 view -0
  78              		.cfi_startproc
  79              		@ args = 0, pretend = 0, frame = 8
  80              		@ frame_needed = 0, uses_anonymous_args = 0
  81 0000 30B5     		push	{r4, r5, lr}
  82              		.cfi_def_cfa_offset 12
  83              		.cfi_offset 4, -12
  84              		.cfi_offset 5, -8
  85              		.cfi_offset 14, -4
  86 0002 83B0     		sub	sp, sp, #12
  87              		.cfi_def_cfa_offset 24
  16:Lib/bsp/src/bsp_can.c **** 
  88              		.loc 1 16 5 view .LVU14
  20:Lib/bsp/src/bsp_can.c ****     RCC_AHB1PeriphClockCmd(CAN1_TX_GPIO_CLK | CAN1_RX_GPIO_CLK, ENABLE);
  89              		.loc 1 20 5 view .LVU15
  90 0004 0121     		movs	r1, #1
  91 0006 4FF00070 		mov	r0, #33554432
  92 000a FFF7FEFF 		bl	RCC_APB1PeriphClockCmd
  93              	.LVL2:
  21:Lib/bsp/src/bsp_can.c **** 
  94              		.loc 1 21 5 view .LVU16
ARM GAS  /tmp/ccvxsGkw.s 			page 7


  95 000e 0121     		movs	r1, #1
  96 0010 0846     		mov	r0, r1
  97 0012 FFF7FEFF 		bl	RCC_AHB1PeriphClockCmd
  98              	.LVL3:
  24:Lib/bsp/src/bsp_can.c ****     GPIO_PinAFConfig(CAN1_RX_GPIO_PORT, CAN1_TX_SOURCE, CAN1_AF_PORT);
  99              		.loc 1 24 5 view .LVU17
 100 0016 144C     		ldr	r4, .L5
 101 0018 0922     		movs	r2, #9
 102 001a 0B21     		movs	r1, #11
 103 001c 2046     		mov	r0, r4
 104 001e FFF7FEFF 		bl	GPIO_PinAFConfig
 105              	.LVL4:
  25:Lib/bsp/src/bsp_can.c ****     /* é…ç½® CAN TX å¼•è„š */
 106              		.loc 1 25 5 view .LVU18
 107 0022 0922     		movs	r2, #9
 108 0024 0C21     		movs	r1, #12
 109 0026 2046     		mov	r0, r4
 110 0028 FFF7FEFF 		bl	GPIO_PinAFConfig
 111              	.LVL5:
  27:Lib/bsp/src/bsp_can.c ****     GPIO_InitStructure.GPIO_Mode = GPIO_Mode_AF;
 112              		.loc 1 27 5 view .LVU19
  27:Lib/bsp/src/bsp_can.c ****     GPIO_InitStructure.GPIO_Mode = GPIO_Mode_AF;
 113              		.loc 1 27 33 is_stmt 0 view .LVU20
 114 002c 4FF48053 		mov	r3, #4096
 115 0030 0093     		str	r3, [sp]
  28:Lib/bsp/src/bsp_can.c ****     GPIO_InitStructure.GPIO_Speed = GPIO_Speed_50MHz;
 116              		.loc 1 28 5 is_stmt 1 view .LVU21
  28:Lib/bsp/src/bsp_can.c ****     GPIO_InitStructure.GPIO_Speed = GPIO_Speed_50MHz;
 117              		.loc 1 28 34 is_stmt 0 view .LVU22
 118 0032 0225     		movs	r5, #2
 119 0034 8DF80450 		strb	r5, [sp, #4]
  29:Lib/bsp/src/bsp_can.c ****     GPIO_InitStructure.GPIO_OType = GPIO_OType_PP;
 120              		.loc 1 29 5 is_stmt 1 view .LVU23
  29:Lib/bsp/src/bsp_can.c ****     GPIO_InitStructure.GPIO_OType = GPIO_OType_PP;
 121              		.loc 1 29 35 is_stmt 0 view .LVU24
 122 0038 8DF80550 		strb	r5, [sp, #5]
  30:Lib/bsp/src/bsp_can.c ****     GPIO_InitStructure.GPIO_PuPd = GPIO_PuPd_UP;
 123              		.loc 1 30 5 is_stmt 1 view .LVU25
  30:Lib/bsp/src/bsp_can.c ****     GPIO_InitStructure.GPIO_PuPd = GPIO_PuPd_UP;
 124              		.loc 1 30 35 is_stmt 0 view .LVU26
 125 003c 0023     		movs	r3, #0
 126 003e 8DF80630 		strb	r3, [sp, #6]
  31:Lib/bsp/src/bsp_can.c ****     GPIO_Init(CAN1_TX_GPIO_PORT, &GPIO_InitStructure);
 127              		.loc 1 31 5 is_stmt 1 view .LVU27
  31:Lib/bsp/src/bsp_can.c ****     GPIO_Init(CAN1_TX_GPIO_PORT, &GPIO_InitStructure);
 128              		.loc 1 31 34 is_stmt 0 view .LVU28
 129 0042 0123     		movs	r3, #1
 130 0044 8DF80730 		strb	r3, [sp, #7]
  32:Lib/bsp/src/bsp_can.c ****     /* é…ç½® CAN RX å¼•è„š */
 131              		.loc 1 32 5 is_stmt 1 view .LVU29
 132 0048 6946     		mov	r1, sp
 133 004a 2046     		mov	r0, r4
 134 004c FFF7FEFF 		bl	GPIO_Init
 135              	.LVL6:
  34:Lib/bsp/src/bsp_can.c ****     GPIO_InitStructure.GPIO_Mode = GPIO_Mode_AF;
 136              		.loc 1 34 5 view .LVU30
  34:Lib/bsp/src/bsp_can.c ****     GPIO_InitStructure.GPIO_Mode = GPIO_Mode_AF;
ARM GAS  /tmp/ccvxsGkw.s 			page 8


 137              		.loc 1 34 33 is_stmt 0 view .LVU31
 138 0050 4FF40063 		mov	r3, #2048
 139 0054 0093     		str	r3, [sp]
  35:Lib/bsp/src/bsp_can.c ****     GPIO_Init(CAN1_RX_GPIO_PORT, &GPIO_InitStructure);
 140              		.loc 1 35 5 is_stmt 1 view .LVU32
  35:Lib/bsp/src/bsp_can.c ****     GPIO_Init(CAN1_RX_GPIO_PORT, &GPIO_InitStructure);
 141              		.loc 1 35 34 is_stmt 0 view .LVU33
 142 0056 8DF80450 		strb	r5, [sp, #4]
  36:Lib/bsp/src/bsp_can.c **** }
 143              		.loc 1 36 5 is_stmt 1 view .LVU34
 144 005a 6946     		mov	r1, sp
 145 005c 2046     		mov	r0, r4
 146 005e FFF7FEFF 		bl	GPIO_Init
 147              	.LVL7:
  37:Lib/bsp/src/bsp_can.c **** 
 148              		.loc 1 37 1 is_stmt 0 view .LVU35
 149 0062 03B0     		add	sp, sp, #12
 150              		.cfi_def_cfa_offset 12
 151              		@ sp needed
 152 0064 30BD     		pop	{r4, r5, pc}
 153              	.L6:
 154 0066 00BF     		.align	2
 155              	.L5:
 156 0068 00000240 		.word	1073872896
 157              		.cfi_endproc
 158              	.LFE123:
 160              		.section	.text.CAN2_GPIO_Config,"ax",%progbits
 161              		.align	1
 162              		.syntax unified
 163              		.thumb
 164              		.thumb_func
 166              	CAN2_GPIO_Config:
 167              	.LFB129:
 145:Lib/bsp/src/bsp_can.c **** 
 168              		.loc 1 145 1 is_stmt 1 view -0
 169              		.cfi_startproc
 170              		@ args = 0, pretend = 0, frame = 8
 171              		@ frame_needed = 0, uses_anonymous_args = 0
 172 0000 30B5     		push	{r4, r5, lr}
 173              		.cfi_def_cfa_offset 12
 174              		.cfi_offset 4, -12
 175              		.cfi_offset 5, -8
 176              		.cfi_offset 14, -4
 177 0002 83B0     		sub	sp, sp, #12
 178              		.cfi_def_cfa_offset 24
 147:Lib/bsp/src/bsp_can.c **** 
 179              		.loc 1 147 5 view .LVU37
 151:Lib/bsp/src/bsp_can.c ****     RCC_AHB1PeriphClockCmd(CAN2_TX_GPIO_CLK | CAN2_RX_GPIO_CLK, ENABLE);
 180              		.loc 1 151 5 view .LVU38
 181 0004 0121     		movs	r1, #1
 182 0006 4FF08060 		mov	r0, #67108864
 183 000a FFF7FEFF 		bl	RCC_APB1PeriphClockCmd
 184              	.LVL8:
 152:Lib/bsp/src/bsp_can.c **** 
 185              		.loc 1 152 5 view .LVU39
 186 000e 0121     		movs	r1, #1
 187 0010 0220     		movs	r0, #2
ARM GAS  /tmp/ccvxsGkw.s 			page 9


 188 0012 FFF7FEFF 		bl	RCC_AHB1PeriphClockCmd
 189              	.LVL9:
 155:Lib/bsp/src/bsp_can.c ****     GPIO_PinAFConfig(CAN2_RX_GPIO_PORT, CAN2_TX_SOURCE, CAN2_AF_PORT);
 190              		.loc 1 155 5 view .LVU40
 191 0016 134C     		ldr	r4, .L9
 192 0018 0922     		movs	r2, #9
 193 001a 0521     		movs	r1, #5
 194 001c 2046     		mov	r0, r4
 195 001e FFF7FEFF 		bl	GPIO_PinAFConfig
 196              	.LVL10:
 156:Lib/bsp/src/bsp_can.c ****     /* é…ç½® CAN TX å¼•è„š */
 197              		.loc 1 156 5 view .LVU41
 198 0022 0922     		movs	r2, #9
 199 0024 0621     		movs	r1, #6
 200 0026 2046     		mov	r0, r4
 201 0028 FFF7FEFF 		bl	GPIO_PinAFConfig
 202              	.LVL11:
 158:Lib/bsp/src/bsp_can.c ****     GPIO_InitStructure.GPIO_Mode = GPIO_Mode_AF;
 203              		.loc 1 158 5 view .LVU42
 158:Lib/bsp/src/bsp_can.c ****     GPIO_InitStructure.GPIO_Mode = GPIO_Mode_AF;
 204              		.loc 1 158 33 is_stmt 0 view .LVU43
 205 002c 4023     		movs	r3, #64
 206 002e 0093     		str	r3, [sp]
 159:Lib/bsp/src/bsp_can.c ****     GPIO_InitStructure.GPIO_Speed = GPIO_Speed_50MHz;
 207              		.loc 1 159 5 is_stmt 1 view .LVU44
 159:Lib/bsp/src/bsp_can.c ****     GPIO_InitStructure.GPIO_Speed = GPIO_Speed_50MHz;
 208              		.loc 1 159 34 is_stmt 0 view .LVU45
 209 0030 0225     		movs	r5, #2
 210 0032 8DF80450 		strb	r5, [sp, #4]
 160:Lib/bsp/src/bsp_can.c ****     GPIO_InitStructure.GPIO_OType = GPIO_OType_PP;
 211              		.loc 1 160 5 is_stmt 1 view .LVU46
 160:Lib/bsp/src/bsp_can.c ****     GPIO_InitStructure.GPIO_OType = GPIO_OType_PP;
 212              		.loc 1 160 35 is_stmt 0 view .LVU47
 213 0036 8DF80550 		strb	r5, [sp, #5]
 161:Lib/bsp/src/bsp_can.c ****     GPIO_InitStructure.GPIO_PuPd = GPIO_PuPd_UP;
 214              		.loc 1 161 5 is_stmt 1 view .LVU48
 161:Lib/bsp/src/bsp_can.c ****     GPIO_InitStructure.GPIO_PuPd = GPIO_PuPd_UP;
 215              		.loc 1 161 35 is_stmt 0 view .LVU49
 216 003a 0023     		movs	r3, #0
 217 003c 8DF80630 		strb	r3, [sp, #6]
 162:Lib/bsp/src/bsp_can.c ****     GPIO_Init(CAN2_TX_GPIO_PORT, &GPIO_InitStructure);
 218              		.loc 1 162 5 is_stmt 1 view .LVU50
 162:Lib/bsp/src/bsp_can.c ****     GPIO_Init(CAN2_TX_GPIO_PORT, &GPIO_InitStructure);
 219              		.loc 1 162 34 is_stmt 0 view .LVU51
 220 0040 0123     		movs	r3, #1
 221 0042 8DF80730 		strb	r3, [sp, #7]
 163:Lib/bsp/src/bsp_can.c ****     /* é…ç½® CAN RX å¼•è„š */
 222              		.loc 1 163 5 is_stmt 1 view .LVU52
 223 0046 6946     		mov	r1, sp
 224 0048 2046     		mov	r0, r4
 225 004a FFF7FEFF 		bl	GPIO_Init
 226              	.LVL12:
 165:Lib/bsp/src/bsp_can.c ****     GPIO_InitStructure.GPIO_Mode = GPIO_Mode_AF;
 227              		.loc 1 165 5 view .LVU53
 165:Lib/bsp/src/bsp_can.c ****     GPIO_InitStructure.GPIO_Mode = GPIO_Mode_AF;
 228              		.loc 1 165 33 is_stmt 0 view .LVU54
 229 004e 2023     		movs	r3, #32
ARM GAS  /tmp/ccvxsGkw.s 			page 10


 230 0050 0093     		str	r3, [sp]
 166:Lib/bsp/src/bsp_can.c ****     GPIO_Init(CAN2_RX_GPIO_PORT, &GPIO_InitStructure);
 231              		.loc 1 166 5 is_stmt 1 view .LVU55
 166:Lib/bsp/src/bsp_can.c ****     GPIO_Init(CAN2_RX_GPIO_PORT, &GPIO_InitStructure);
 232              		.loc 1 166 34 is_stmt 0 view .LVU56
 233 0052 8DF80450 		strb	r5, [sp, #4]
 167:Lib/bsp/src/bsp_can.c **** }
 234              		.loc 1 167 5 is_stmt 1 view .LVU57
 235 0056 6946     		mov	r1, sp
 236 0058 2046     		mov	r0, r4
 237 005a FFF7FEFF 		bl	GPIO_Init
 238              	.LVL13:
 168:Lib/bsp/src/bsp_can.c **** 
 239              		.loc 1 168 1 is_stmt 0 view .LVU58
 240 005e 03B0     		add	sp, sp, #12
 241              		.cfi_def_cfa_offset 12
 242              		@ sp needed
 243 0060 30BD     		pop	{r4, r5, pc}
 244              	.L10:
 245 0062 00BF     		.align	2
 246              	.L9:
 247 0064 00040240 		.word	1073873920
 248              		.cfi_endproc
 249              	.LFE129:
 251              		.section	.text.CAN1_Mode_Config,"ax",%progbits
 252              		.align	1
 253              		.syntax unified
 254              		.thumb
 255              		.thumb_func
 257              	CAN1_Mode_Config:
 258              	.LFB124:
  40:Lib/bsp/src/bsp_can.c ****     CAN_InitTypeDef CAN_InitStructure;
 259              		.loc 1 40 1 is_stmt 1 view -0
 260              		.cfi_startproc
 261              		@ args = 0, pretend = 0, frame = 16
 262              		@ frame_needed = 0, uses_anonymous_args = 0
 263 0000 10B5     		push	{r4, lr}
 264              		.cfi_def_cfa_offset 8
 265              		.cfi_offset 4, -8
 266              		.cfi_offset 14, -4
 267 0002 84B0     		sub	sp, sp, #16
 268              		.cfi_def_cfa_offset 24
  41:Lib/bsp/src/bsp_can.c ****     /************************CANé€šä¿¡å‚æ•°è®¾ç½®************************/
 269              		.loc 1 41 5 view .LVU60
  44:Lib/bsp/src/bsp_can.c **** 
 270              		.loc 1 44 5 view .LVU61
 271 0004 0121     		movs	r1, #1
 272 0006 4FF00070 		mov	r0, #33554432
 273 000a FFF7FEFF 		bl	RCC_APB1PeriphClockCmd
 274              	.LVL14:
  47:Lib/bsp/src/bsp_can.c ****     CAN_StructInit(&CAN_InitStructure);
 275              		.loc 1 47 5 view .LVU62
 276 000e 134C     		ldr	r4, .L13
 277 0010 2046     		mov	r0, r4
 278 0012 FFF7FEFF 		bl	CAN_DeInit
 279              	.LVL15:
  48:Lib/bsp/src/bsp_can.c **** 
ARM GAS  /tmp/ccvxsGkw.s 			page 11


 280              		.loc 1 48 5 view .LVU63
 281 0016 01A8     		add	r0, sp, #4
 282 0018 FFF7FEFF 		bl	CAN_StructInit
 283              	.LVL16:
  51:Lib/bsp/src/bsp_can.c ****     CAN_InitStructure.CAN_ABOM = DISABLE;         // MCR-ABOM ä½¿èƒ½è‡ªåŠ¨ç¦»çº¿ç®¡ç†
 284              		.loc 1 51 5 view .LVU64
  51:Lib/bsp/src/bsp_can.c ****     CAN_InitStructure.CAN_ABOM = DISABLE;         // MCR-ABOM ä½¿èƒ½è‡ªåŠ¨ç¦»çº¿ç®¡ç†
 285              		.loc 1 51 32 is_stmt 0 view .LVU65
 286 001c 0023     		movs	r3, #0
 287 001e 8DF80A30 		strb	r3, [sp, #10]
  52:Lib/bsp/src/bsp_can.c ****     CAN_InitStructure.CAN_AWUM = DISABLE;         // MCR-AWUM ä½¿ç”¨è‡ªåŠ¨å”¤é†’æ¨¡å¼
 288              		.loc 1 52 5 is_stmt 1 view .LVU66
  52:Lib/bsp/src/bsp_can.c ****     CAN_InitStructure.CAN_AWUM = DISABLE;         // MCR-AWUM ä½¿ç”¨è‡ªåŠ¨å”¤é†’æ¨¡å¼
 289              		.loc 1 52 32 is_stmt 0 view .LVU67
 290 0022 8DF80B30 		strb	r3, [sp, #11]
  53:Lib/bsp/src/bsp_can.c ****     CAN_InitStructure.CAN_NART = DISABLE;         // MCR-NART ç¦æ­¢æŠ¥æ–‡è‡ªåŠ¨é‡ä¼ 
 291              		.loc 1 53 5 is_stmt 1 view .LVU68
  53:Lib/bsp/src/bsp_can.c ****     CAN_InitStructure.CAN_NART = DISABLE;         // MCR-NART ç¦æ­¢æŠ¥æ–‡è‡ªåŠ¨é‡ä¼ 
 292              		.loc 1 53 32 is_stmt 0 view .LVU69
 293 0026 8DF80C30 		strb	r3, [sp, #12]
  54:Lib/bsp/src/bsp_can.c ****     CAN_InitStructure.CAN_RFLM = DISABLE;         // MCR-RFLM æ¥æ”¶FIFO ä¸é”å®š
 294              		.loc 1 54 5 is_stmt 1 view .LVU70
  54:Lib/bsp/src/bsp_can.c ****     CAN_InitStructure.CAN_RFLM = DISABLE;         // MCR-RFLM æ¥æ”¶FIFO ä¸é”å®š
 295              		.loc 1 54 32 is_stmt 0 view .LVU71
 296 002a 8DF80D30 		strb	r3, [sp, #13]
  55:Lib/bsp/src/bsp_can.c ****                                                   //  æº¢å‡ºæ—¶æ–°æŠ¥æ–‡ä¼šè¦†ç›–åŸæœ‰æŠ¥æ–‡
 297              		.loc 1 55 5 is_stmt 1 view .LVU72
  55:Lib/bsp/src/bsp_can.c ****                                                   //  æº¢å‡ºæ—¶æ–°æŠ¥æ–‡ä¼šè¦†ç›–åŸæœ‰æŠ¥æ–‡
 298              		.loc 1 55 32 is_stmt 0 view .LVU73
 299 002e 8DF80E30 		strb	r3, [sp, #14]
  57:Lib/bsp/src/bsp_can.c ****     CAN_InitStructure.CAN_Mode = CAN_Mode_Normal; // æ­£å¸¸å·¥ä½œæ¨¡å¼
 300              		.loc 1 57 5 is_stmt 1 view .LVU74
  57:Lib/bsp/src/bsp_can.c ****     CAN_InitStructure.CAN_Mode = CAN_Mode_Normal; // æ­£å¸¸å·¥ä½œæ¨¡å¼
 301              		.loc 1 57 32 is_stmt 0 view .LVU75
 302 0032 8DF80F30 		strb	r3, [sp, #15]
  58:Lib/bsp/src/bsp_can.c ****     CAN_InitStructure.CAN_SJW = CAN_SJW_1tq;      // BTR-SJW é‡æ–°åŒæ­¥è·³è·ƒå®½åº¦ 2ä¸ªæ—¶é—´å•
 303              		.loc 1 58 5 is_stmt 1 view .LVU76
  58:Lib/bsp/src/bsp_can.c ****     CAN_InitStructure.CAN_SJW = CAN_SJW_1tq;      // BTR-SJW é‡æ–°åŒæ­¥è·³è·ƒå®½åº¦ 2ä¸ªæ—¶é—´å•
 304              		.loc 1 58 32 is_stmt 0 view .LVU77
 305 0036 8DF80630 		strb	r3, [sp, #6]
  59:Lib/bsp/src/bsp_can.c **** 
 306              		.loc 1 59 5 is_stmt 1 view .LVU78
  59:Lib/bsp/src/bsp_can.c **** 
 307              		.loc 1 59 31 is_stmt 0 view .LVU79
 308 003a 8DF80730 		strb	r3, [sp, #7]
  62:Lib/bsp/src/bsp_can.c ****     CAN_InitStructure.CAN_BS2 = CAN_BS2_3tq; // BTR-TS1 æ—¶é—´æ®µ2 å ç”¨äº†3ä¸ªæ—¶é—´å•å…ƒ
 309              		.loc 1 62 5 is_stmt 1 view .LVU80
  62:Lib/bsp/src/bsp_can.c ****     CAN_InitStructure.CAN_BS2 = CAN_BS2_3tq; // BTR-TS1 æ—¶é—´æ®µ2 å ç”¨äº†3ä¸ªæ—¶é—´å•å…ƒ
 310              		.loc 1 62 31 is_stmt 0 view .LVU81
 311 003e 0223     		movs	r3, #2
 312 0040 8DF80830 		strb	r3, [sp, #8]
  63:Lib/bsp/src/bsp_can.c **** 
 313              		.loc 1 63 5 is_stmt 1 view .LVU82
  63:Lib/bsp/src/bsp_can.c **** 
 314              		.loc 1 63 31 is_stmt 0 view .LVU83
 315 0044 8DF80930 		strb	r3, [sp, #9]
  67:Lib/bsp/src/bsp_can.c ****     CAN_Init(CAN1, &CAN_InitStructure);
ARM GAS  /tmp/ccvxsGkw.s 			page 12


 316              		.loc 1 67 5 is_stmt 1 view .LVU84
  67:Lib/bsp/src/bsp_can.c ****     CAN_Init(CAN1, &CAN_InitStructure);
 317              		.loc 1 67 37 is_stmt 0 view .LVU85
 318 0048 0623     		movs	r3, #6
 319 004a ADF80430 		strh	r3, [sp, #4]	@ movhi
  68:Lib/bsp/src/bsp_can.c **** }
 320              		.loc 1 68 5 is_stmt 1 view .LVU86
 321 004e 01A9     		add	r1, sp, #4
 322 0050 2046     		mov	r0, r4
 323 0052 FFF7FEFF 		bl	CAN_Init
 324              	.LVL17:
  69:Lib/bsp/src/bsp_can.c **** 
 325              		.loc 1 69 1 is_stmt 0 view .LVU87
 326 0056 04B0     		add	sp, sp, #16
 327              		.cfi_def_cfa_offset 8
 328              		@ sp needed
 329 0058 10BD     		pop	{r4, pc}
 330              	.L14:
 331 005a 00BF     		.align	2
 332              	.L13:
 333 005c 00640040 		.word	1073767424
 334              		.cfi_endproc
 335              	.LFE124:
 337              		.section	.text.CAN2_Mode_Config,"ax",%progbits
 338              		.align	1
 339              		.syntax unified
 340              		.thumb
 341              		.thumb_func
 343              	CAN2_Mode_Config:
 344              	.LFB130:
 171:Lib/bsp/src/bsp_can.c ****     CAN_InitTypeDef CAN_InitStructure;
 345              		.loc 1 171 1 is_stmt 1 view -0
 346              		.cfi_startproc
 347              		@ args = 0, pretend = 0, frame = 16
 348              		@ frame_needed = 0, uses_anonymous_args = 0
 349 0000 10B5     		push	{r4, lr}
 350              		.cfi_def_cfa_offset 8
 351              		.cfi_offset 4, -8
 352              		.cfi_offset 14, -4
 353 0002 84B0     		sub	sp, sp, #16
 354              		.cfi_def_cfa_offset 24
 172:Lib/bsp/src/bsp_can.c ****     /************************CANé€šä¿¡å‚æ•°è®¾ç½®************************/
 355              		.loc 1 172 5 view .LVU89
 176:Lib/bsp/src/bsp_can.c ****     RCC_APB1PeriphClockCmd(CAN2_CLK, ENABLE);
 356              		.loc 1 176 5 view .LVU90
 357 0004 0121     		movs	r1, #1
 358 0006 4FF00070 		mov	r0, #33554432
 359 000a FFF7FEFF 		bl	RCC_APB1PeriphClockCmd
 360              	.LVL18:
 177:Lib/bsp/src/bsp_can.c **** 
 361              		.loc 1 177 5 view .LVU91
 362 000e 0121     		movs	r1, #1
 363 0010 4FF08060 		mov	r0, #67108864
 364 0014 FFF7FEFF 		bl	RCC_APB1PeriphClockCmd
 365              	.LVL19:
 180:Lib/bsp/src/bsp_can.c ****     CAN_StructInit(&CAN_InitStructure);
 366              		.loc 1 180 5 view .LVU92
ARM GAS  /tmp/ccvxsGkw.s 			page 13


 367 0018 124C     		ldr	r4, .L17
 368 001a 2046     		mov	r0, r4
 369 001c FFF7FEFF 		bl	CAN_DeInit
 370              	.LVL20:
 181:Lib/bsp/src/bsp_can.c **** 
 371              		.loc 1 181 5 view .LVU93
 372 0020 01A8     		add	r0, sp, #4
 373 0022 FFF7FEFF 		bl	CAN_StructInit
 374              	.LVL21:
 184:Lib/bsp/src/bsp_can.c ****     CAN_InitStructure.CAN_ABOM = DISABLE;         // MCR-ABOM ä½¿èƒ½è‡ªåŠ¨ç¦»çº¿ç®¡ç†
 375              		.loc 1 184 5 view .LVU94
 184:Lib/bsp/src/bsp_can.c ****     CAN_InitStructure.CAN_ABOM = DISABLE;         // MCR-ABOM ä½¿èƒ½è‡ªåŠ¨ç¦»çº¿ç®¡ç†
 376              		.loc 1 184 32 is_stmt 0 view .LVU95
 377 0026 0023     		movs	r3, #0
 378 0028 8DF80A30 		strb	r3, [sp, #10]
 185:Lib/bsp/src/bsp_can.c ****     CAN_InitStructure.CAN_AWUM = DISABLE;         // MCR-AWUM ä½¿ç”¨è‡ªåŠ¨å”¤é†’æ¨¡å¼
 379              		.loc 1 185 5 is_stmt 1 view .LVU96
 185:Lib/bsp/src/bsp_can.c ****     CAN_InitStructure.CAN_AWUM = DISABLE;         // MCR-AWUM ä½¿ç”¨è‡ªåŠ¨å”¤é†’æ¨¡å¼
 380              		.loc 1 185 32 is_stmt 0 view .LVU97
 381 002c 8DF80B30 		strb	r3, [sp, #11]
 186:Lib/bsp/src/bsp_can.c ****     CAN_InitStructure.CAN_NART = DISABLE;         // MCR-NART ç¦æ­¢æŠ¥æ–‡è‡ªåŠ¨é‡ä¼ 
 382              		.loc 1 186 5 is_stmt 1 view .LVU98
 186:Lib/bsp/src/bsp_can.c ****     CAN_InitStructure.CAN_NART = DISABLE;         // MCR-NART ç¦æ­¢æŠ¥æ–‡è‡ªåŠ¨é‡ä¼ 
 383              		.loc 1 186 32 is_stmt 0 view .LVU99
 384 0030 8DF80C30 		strb	r3, [sp, #12]
 187:Lib/bsp/src/bsp_can.c ****     CAN_InitStructure.CAN_RFLM = DISABLE;         // MCR-RFLM æ¥æ”¶FIFO ä¸é”å®š
 385              		.loc 1 187 5 is_stmt 1 view .LVU100
 187:Lib/bsp/src/bsp_can.c ****     CAN_InitStructure.CAN_RFLM = DISABLE;         // MCR-RFLM æ¥æ”¶FIFO ä¸é”å®š
 386              		.loc 1 187 32 is_stmt 0 view .LVU101
 387 0034 8DF80D30 		strb	r3, [sp, #13]
 188:Lib/bsp/src/bsp_can.c ****                                                   //  æº¢å‡ºæ—¶æ–°æŠ¥æ–‡ä¼šè¦†ç›–åŸæœ‰æŠ¥æ–‡
 388              		.loc 1 188 5 is_stmt 1 view .LVU102
 188:Lib/bsp/src/bsp_can.c ****                                                   //  æº¢å‡ºæ—¶æ–°æŠ¥æ–‡ä¼šè¦†ç›–åŸæœ‰æŠ¥æ–‡
 389              		.loc 1 188 32 is_stmt 0 view .LVU103
 390 0038 8DF80E30 		strb	r3, [sp, #14]
 190:Lib/bsp/src/bsp_can.c ****     CAN_InitStructure.CAN_Mode = CAN_Mode_Normal; // æ­£å¸¸å·¥ä½œæ¨¡å¼
 391              		.loc 1 190 5 is_stmt 1 view .LVU104
 190:Lib/bsp/src/bsp_can.c ****     CAN_InitStructure.CAN_Mode = CAN_Mode_Normal; // æ­£å¸¸å·¥ä½œæ¨¡å¼
 392              		.loc 1 190 32 is_stmt 0 view .LVU105
 393 003c 8DF80F30 		strb	r3, [sp, #15]
 191:Lib/bsp/src/bsp_can.c ****     CAN_InitStructure.CAN_SJW = CAN_SJW_1tq;      // BTR-SJW é‡æ–°åŒæ­¥è·³è·ƒå®½åº¦ 2ä¸ªæ—¶é—´å•
 394              		.loc 1 191 5 is_stmt 1 view .LVU106
 191:Lib/bsp/src/bsp_can.c ****     CAN_InitStructure.CAN_SJW = CAN_SJW_1tq;      // BTR-SJW é‡æ–°åŒæ­¥è·³è·ƒå®½åº¦ 2ä¸ªæ—¶é—´å•
 395              		.loc 1 191 32 is_stmt 0 view .LVU107
 396 0040 8DF80630 		strb	r3, [sp, #6]
 192:Lib/bsp/src/bsp_can.c **** 
 397              		.loc 1 192 5 is_stmt 1 view .LVU108
 192:Lib/bsp/src/bsp_can.c **** 
 398              		.loc 1 192 31 is_stmt 0 view .LVU109
 399 0044 8DF80730 		strb	r3, [sp, #7]
 195:Lib/bsp/src/bsp_can.c ****     CAN_InitStructure.CAN_BS2 = CAN_BS2_3tq; // BTR-TS1 æ—¶é—´æ®µ2 å ç”¨äº†3ä¸ªæ—¶é—´å•å…ƒ
 400              		.loc 1 195 5 is_stmt 1 view .LVU110
 195:Lib/bsp/src/bsp_can.c ****     CAN_InitStructure.CAN_BS2 = CAN_BS2_3tq; // BTR-TS1 æ—¶é—´æ®µ2 å ç”¨äº†3ä¸ªæ—¶é—´å•å…ƒ
 401              		.loc 1 195 31 is_stmt 0 view .LVU111
 402 0048 0223     		movs	r3, #2
 403 004a 8DF80830 		strb	r3, [sp, #8]
 196:Lib/bsp/src/bsp_can.c **** 
ARM GAS  /tmp/ccvxsGkw.s 			page 14


 404              		.loc 1 196 5 is_stmt 1 view .LVU112
 196:Lib/bsp/src/bsp_can.c **** 
 405              		.loc 1 196 31 is_stmt 0 view .LVU113
 406 004e 8DF80930 		strb	r3, [sp, #9]
 200:Lib/bsp/src/bsp_can.c ****     CAN_Init(CAN2, &CAN_InitStructure);
 407              		.loc 1 200 5 is_stmt 1 view .LVU114
 200:Lib/bsp/src/bsp_can.c ****     CAN_Init(CAN2, &CAN_InitStructure);
 408              		.loc 1 200 37 is_stmt 0 view .LVU115
 409 0052 0623     		movs	r3, #6
 410 0054 ADF80430 		strh	r3, [sp, #4]	@ movhi
 201:Lib/bsp/src/bsp_can.c **** }
 411              		.loc 1 201 5 is_stmt 1 view .LVU116
 412 0058 01A9     		add	r1, sp, #4
 413 005a 2046     		mov	r0, r4
 414 005c FFF7FEFF 		bl	CAN_Init
 415              	.LVL22:
 202:Lib/bsp/src/bsp_can.c **** 
 416              		.loc 1 202 1 is_stmt 0 view .LVU117
 417 0060 04B0     		add	sp, sp, #16
 418              		.cfi_def_cfa_offset 8
 419              		@ sp needed
 420 0062 10BD     		pop	{r4, pc}
 421              	.L18:
 422              		.align	2
 423              	.L17:
 424 0064 00680040 		.word	1073768448
 425              		.cfi_endproc
 426              	.LFE130:
 428              		.section	.text.CAN1_Filter_Config,"ax",%progbits
 429              		.align	1
 430              		.syntax unified
 431              		.thumb
 432              		.thumb_func
 434              	CAN1_Filter_Config:
 435              	.LFB125:
  72:Lib/bsp/src/bsp_can.c ****     CAN_FilterInitTypeDef CAN_FilterInitStructure;
 436              		.loc 1 72 1 is_stmt 1 view -0
 437              		.cfi_startproc
 438              		@ args = 0, pretend = 0, frame = 16
 439              		@ frame_needed = 0, uses_anonymous_args = 0
 440 0000 10B5     		push	{r4, lr}
 441              		.cfi_def_cfa_offset 8
 442              		.cfi_offset 4, -8
 443              		.cfi_offset 14, -4
 444 0002 84B0     		sub	sp, sp, #16
 445              		.cfi_def_cfa_offset 24
  73:Lib/bsp/src/bsp_can.c **** 
 446              		.loc 1 73 5 view .LVU119
  76:Lib/bsp/src/bsp_can.c ****     // å·¥ä½œåœ¨æ©ç æ¨¡å¼
 447              		.loc 1 76 5 view .LVU120
  76:Lib/bsp/src/bsp_can.c ****     // å·¥ä½œåœ¨æ©ç æ¨¡å¼
 448              		.loc 1 76 46 is_stmt 0 view .LVU121
 449 0004 0023     		movs	r3, #0
 450 0006 8DF80A30 		strb	r3, [sp, #10]
  78:Lib/bsp/src/bsp_can.c ****     // ç­›é€‰å™¨ä½å®½ä¸ºå•ä¸ª32ä½ã€‚
 451              		.loc 1 78 5 is_stmt 1 view .LVU122
  78:Lib/bsp/src/bsp_can.c ****     // ç­›é€‰å™¨ä½å®½ä¸ºå•ä¸ª32ä½ã€‚
ARM GAS  /tmp/ccvxsGkw.s 			page 15


 452              		.loc 1 78 44 is_stmt 0 view .LVU123
 453 000a 8DF80B30 		strb	r3, [sp, #11]
  80:Lib/bsp/src/bsp_can.c **** 
 454              		.loc 1 80 5 is_stmt 1 view .LVU124
  80:Lib/bsp/src/bsp_can.c **** 
 455              		.loc 1 80 45 is_stmt 0 view .LVU125
 456 000e 0124     		movs	r4, #1
 457 0010 8DF80C40 		strb	r4, [sp, #12]
  85:Lib/bsp/src/bsp_can.c **** 
 458              		.loc 1 85 5 is_stmt 1 view .LVU126
  85:Lib/bsp/src/bsp_can.c **** 
 459              		.loc 1 85 46 is_stmt 0 view .LVU127
 460 0014 ADF80030 		strh	r3, [sp]	@ movhi
  88:Lib/bsp/src/bsp_can.c ****     // ç­›é€‰å™¨é«˜16ä½æ¯ä½å¿…é¡»åŒ¹é…
 461              		.loc 1 88 5 is_stmt 1 view .LVU128
  88:Lib/bsp/src/bsp_can.c ****     // ç­›é€‰å™¨é«˜16ä½æ¯ä½å¿…é¡»åŒ¹é…
 462              		.loc 1 88 45 is_stmt 0 view .LVU129
 463 0018 ADF80230 		strh	r3, [sp, #2]	@ movhi
  90:Lib/bsp/src/bsp_can.c ****     // ç­›é€‰å™¨ä½16ä½æ¯ä½å¿…é¡»åŒ¹é…
 464              		.loc 1 90 5 is_stmt 1 view .LVU130
  90:Lib/bsp/src/bsp_can.c ****     // ç­›é€‰å™¨ä½16ä½æ¯ä½å¿…é¡»åŒ¹é…
 465              		.loc 1 90 50 is_stmt 0 view .LVU131
 466 001c ADF80430 		strh	r3, [sp, #4]	@ movhi
  92:Lib/bsp/src/bsp_can.c ****     // ç­›é€‰å™¨è¢«å…³è”åˆ°FIFO0
 467              		.loc 1 92 5 is_stmt 1 view .LVU132
  92:Lib/bsp/src/bsp_can.c ****     // ç­›é€‰å™¨è¢«å…³è”åˆ°FIFO0
 468              		.loc 1 92 49 is_stmt 0 view .LVU133
 469 0020 ADF80630 		strh	r3, [sp, #6]	@ movhi
  94:Lib/bsp/src/bsp_can.c ****     // ä½¿èƒ½ç­›é€‰å™¨
 470              		.loc 1 94 5 is_stmt 1 view .LVU134
  94:Lib/bsp/src/bsp_can.c ****     // ä½¿èƒ½ç­›é€‰å™¨
 471              		.loc 1 94 54 is_stmt 0 view .LVU135
 472 0024 ADF80830 		strh	r3, [sp, #8]	@ movhi
  96:Lib/bsp/src/bsp_can.c ****     CAN_FilterInit(&CAN_FilterInitStructure);
 473              		.loc 1 96 5 is_stmt 1 view .LVU136
  96:Lib/bsp/src/bsp_can.c ****     CAN_FilterInit(&CAN_FilterInitStructure);
 474              		.loc 1 96 50 is_stmt 0 view .LVU137
 475 0028 8DF80D40 		strb	r4, [sp, #13]
  97:Lib/bsp/src/bsp_can.c ****     /*CANé€šä¿¡ä¸­æ–­ä½¿èƒ½*/
 476              		.loc 1 97 5 is_stmt 1 view .LVU138
 477 002c 6846     		mov	r0, sp
 478 002e FFF7FEFF 		bl	CAN_FilterInit
 479              	.LVL23:
  99:Lib/bsp/src/bsp_can.c **** }
 480              		.loc 1 99 5 view .LVU139
 481 0032 2246     		mov	r2, r4
 482 0034 0221     		movs	r1, #2
 483 0036 0248     		ldr	r0, .L21
 484 0038 FFF7FEFF 		bl	CAN_ITConfig
 485              	.LVL24:
 100:Lib/bsp/src/bsp_can.c **** 
 486              		.loc 1 100 1 is_stmt 0 view .LVU140
 487 003c 04B0     		add	sp, sp, #16
 488              		.cfi_def_cfa_offset 8
 489              		@ sp needed
 490 003e 10BD     		pop	{r4, pc}
 491              	.L22:
ARM GAS  /tmp/ccvxsGkw.s 			page 16


 492              		.align	2
 493              	.L21:
 494 0040 00640040 		.word	1073767424
 495              		.cfi_endproc
 496              	.LFE125:
 498              		.section	.text.CAN2_Filter_Config,"ax",%progbits
 499              		.align	1
 500              		.syntax unified
 501              		.thumb
 502              		.thumb_func
 504              	CAN2_Filter_Config:
 505              	.LFB131:
 205:Lib/bsp/src/bsp_can.c ****     CAN_FilterInitTypeDef CAN_FilterInitStructure;
 506              		.loc 1 205 1 is_stmt 1 view -0
 507              		.cfi_startproc
 508              		@ args = 0, pretend = 0, frame = 16
 509              		@ frame_needed = 0, uses_anonymous_args = 0
 510 0000 10B5     		push	{r4, lr}
 511              		.cfi_def_cfa_offset 8
 512              		.cfi_offset 4, -8
 513              		.cfi_offset 14, -4
 514 0002 84B0     		sub	sp, sp, #16
 515              		.cfi_def_cfa_offset 24
 206:Lib/bsp/src/bsp_can.c **** 
 516              		.loc 1 206 5 view .LVU142
 209:Lib/bsp/src/bsp_can.c ****     // å·¥ä½œåœ¨æ©ç æ¨¡å¼
 517              		.loc 1 209 5 view .LVU143
 209:Lib/bsp/src/bsp_can.c ****     // å·¥ä½œåœ¨æ©ç æ¨¡å¼
 518              		.loc 1 209 46 is_stmt 0 view .LVU144
 519 0004 0F23     		movs	r3, #15
 520 0006 8DF80A30 		strb	r3, [sp, #10]
 211:Lib/bsp/src/bsp_can.c ****     // ç­›é€‰å™¨ä½å®½ä¸ºå•ä¸ª32ä½ã€‚
 521              		.loc 1 211 5 is_stmt 1 view .LVU145
 211:Lib/bsp/src/bsp_can.c ****     // ç­›é€‰å™¨ä½å®½ä¸ºå•ä¸ª32ä½ã€‚
 522              		.loc 1 211 44 is_stmt 0 view .LVU146
 523 000a 0023     		movs	r3, #0
 524 000c 8DF80B30 		strb	r3, [sp, #11]
 213:Lib/bsp/src/bsp_can.c **** 
 525              		.loc 1 213 5 is_stmt 1 view .LVU147
 213:Lib/bsp/src/bsp_can.c **** 
 526              		.loc 1 213 45 is_stmt 0 view .LVU148
 527 0010 0124     		movs	r4, #1
 528 0012 8DF80C40 		strb	r4, [sp, #12]
 218:Lib/bsp/src/bsp_can.c **** 
 529              		.loc 1 218 5 is_stmt 1 view .LVU149
 218:Lib/bsp/src/bsp_can.c **** 
 530              		.loc 1 218 46 is_stmt 0 view .LVU150
 531 0016 ADF80030 		strh	r3, [sp]	@ movhi
 221:Lib/bsp/src/bsp_can.c ****     // ç­›é€‰å™¨é«˜16ä½æ¯ä½å¿…é¡»åŒ¹é…
 532              		.loc 1 221 5 is_stmt 1 view .LVU151
 221:Lib/bsp/src/bsp_can.c ****     // ç­›é€‰å™¨é«˜16ä½æ¯ä½å¿…é¡»åŒ¹é…
 533              		.loc 1 221 45 is_stmt 0 view .LVU152
 534 001a ADF80230 		strh	r3, [sp, #2]	@ movhi
 223:Lib/bsp/src/bsp_can.c ****     // ç­›é€‰å™¨ä½16ä½æ¯ä½å¿…é¡»åŒ¹é…
 535              		.loc 1 223 5 is_stmt 1 view .LVU153
 223:Lib/bsp/src/bsp_can.c ****     // ç­›é€‰å™¨ä½16ä½æ¯ä½å¿…é¡»åŒ¹é…
 536              		.loc 1 223 50 is_stmt 0 view .LVU154
ARM GAS  /tmp/ccvxsGkw.s 			page 17


 537 001e ADF80430 		strh	r3, [sp, #4]	@ movhi
 225:Lib/bsp/src/bsp_can.c ****     // ç­›é€‰å™¨è¢«å…³è”åˆ°FIFO0
 538              		.loc 1 225 5 is_stmt 1 view .LVU155
 225:Lib/bsp/src/bsp_can.c ****     // ç­›é€‰å™¨è¢«å…³è”åˆ°FIFO0
 539              		.loc 1 225 49 is_stmt 0 view .LVU156
 540 0022 ADF80630 		strh	r3, [sp, #6]	@ movhi
 227:Lib/bsp/src/bsp_can.c ****     // ä½¿èƒ½ç­›é€‰å™¨
 541              		.loc 1 227 5 is_stmt 1 view .LVU157
 227:Lib/bsp/src/bsp_can.c ****     // ä½¿èƒ½ç­›é€‰å™¨
 542              		.loc 1 227 54 is_stmt 0 view .LVU158
 543 0026 ADF80840 		strh	r4, [sp, #8]	@ movhi
 229:Lib/bsp/src/bsp_can.c ****     CAN_FilterInit(&CAN_FilterInitStructure);
 544              		.loc 1 229 5 is_stmt 1 view .LVU159
 229:Lib/bsp/src/bsp_can.c ****     CAN_FilterInit(&CAN_FilterInitStructure);
 545              		.loc 1 229 50 is_stmt 0 view .LVU160
 546 002a 8DF80D40 		strb	r4, [sp, #13]
 230:Lib/bsp/src/bsp_can.c ****     /*CANé€šä¿¡ä¸­æ–­ä½¿èƒ½*/
 547              		.loc 1 230 5 is_stmt 1 view .LVU161
 548 002e 6846     		mov	r0, sp
 549 0030 FFF7FEFF 		bl	CAN_FilterInit
 550              	.LVL25:
 232:Lib/bsp/src/bsp_can.c **** }
 551              		.loc 1 232 5 view .LVU162
 552 0034 2246     		mov	r2, r4
 553 0036 1021     		movs	r1, #16
 554 0038 0248     		ldr	r0, .L25
 555 003a FFF7FEFF 		bl	CAN_ITConfig
 556              	.LVL26:
 233:Lib/bsp/src/bsp_can.c **** 
 557              		.loc 1 233 1 is_stmt 0 view .LVU163
 558 003e 04B0     		add	sp, sp, #16
 559              		.cfi_def_cfa_offset 8
 560              		@ sp needed
 561 0040 10BD     		pop	{r4, pc}
 562              	.L26:
 563 0042 00BF     		.align	2
 564              	.L25:
 565 0044 00680040 		.word	1073768448
 566              		.cfi_endproc
 567              	.LFE131:
 569              		.section	.text.CAN1_NVIC_Config_Enable,"ax",%progbits
 570              		.align	1
 571              		.global	CAN1_NVIC_Config_Enable
 572              		.syntax unified
 573              		.thumb
 574              		.thumb_func
 576              	CAN1_NVIC_Config_Enable:
 577              	.LFB126:
 103:Lib/bsp/src/bsp_can.c ****     NVIC_InitTypeDef NVIC_InitStructure;
 578              		.loc 1 103 1 is_stmt 1 view -0
 579              		.cfi_startproc
 580              		@ args = 0, pretend = 0, frame = 8
 581              		@ frame_needed = 0, uses_anonymous_args = 0
 582 0000 00B5     		push	{lr}
 583              		.cfi_def_cfa_offset 4
 584              		.cfi_offset 14, -4
 585 0002 83B0     		sub	sp, sp, #12
ARM GAS  /tmp/ccvxsGkw.s 			page 18


 586              		.cfi_def_cfa_offset 16
 104:Lib/bsp/src/bsp_can.c ****     /* Configure one bit for preemption priority */
 587              		.loc 1 104 5 view .LVU165
 106:Lib/bsp/src/bsp_can.c ****     /*ä¸­æ–­è®¾ç½®*/
 588              		.loc 1 106 5 view .LVU166
 589 0004 4FF4C060 		mov	r0, #1536
 590 0008 FFF7FEFF 		bl	NVIC_PriorityGroupConfig
 591              	.LVL27:
 109:Lib/bsp/src/bsp_can.c ****     NVIC_InitStructure.NVIC_IRQChannelPreemptionPriority = 0;
 592              		.loc 1 109 5 view .LVU167
 109:Lib/bsp/src/bsp_can.c ****     NVIC_InitStructure.NVIC_IRQChannelPreemptionPriority = 0;
 593              		.loc 1 109 40 is_stmt 0 view .LVU168
 594 000c 1423     		movs	r3, #20
 595 000e 8DF80430 		strb	r3, [sp, #4]
 110:Lib/bsp/src/bsp_can.c ****     NVIC_InitStructure.NVIC_IRQChannelSubPriority = 1;
 596              		.loc 1 110 5 is_stmt 1 view .LVU169
 110:Lib/bsp/src/bsp_can.c ****     NVIC_InitStructure.NVIC_IRQChannelSubPriority = 1;
 597              		.loc 1 110 58 is_stmt 0 view .LVU170
 598 0012 0023     		movs	r3, #0
 599 0014 8DF80530 		strb	r3, [sp, #5]
 111:Lib/bsp/src/bsp_can.c ****     NVIC_InitStructure.NVIC_IRQChannelCmd = ENABLE;
 600              		.loc 1 111 5 is_stmt 1 view .LVU171
 111:Lib/bsp/src/bsp_can.c ****     NVIC_InitStructure.NVIC_IRQChannelCmd = ENABLE;
 601              		.loc 1 111 51 is_stmt 0 view .LVU172
 602 0018 0123     		movs	r3, #1
 603 001a 8DF80630 		strb	r3, [sp, #6]
 112:Lib/bsp/src/bsp_can.c ****     NVIC_Init(&NVIC_InitStructure);
 604              		.loc 1 112 5 is_stmt 1 view .LVU173
 112:Lib/bsp/src/bsp_can.c ****     NVIC_Init(&NVIC_InitStructure);
 605              		.loc 1 112 43 is_stmt 0 view .LVU174
 606 001e 8DF80730 		strb	r3, [sp, #7]
 113:Lib/bsp/src/bsp_can.c **** }
 607              		.loc 1 113 5 is_stmt 1 view .LVU175
 608 0022 01A8     		add	r0, sp, #4
 609 0024 FFF7FEFF 		bl	NVIC_Init
 610              	.LVL28:
 114:Lib/bsp/src/bsp_can.c **** 
 611              		.loc 1 114 1 is_stmt 0 view .LVU176
 612 0028 03B0     		add	sp, sp, #12
 613              		.cfi_def_cfa_offset 4
 614              		@ sp needed
 615 002a 5DF804FB 		ldr	pc, [sp], #4
 616              		.cfi_endproc
 617              	.LFE126:
 619              		.section	.text.CAN1_NVIC_Config_Disable,"ax",%progbits
 620              		.align	1
 621              		.global	CAN1_NVIC_Config_Disable
 622              		.syntax unified
 623              		.thumb
 624              		.thumb_func
 626              	CAN1_NVIC_Config_Disable:
 627              	.LFB127:
 117:Lib/bsp/src/bsp_can.c ****     NVIC_InitTypeDef NVIC_InitStructure;
 628              		.loc 1 117 1 is_stmt 1 view -0
 629              		.cfi_startproc
 630              		@ args = 0, pretend = 0, frame = 8
 631              		@ frame_needed = 0, uses_anonymous_args = 0
ARM GAS  /tmp/ccvxsGkw.s 			page 19


 632 0000 00B5     		push	{lr}
 633              		.cfi_def_cfa_offset 4
 634              		.cfi_offset 14, -4
 635 0002 83B0     		sub	sp, sp, #12
 636              		.cfi_def_cfa_offset 16
 118:Lib/bsp/src/bsp_can.c ****     /* Configure one bit for preemption priority */
 637              		.loc 1 118 5 view .LVU178
 120:Lib/bsp/src/bsp_can.c ****     /*ä¸­æ–­è®¾ç½®*/
 638              		.loc 1 120 5 view .LVU179
 639 0004 4FF4C060 		mov	r0, #1536
 640 0008 FFF7FEFF 		bl	NVIC_PriorityGroupConfig
 641              	.LVL29:
 123:Lib/bsp/src/bsp_can.c ****     NVIC_InitStructure.NVIC_IRQChannelPreemptionPriority = 0;
 642              		.loc 1 123 5 view .LVU180
 123:Lib/bsp/src/bsp_can.c ****     NVIC_InitStructure.NVIC_IRQChannelPreemptionPriority = 0;
 643              		.loc 1 123 40 is_stmt 0 view .LVU181
 644 000c 1423     		movs	r3, #20
 645 000e 8DF80430 		strb	r3, [sp, #4]
 124:Lib/bsp/src/bsp_can.c ****     NVIC_InitStructure.NVIC_IRQChannelSubPriority = 1;
 646              		.loc 1 124 5 is_stmt 1 view .LVU182
 124:Lib/bsp/src/bsp_can.c ****     NVIC_InitStructure.NVIC_IRQChannelSubPriority = 1;
 647              		.loc 1 124 58 is_stmt 0 view .LVU183
 648 0012 0023     		movs	r3, #0
 649 0014 8DF80530 		strb	r3, [sp, #5]
 125:Lib/bsp/src/bsp_can.c ****     NVIC_InitStructure.NVIC_IRQChannelCmd = ENABLE;
 650              		.loc 1 125 5 is_stmt 1 view .LVU184
 125:Lib/bsp/src/bsp_can.c ****     NVIC_InitStructure.NVIC_IRQChannelCmd = ENABLE;
 651              		.loc 1 125 51 is_stmt 0 view .LVU185
 652 0018 0123     		movs	r3, #1
 653 001a 8DF80630 		strb	r3, [sp, #6]
 126:Lib/bsp/src/bsp_can.c ****     NVIC_Init(&NVIC_InitStructure);
 654              		.loc 1 126 5 is_stmt 1 view .LVU186
 126:Lib/bsp/src/bsp_can.c ****     NVIC_Init(&NVIC_InitStructure);
 655              		.loc 1 126 43 is_stmt 0 view .LVU187
 656 001e 8DF80730 		strb	r3, [sp, #7]
 127:Lib/bsp/src/bsp_can.c **** }
 657              		.loc 1 127 5 is_stmt 1 view .LVU188
 658 0022 01A8     		add	r0, sp, #4
 659 0024 FFF7FEFF 		bl	NVIC_Init
 660              	.LVL30:
 128:Lib/bsp/src/bsp_can.c **** 
 661              		.loc 1 128 1 is_stmt 0 view .LVU189
 662 0028 03B0     		add	sp, sp, #12
 663              		.cfi_def_cfa_offset 4
 664              		@ sp needed
 665 002a 5DF804FB 		ldr	pc, [sp], #4
 666              		.cfi_endproc
 667              	.LFE127:
 669              		.section	.text.CAN1_Config,"ax",%progbits
 670              		.align	1
 671              		.global	CAN1_Config
 672              		.syntax unified
 673              		.thumb
 674              		.thumb_func
 676              	CAN1_Config:
 677              	.LFB128:
 131:Lib/bsp/src/bsp_can.c ****     CAN1_GPIO_Config();
ARM GAS  /tmp/ccvxsGkw.s 			page 20


 678              		.loc 1 131 1 is_stmt 1 view -0
 679              		.cfi_startproc
 680              		@ args = 0, pretend = 0, frame = 0
 681              		@ frame_needed = 0, uses_anonymous_args = 0
 682 0000 08B5     		push	{r3, lr}
 683              		.cfi_def_cfa_offset 8
 684              		.cfi_offset 3, -8
 685              		.cfi_offset 14, -4
 132:Lib/bsp/src/bsp_can.c ****     CAN1_Mode_Config();
 686              		.loc 1 132 5 view .LVU191
 687 0002 FFF7FEFF 		bl	CAN1_GPIO_Config
 688              	.LVL31:
 133:Lib/bsp/src/bsp_can.c **** 
 689              		.loc 1 133 5 view .LVU192
 690 0006 FFF7FEFF 		bl	CAN1_Mode_Config
 691              	.LVL32:
 135:Lib/bsp/src/bsp_can.c ****     CAN1_Filter_Config();
 692              		.loc 1 135 5 view .LVU193
 693 000a FFF7FEFF 		bl	CAN1_NVIC_Config_Enable
 694              	.LVL33:
 136:Lib/bsp/src/bsp_can.c **** }
 695              		.loc 1 136 5 view .LVU194
 696 000e FFF7FEFF 		bl	CAN1_Filter_Config
 697              	.LVL34:
 137:Lib/bsp/src/bsp_can.c **** 
 698              		.loc 1 137 1 is_stmt 0 view .LVU195
 699 0012 08BD     		pop	{r3, pc}
 700              		.cfi_endproc
 701              	.LFE128:
 703              		.section	.text.CAN2_Config,"ax",%progbits
 704              		.align	1
 705              		.global	CAN2_Config
 706              		.syntax unified
 707              		.thumb
 708              		.thumb_func
 710              	CAN2_Config:
 711              	.LFB133:
 248:Lib/bsp/src/bsp_can.c **** 
 249:Lib/bsp/src/bsp_can.c **** void CAN2_Config(void)
 250:Lib/bsp/src/bsp_can.c **** {
 712              		.loc 1 250 1 is_stmt 1 view -0
 713              		.cfi_startproc
 714              		@ args = 0, pretend = 0, frame = 0
 715              		@ frame_needed = 0, uses_anonymous_args = 0
 716 0000 08B5     		push	{r3, lr}
 717              		.cfi_def_cfa_offset 8
 718              		.cfi_offset 3, -8
 719              		.cfi_offset 14, -4
 251:Lib/bsp/src/bsp_can.c ****     CAN2_GPIO_Config();
 720              		.loc 1 251 5 view .LVU197
 721 0002 FFF7FEFF 		bl	CAN2_GPIO_Config
 722              	.LVL35:
 252:Lib/bsp/src/bsp_can.c ****     CAN2_Mode_Config();
 723              		.loc 1 252 5 view .LVU198
 724 0006 FFF7FEFF 		bl	CAN2_Mode_Config
 725              	.LVL36:
 253:Lib/bsp/src/bsp_can.c **** 
ARM GAS  /tmp/ccvxsGkw.s 			page 21


 254:Lib/bsp/src/bsp_can.c ****     CAN2_NVIC_Config();
 726              		.loc 1 254 5 view .LVU199
 727 000a FFF7FEFF 		bl	CAN2_NVIC_Config
 728              	.LVL37:
 255:Lib/bsp/src/bsp_can.c ****     CAN2_Filter_Config();
 729              		.loc 1 255 5 view .LVU200
 730 000e FFF7FEFF 		bl	CAN2_Filter_Config
 731              	.LVL38:
 256:Lib/bsp/src/bsp_can.c **** }
 732              		.loc 1 256 1 is_stmt 0 view .LVU201
 733 0012 08BD     		pop	{r3, pc}
 734              		.cfi_endproc
 735              	.LFE133:
 737              		.section	.text.CAN1_RX0_IRQHandler,"ax",%progbits
 738              		.align	1
 739              		.global	CAN1_RX0_IRQHandler
 740              		.syntax unified
 741              		.thumb
 742              		.thumb_func
 744              	CAN1_RX0_IRQHandler:
 745              	.LFB134:
 257:Lib/bsp/src/bsp_can.c **** 
 258:Lib/bsp/src/bsp_can.c **** /********************************************************************/
 259:Lib/bsp/src/bsp_can.c **** void CAN1_RX0_IRQHandler(void)
 260:Lib/bsp/src/bsp_can.c **** {
 746              		.loc 1 260 1 is_stmt 1 view -0
 747              		.cfi_startproc
 748              		@ args = 0, pretend = 0, frame = 0
 749              		@ frame_needed = 0, uses_anonymous_args = 0
 750 0000 10B5     		push	{r4, lr}
 751              		.cfi_def_cfa_offset 8
 752              		.cfi_offset 4, -8
 753              		.cfi_offset 14, -4
 261:Lib/bsp/src/bsp_can.c **** 
 262:Lib/bsp/src/bsp_can.c ****     /*ä»é‚®ç®±ä¸­è¯»å‡ºæŠ¥æ–‡*/
 263:Lib/bsp/src/bsp_can.c ****     GPIO_ToggleBits(GPIOB, GPIO_Pin_14);
 754              		.loc 1 263 5 view .LVU203
 755 0002 4FF48041 		mov	r1, #16384
 756 0006 0748     		ldr	r0, .L37
 757 0008 FFF7FEFF 		bl	GPIO_ToggleBits
 758              	.LVL39:
 264:Lib/bsp/src/bsp_can.c ****     CAN_Receive(CAN1, CAN_FIFO0, &Can1_RxMessage);
 759              		.loc 1 264 5 view .LVU204
 760 000c 064C     		ldr	r4, .L37+4
 761 000e 074A     		ldr	r2, .L37+8
 762 0010 0021     		movs	r1, #0
 763 0012 2046     		mov	r0, r4
 764 0014 FFF7FEFF 		bl	CAN_Receive
 765              	.LVL40:
 265:Lib/bsp/src/bsp_can.c ****     CAN_FIFORelease(CAN1, CAN_FIFO0);
 766              		.loc 1 265 5 view .LVU205
 767 0018 0021     		movs	r1, #0
 768 001a 2046     		mov	r0, r4
 769 001c FFF7FEFF 		bl	CAN_FIFORelease
 770              	.LVL41:
 266:Lib/bsp/src/bsp_can.c **** }
 771              		.loc 1 266 1 is_stmt 0 view .LVU206
ARM GAS  /tmp/ccvxsGkw.s 			page 22


 772 0020 10BD     		pop	{r4, pc}
 773              	.L38:
 774 0022 00BF     		.align	2
 775              	.L37:
 776 0024 00040240 		.word	1073873920
 777 0028 00640040 		.word	1073767424
 778 002c 00000000 		.word	.LANCHOR0
 779              		.cfi_endproc
 780              	.LFE134:
 782              		.section	.text.CAN2_RX0_IRQHandler,"ax",%progbits
 783              		.align	1
 784              		.global	CAN2_RX0_IRQHandler
 785              		.syntax unified
 786              		.thumb
 787              		.thumb_func
 789              	CAN2_RX0_IRQHandler:
 790              	.LFB135:
 267:Lib/bsp/src/bsp_can.c **** 
 268:Lib/bsp/src/bsp_can.c **** void CAN2_RX0_IRQHandler(void)
 269:Lib/bsp/src/bsp_can.c **** {
 791              		.loc 1 269 1 is_stmt 1 view -0
 792              		.cfi_startproc
 793              		@ args = 0, pretend = 0, frame = 0
 794              		@ frame_needed = 0, uses_anonymous_args = 0
 795 0000 10B5     		push	{r4, lr}
 796              		.cfi_def_cfa_offset 8
 797              		.cfi_offset 4, -8
 798              		.cfi_offset 14, -4
 270:Lib/bsp/src/bsp_can.c ****     /*ä»é‚®ç®±ä¸­è¯»å‡ºæŠ¥æ–‡*/
 271:Lib/bsp/src/bsp_can.c ****     GPIO_ToggleBits(GPIOB, GPIO_Pin_15);
 799              		.loc 1 271 5 view .LVU208
 800 0002 4FF40041 		mov	r1, #32768
 801 0006 0748     		ldr	r0, .L41
 802 0008 FFF7FEFF 		bl	GPIO_ToggleBits
 803              	.LVL42:
 272:Lib/bsp/src/bsp_can.c ****     CAN_Receive(CAN2, CAN_FIFO1, &Can2_RxMessage);
 804              		.loc 1 272 5 view .LVU209
 805 000c 064C     		ldr	r4, .L41+4
 806 000e 074A     		ldr	r2, .L41+8
 807 0010 0121     		movs	r1, #1
 808 0012 2046     		mov	r0, r4
 809 0014 FFF7FEFF 		bl	CAN_Receive
 810              	.LVL43:
 273:Lib/bsp/src/bsp_can.c ****     CAN_FIFORelease(CAN2, CAN_FIFO1);
 811              		.loc 1 273 5 view .LVU210
 812 0018 0121     		movs	r1, #1
 813 001a 2046     		mov	r0, r4
 814 001c FFF7FEFF 		bl	CAN_FIFORelease
 815              	.LVL44:
 274:Lib/bsp/src/bsp_can.c **** }...
 816              		.loc 1 274 1 is_stmt 0 view .LVU211
 817 0020 10BD     		pop	{r4, pc}
 818              	.L42:
 819 0022 00BF     		.align	2
 820              	.L41:
 821 0024 00040240 		.word	1073873920
 822 0028 00680040 		.word	1073768448
ARM GAS  /tmp/ccvxsGkw.s 			page 23


 823 002c 00000000 		.word	.LANCHOR1
 824              		.cfi_endproc
 825              	.LFE135:
 827              		.global	Can2_RxMessage
 828              		.global	Can2_TxMessage
 829              		.global	can2_recive_tag
 830              		.global	can1_recive_tag
 831              		.global	can1_rx_flag
 832              		.global	Can1_RxMessage
 833              		.global	Can1_TxMessage
 834              		.global	flag
 835              		.section	.bss.Can1_RxMessage,"aw",%nobits
 836              		.align	2
 837              		.set	.LANCHOR0,. + 0
 840              	Can1_RxMessage:
 841 0000 00000000 		.space	20
 841      00000000 
 841      00000000 
 841      00000000 
 841      00000000 
 842              		.section	.bss.Can1_TxMessage,"aw",%nobits
 843              		.align	2
 846              	Can1_TxMessage:
 847 0000 00000000 		.space	20
 847      00000000 
 847      00000000 
 847      00000000 
 847      00000000 
 848              		.section	.bss.Can2_RxMessage,"aw",%nobits
 849              		.align	2
 850              		.set	.LANCHOR1,. + 0
 853              	Can2_RxMessage:
 854 0000 00000000 		.space	20
 854      00000000 
 854      00000000 
 854      00000000 
 854      00000000 
 855              		.section	.bss.Can2_TxMessage,"aw",%nobits
 856              		.align	2
 859              	Can2_TxMessage:
 860 0000 00000000 		.space	20
 860      00000000 
 860      00000000 
 860      00000000 
 860      00000000 
 861              		.section	.bss.can1_recive_tag,"aw",%nobits
 864              	can1_recive_tag:
 865 0000 00       		.space	1
 866              		.section	.bss.can1_rx_flag,"aw",%nobits
 869              	can1_rx_flag:
 870 0000 00       		.space	1
 871              		.section	.bss.can2_recive_tag,"aw",%nobits
 874              	can2_recive_tag:
 875 0000 00       		.space	1
 876              		.section	.bss.flag,"aw",%nobits
 877              		.align	2
 880              	flag:
ARM GAS  /tmp/ccvxsGkw.s 			page 24


 881 0000 00000000 		.space	4
 882              		.text
 883              	.Letext0:
 884              		.file 2 "/usr/share/gcc-arm-none-eabi-10.3-2021.10/arm-none-eabi/include/machine/_default_types.h"
 885              		.file 3 "/usr/share/gcc-arm-none-eabi-10.3-2021.10/arm-none-eabi/include/sys/_stdint.h"
 886              		.file 4 "Drivers/CMSIS/Device/ST/STM32F4xx/Include/stm32f4xx.h"
 887              		.file 5 "Drivers/STM32F4xx_StdPeriph_Driver/inc/stm32f4xx_gpio.h"
 888              		.file 6 "Drivers/STM32F4xx_StdPeriph_Driver/inc/misc.h"
 889              		.file 7 "Drivers/STM32F4xx_StdPeriph_Driver/inc/stm32f4xx_can.h"
 890              		.file 8 "Drivers/STM32F4xx_StdPeriph_Driver/inc/stm32f4xx_rcc.h"
ARM GAS  /tmp/ccvxsGkw.s 			page 25


DEFINED SYMBOLS
                            *ABS*:0000000000000000 bsp_can.c
     /tmp/ccvxsGkw.s:20     .text.CAN2_NVIC_Config:0000000000000000 $t
     /tmp/ccvxsGkw.s:25     .text.CAN2_NVIC_Config:0000000000000000 CAN2_NVIC_Config
     /tmp/ccvxsGkw.s:70     .text.CAN1_GPIO_Config:0000000000000000 $t
     /tmp/ccvxsGkw.s:75     .text.CAN1_GPIO_Config:0000000000000000 CAN1_GPIO_Config
     /tmp/ccvxsGkw.s:156    .text.CAN1_GPIO_Config:0000000000000068 $d
     /tmp/ccvxsGkw.s:161    .text.CAN2_GPIO_Config:0000000000000000 $t
     /tmp/ccvxsGkw.s:166    .text.CAN2_GPIO_Config:0000000000000000 CAN2_GPIO_Config
     /tmp/ccvxsGkw.s:247    .text.CAN2_GPIO_Config:0000000000000064 $d
     /tmp/ccvxsGkw.s:252    .text.CAN1_Mode_Config:0000000000000000 $t
     /tmp/ccvxsGkw.s:257    .text.CAN1_Mode_Config:0000000000000000 CAN1_Mode_Config
     /tmp/ccvxsGkw.s:333    .text.CAN1_Mode_Config:000000000000005c $d
     /tmp/ccvxsGkw.s:338    .text.CAN2_Mode_Config:0000000000000000 $t
     /tmp/ccvxsGkw.s:343    .text.CAN2_Mode_Config:0000000000000000 CAN2_Mode_Config
     /tmp/ccvxsGkw.s:424    .text.CAN2_Mode_Config:0000000000000064 $d
     /tmp/ccvxsGkw.s:429    .text.CAN1_Filter_Config:0000000000000000 $t
     /tmp/ccvxsGkw.s:434    .text.CAN1_Filter_Config:0000000000000000 CAN1_Filter_Config
     /tmp/ccvxsGkw.s:494    .text.CAN1_Filter_Config:0000000000000040 $d
     /tmp/ccvxsGkw.s:499    .text.CAN2_Filter_Config:0000000000000000 $t
     /tmp/ccvxsGkw.s:504    .text.CAN2_Filter_Config:0000000000000000 CAN2_Filter_Config
     /tmp/ccvxsGkw.s:565    .text.CAN2_Filter_Config:0000000000000044 $d
     /tmp/ccvxsGkw.s:570    .text.CAN1_NVIC_Config_Enable:0000000000000000 $t
     /tmp/ccvxsGkw.s:576    .text.CAN1_NVIC_Config_Enable:0000000000000000 CAN1_NVIC_Config_Enable
     /tmp/ccvxsGkw.s:620    .text.CAN1_NVIC_Config_Disable:0000000000000000 $t
     /tmp/ccvxsGkw.s:626    .text.CAN1_NVIC_Config_Disable:0000000000000000 CAN1_NVIC_Config_Disable
     /tmp/ccvxsGkw.s:670    .text.CAN1_Config:0000000000000000 $t
     /tmp/ccvxsGkw.s:676    .text.CAN1_Config:0000000000000000 CAN1_Config
     /tmp/ccvxsGkw.s:704    .text.CAN2_Config:0000000000000000 $t
     /tmp/ccvxsGkw.s:710    .text.CAN2_Config:0000000000000000 CAN2_Config
     /tmp/ccvxsGkw.s:738    .text.CAN1_RX0_IRQHandler:0000000000000000 $t
     /tmp/ccvxsGkw.s:744    .text.CAN1_RX0_IRQHandler:0000000000000000 CAN1_RX0_IRQHandler
     /tmp/ccvxsGkw.s:776    .text.CAN1_RX0_IRQHandler:0000000000000024 $d
     /tmp/ccvxsGkw.s:783    .text.CAN2_RX0_IRQHandler:0000000000000000 $t
     /tmp/ccvxsGkw.s:789    .text.CAN2_RX0_IRQHandler:0000000000000000 CAN2_RX0_IRQHandler
     /tmp/ccvxsGkw.s:821    .text.CAN2_RX0_IRQHandler:0000000000000024 $d
     /tmp/ccvxsGkw.s:853    .bss.Can2_RxMessage:0000000000000000 Can2_RxMessage
     /tmp/ccvxsGkw.s:859    .bss.Can2_TxMessage:0000000000000000 Can2_TxMessage
     /tmp/ccvxsGkw.s:874    .bss.can2_recive_tag:0000000000000000 can2_recive_tag
     /tmp/ccvxsGkw.s:864    .bss.can1_recive_tag:0000000000000000 can1_recive_tag
     /tmp/ccvxsGkw.s:869    .bss.can1_rx_flag:0000000000000000 can1_rx_flag
     /tmp/ccvxsGkw.s:840    .bss.Can1_RxMessage:0000000000000000 Can1_RxMessage
     /tmp/ccvxsGkw.s:846    .bss.Can1_TxMessage:0000000000000000 Can1_TxMessage
     /tmp/ccvxsGkw.s:880    .bss.flag:0000000000000000 flag
     /tmp/ccvxsGkw.s:836    .bss.Can1_RxMessage:0000000000000000 $d
     /tmp/ccvxsGkw.s:843    .bss.Can1_TxMessage:0000000000000000 $d
     /tmp/ccvxsGkw.s:849    .bss.Can2_RxMessage:0000000000000000 $d
     /tmp/ccvxsGkw.s:856    .bss.Can2_TxMessage:0000000000000000 $d
     /tmp/ccvxsGkw.s:865    .bss.can1_recive_tag:0000000000000000 $d
     /tmp/ccvxsGkw.s:870    .bss.can1_rx_flag:0000000000000000 $d
     /tmp/ccvxsGkw.s:875    .bss.can2_recive_tag:0000000000000000 $d
     /tmp/ccvxsGkw.s:877    .bss.flag:0000000000000000 $d

UNDEFINED SYMBOLS
NVIC_PriorityGroupConfig
NVIC_Init
RCC_APB1PeriphClockCmd
ARM GAS  /tmp/ccvxsGkw.s 			page 26


RCC_AHB1PeriphClockCmd
GPIO_PinAFConfig
GPIO_Init
CAN_DeInit
CAN_StructInit
CAN_Init
CAN_FilterInit
CAN_ITConfig
GPIO_ToggleBits
CAN_Receive
CAN_FIFORelease
