ARM GAS  /tmp/ccnQUkHq.s 			page 1


   1              		.cpu cortex-m4
   2              		.arch armv7e-m
   3              		.fpu fpv4-sp-d16
   4              		.eabi_attribute 27, 1
   5              		.eabi_attribute 28, 1
   6              		.eabi_attribute 20, 1
   7              		.eabi_attribute 21, 1
   8              		.eabi_attribute 23, 3
   9              		.eabi_attribute 24, 1
  10              		.eabi_attribute 25, 1
  11              		.eabi_attribute 26, 1
  12              		.eabi_attribute 30, 1
  13              		.eabi_attribute 34, 1
  14              		.eabi_attribute 18, 4
  15              		.file	"ecatapp.c"
  16              		.text
  17              	.Ltext0:
  18              		.cfi_sections	.debug_frame
  19              		.section	.text.ecatapp,"ax",%progbits
  20              		.align	1
  21              		.global	ecatapp
  22              		.syntax unified
  23              		.thumb
  24              		.thumb_func
  26              	ecatapp:
  27              	.LFB127:
  28              		.file 1 "Core/Src/ecatapp.c"
   1:Core/Src/ecatapp.c **** #include "esc.h"
   2:Core/Src/ecatapp.c **** #include "ecat_slv.h"
   3:Core/Src/ecatapp.c **** #include "utypes.h"
   4:Core/Src/ecatapp.c **** 
   5:Core/Src/ecatapp.c **** #include "esc_irq.h"
   6:Core/Src/ecatapp.c **** #include "pdo_override.h"
   7:Core/Src/ecatapp.c **** #include "ecatapp.h"
   8:Core/Src/ecatapp.c **** #include "stm32f4xx.h"
   9:Core/Src/ecatapp.c **** 
  10:Core/Src/ecatapp.c **** #include "bsp_can.h"
  11:Core/Src/ecatapp.c **** 
  12:Core/Src/ecatapp.c **** int last_heart = 0;
  13:Core/Src/ecatapp.c **** int heart[10] = {0};
  14:Core/Src/ecatapp.c **** bool heart_tag = 0;
  15:Core/Src/ecatapp.c **** 
  16:Core/Src/ecatapp.c **** extern uint8_t can1_rx_flag;
  17:Core/Src/ecatapp.c **** 
  18:Core/Src/ecatapp.c **** extern __IO uint32_t flag;
  19:Core/Src/ecatapp.c **** 
  20:Core/Src/ecatapp.c **** extern CanTxMsg Can1_TxMessage; // 发送缓冲区
  21:Core/Src/ecatapp.c **** extern CanRxMsg Can1_RxMessage; // 接收缓冲区
  22:Core/Src/ecatapp.c **** 
  23:Core/Src/ecatapp.c **** extern CanTxMsg Can2_TxMessage; // 发送缓冲区
  24:Core/Src/ecatapp.c **** extern CanRxMsg Can2_RxMessage; // 接收缓冲区
  25:Core/Src/ecatapp.c **** 
  26:Core/Src/ecatapp.c **** extern uint8_t can1_recive_tag;
  27:Core/Src/ecatapp.c **** extern uint8_t can2_recive_tag;
  28:Core/Src/ecatapp.c **** 
  29:Core/Src/ecatapp.c **** /* CANopen Object Dictionary */
  30:Core/Src/ecatapp.c **** _Objects Obj;
ARM GAS  /tmp/ccnQUkHq.s 			page 2


  31:Core/Src/ecatapp.c **** 
  32:Core/Src/ecatapp.c **** /* Application hook declaration */
  33:Core/Src/ecatapp.c **** void ecatapp(void);
  34:Core/Src/ecatapp.c **** uint16_t check_dc_handler(void);
  35:Core/Src/ecatapp.c **** 
  36:Core/Src/ecatapp.c **** /* SOES configuration */
  37:Core/Src/ecatapp.c **** static esc_cfg_t config = {
  38:Core/Src/ecatapp.c ****     .user_arg = "ax58100",
  39:Core/Src/ecatapp.c ****     .use_interrupt = 1,
  40:Core/Src/ecatapp.c ****     .watchdog_cnt = INT32_MAX,
  41:Core/Src/ecatapp.c ****     .set_defaults_hook = NULL,
  42:Core/Src/ecatapp.c ****     .pre_state_change_hook = NULL,
  43:Core/Src/ecatapp.c ****     .post_state_change_hook = NULL,
  44:Core/Src/ecatapp.c ****     .application_hook = ecatapp,
  45:Core/Src/ecatapp.c ****     .safeoutput_override = NULL,
  46:Core/Src/ecatapp.c ****     .pre_object_download_hook = NULL,
  47:Core/Src/ecatapp.c ****     .post_object_download_hook = NULL,
  48:Core/Src/ecatapp.c ****     .rxpdo_override = rxpdo_override,
  49:Core/Src/ecatapp.c ****     .txpdo_override = txpdo_override,
  50:Core/Src/ecatapp.c ****     .esc_hw_interrupt_enable = ESC_interrupt_enable,
  51:Core/Src/ecatapp.c ****     .esc_hw_interrupt_disable = ESC_interrupt_disable,
  52:Core/Src/ecatapp.c ****     .esc_hw_eep_handler = NULL,
  53:Core/Src/ecatapp.c ****     .esc_check_dc_handler = check_dc_handler,
  54:Core/Src/ecatapp.c **** };
  55:Core/Src/ecatapp.c **** 
  56:Core/Src/ecatapp.c **** /* CiA402 motion control configuration */
  57:Core/Src/ecatapp.c **** 
  58:Core/Src/ecatapp.c **** // **************************************************************
  59:Core/Src/ecatapp.c **** 
  60:Core/Src/ecatapp.c **** static uint8_t sync0_irq_flag = 0;
  61:Core/Src/ecatapp.c **** 
  62:Core/Src/ecatapp.c **** void EXTI0_IRQHandler(void)
  63:Core/Src/ecatapp.c **** {
  64:Core/Src/ecatapp.c ****     if (EXTI_GetITStatus(EXTI_Line0) != RESET)
  65:Core/Src/ecatapp.c ****     {
  66:Core/Src/ecatapp.c ****         EXTI_ClearITPendingBit(EXTI_Line0);
  67:Core/Src/ecatapp.c ****         sync0_irq_flag = 1;
  68:Core/Src/ecatapp.c ****         // GPIO_ToggleBits(GPIOB, GPIO_Pin_15);
  69:Core/Src/ecatapp.c ****     }
  70:Core/Src/ecatapp.c **** }
  71:Core/Src/ecatapp.c **** 
  72:Core/Src/ecatapp.c **** static uint8_t pdi_irq_flag = 0;
  73:Core/Src/ecatapp.c **** 
  74:Core/Src/ecatapp.c **** void EXTI9_5_IRQHandler(void)
  75:Core/Src/ecatapp.c **** {
  76:Core/Src/ecatapp.c ****     if (EXTI_GetITStatus(EXTI_Line8) != RESET)
  77:Core/Src/ecatapp.c ****     {
  78:Core/Src/ecatapp.c ****         EXTI_ClearITPendingBit(EXTI_Line8);
  79:Core/Src/ecatapp.c ****         pdi_irq_flag = 1;
  80:Core/Src/ecatapp.c ****     }
  81:Core/Src/ecatapp.c **** }
  82:Core/Src/ecatapp.c **** // **************************************************************
  83:Core/Src/ecatapp.c **** 
  84:Core/Src/ecatapp.c **** void ecatapp_init(void)
  85:Core/Src/ecatapp.c **** {
  86:Core/Src/ecatapp.c ****     ecat_slv_init(&config);
  87:Core/Src/ecatapp.c ****     init_override();
ARM GAS  /tmp/ccnQUkHq.s 			page 3


  88:Core/Src/ecatapp.c **** }
  89:Core/Src/ecatapp.c **** 
  90:Core/Src/ecatapp.c **** uint16_t check_dc_handler(void)
  91:Core/Src/ecatapp.c **** {
  92:Core/Src/ecatapp.c **** // minimum watchdog value is 1 ms, in nanoseconds
  93:Core/Src/ecatapp.c **** #define MIN_WATCHDOG_VALUE_NS 1000000
  94:Core/Src/ecatapp.c **** 
  95:Core/Src/ecatapp.c ****     /* Indicate we run DC */
  96:Core/Src/ecatapp.c ****     ESCvar.dcsync = 1;
  97:Core/Src/ecatapp.c ****     /* Fetch the sync counter limit (SDO10F1) */
  98:Core/Src/ecatapp.c ****     ESCvar.synccounterlimit = Obj.Error_Settings.SyncErrorCounterLimit;
  99:Core/Src/ecatapp.c **** 
 100:Core/Src/ecatapp.c ****     uint32_t sync0cycleTime = ESC_enable_DC();
 101:Core/Src/ecatapp.c ****     Obj.Sync_Manager_2_Parameters.CycleTime = sync0cycleTime;
 102:Core/Src/ecatapp.c ****     // Obj.Sync_Manager_3_Parameters.CycleTime = sync0cycleTime;
 103:Core/Src/ecatapp.c ****     // calculate watchdog value as 2 x SYNC0 cycle time
 104:Core/Src/ecatapp.c ****     int watchdog_value = 2 * sync0cycleTime;
 105:Core/Src/ecatapp.c ****     if (watchdog_value < MIN_WATCHDOG_VALUE_NS)
 106:Core/Src/ecatapp.c ****     {
 107:Core/Src/ecatapp.c ****         watchdog_value = MIN_WATCHDOG_VALUE_NS;
 108:Core/Src/ecatapp.c ****     }
 109:Core/Src/ecatapp.c ****     APP_setwatchdog(watchdog_value);
 110:Core/Src/ecatapp.c **** 
 111:Core/Src/ecatapp.c ****     return 0;
 112:Core/Src/ecatapp.c **** }
 113:Core/Src/ecatapp.c **** 
 114:Core/Src/ecatapp.c **** void ecatapp()
 115:Core/Src/ecatapp.c **** {
  29              		.loc 1 115 1 view -0
  30              		.cfi_startproc
  31              		@ args = 0, pretend = 0, frame = 0
  32              		@ frame_needed = 0, uses_anonymous_args = 0
  33              		@ link register save eliminated.
 116:Core/Src/ecatapp.c **** }
  34              		.loc 1 116 1 view .LVU1
  35 0000 7047     		bx	lr
  36              		.cfi_endproc
  37              	.LFE127:
  39              		.section	.text.check_dc_handler,"ax",%progbits
  40              		.align	1
  41              		.global	check_dc_handler
  42              		.syntax unified
  43              		.thumb
  44              		.thumb_func
  46              	check_dc_handler:
  47              	.LFB126:
  91:Core/Src/ecatapp.c **** // minimum watchdog value is 1 ms, in nanoseconds
  48              		.loc 1 91 1 view -0
  49              		.cfi_startproc
  50              		@ args = 0, pretend = 0, frame = 0
  51              		@ frame_needed = 0, uses_anonymous_args = 0
  52 0000 10B5     		push	{r4, lr}
  53              		.cfi_def_cfa_offset 8
  54              		.cfi_offset 4, -8
  55              		.cfi_offset 14, -4
  96:Core/Src/ecatapp.c ****     /* Fetch the sync counter limit (SDO10F1) */
  56              		.loc 1 96 5 view .LVU3
ARM GAS  /tmp/ccnQUkHq.s 			page 4


  96:Core/Src/ecatapp.c ****     /* Fetch the sync counter limit (SDO10F1) */
  57              		.loc 1 96 19 is_stmt 0 view .LVU4
  58 0002 0B4B     		ldr	r3, .L6
  59 0004 0122     		movs	r2, #1
  60 0006 83F87C20 		strb	r2, [r3, #124]
  98:Core/Src/ecatapp.c **** 
  61              		.loc 1 98 5 is_stmt 1 view .LVU5
  98:Core/Src/ecatapp.c **** 
  62              		.loc 1 98 49 is_stmt 0 view .LVU6
  63 000a 0A4C     		ldr	r4, .L6+4
  64 000c E26C     		ldr	r2, [r4, #76]
  98:Core/Src/ecatapp.c **** 
  65              		.loc 1 98 29 view .LVU7
  66 000e A3F87E20 		strh	r2, [r3, #126]	@ movhi
 100:Core/Src/ecatapp.c ****     Obj.Sync_Manager_2_Parameters.CycleTime = sync0cycleTime;
  67              		.loc 1 100 5 is_stmt 1 view .LVU8
 100:Core/Src/ecatapp.c ****     Obj.Sync_Manager_2_Parameters.CycleTime = sync0cycleTime;
  68              		.loc 1 100 31 is_stmt 0 view .LVU9
  69 0012 FFF7FEFF 		bl	ESC_enable_DC
  70              	.LVL0:
  71 0016 0346     		mov	r3, r0
  72              	.LVL1:
 101:Core/Src/ecatapp.c ****     // Obj.Sync_Manager_3_Parameters.CycleTime = sync0cycleTime;
  73              		.loc 1 101 5 is_stmt 1 view .LVU10
 101:Core/Src/ecatapp.c ****     // Obj.Sync_Manager_3_Parameters.CycleTime = sync0cycleTime;
  74              		.loc 1 101 45 is_stmt 0 view .LVU11
  75 0018 6065     		str	r0, [r4, #84]
 104:Core/Src/ecatapp.c ****     if (watchdog_value < MIN_WATCHDOG_VALUE_NS)
  76              		.loc 1 104 5 is_stmt 1 view .LVU12
 104:Core/Src/ecatapp.c ****     if (watchdog_value < MIN_WATCHDOG_VALUE_NS)
  77              		.loc 1 104 28 is_stmt 0 view .LVU13
  78 001a 4000     		lsls	r0, r0, #1
  79              	.LVL2:
 105:Core/Src/ecatapp.c ****     {
  80              		.loc 1 105 5 is_stmt 1 view .LVU14
 105:Core/Src/ecatapp.c ****     {
  81              		.loc 1 105 8 is_stmt 0 view .LVU15
  82 001c 064A     		ldr	r2, .L6+8
  83 001e B2EB430F 		cmp	r2, r3, lsl #1
  84 0022 00DB     		blt	.L3
 107:Core/Src/ecatapp.c ****     }
  85              		.loc 1 107 24 view .LVU16
  86 0024 0548     		ldr	r0, .L6+12
  87              	.LVL3:
  88              	.L3:
 109:Core/Src/ecatapp.c **** 
  89              		.loc 1 109 5 is_stmt 1 view .LVU17
  90 0026 FFF7FEFF 		bl	APP_setwatchdog
  91              	.LVL4:
 111:Core/Src/ecatapp.c **** }
  92              		.loc 1 111 5 view .LVU18
 112:Core/Src/ecatapp.c **** 
  93              		.loc 1 112 1 is_stmt 0 view .LVU19
  94 002a 0020     		movs	r0, #0
  95 002c 10BD     		pop	{r4, pc}
  96              	.L7:
  97 002e 00BF     		.align	2
ARM GAS  /tmp/ccnQUkHq.s 			page 5


  98              	.L6:
  99 0030 00000000 		.word	ESCvar
 100 0034 00000000 		.word	.LANCHOR0
 101 0038 3F420F00 		.word	999999
 102 003c 40420F00 		.word	1000000
 103              		.cfi_endproc
 104              	.LFE126:
 106              		.section	.text.EXTI0_IRQHandler,"ax",%progbits
 107              		.align	1
 108              		.global	EXTI0_IRQHandler
 109              		.syntax unified
 110              		.thumb
 111              		.thumb_func
 113              	EXTI0_IRQHandler:
 114              	.LFB123:
  63:Core/Src/ecatapp.c ****     if (EXTI_GetITStatus(EXTI_Line0) != RESET)
 115              		.loc 1 63 1 is_stmt 1 view -0
 116              		.cfi_startproc
 117              		@ args = 0, pretend = 0, frame = 0
 118              		@ frame_needed = 0, uses_anonymous_args = 0
 119 0000 08B5     		push	{r3, lr}
 120              		.cfi_def_cfa_offset 8
 121              		.cfi_offset 3, -8
 122              		.cfi_offset 14, -4
  64:Core/Src/ecatapp.c ****     {
 123              		.loc 1 64 5 view .LVU21
  64:Core/Src/ecatapp.c ****     {
 124              		.loc 1 64 9 is_stmt 0 view .LVU22
 125 0002 0120     		movs	r0, #1
 126 0004 FFF7FEFF 		bl	EXTI_GetITStatus
 127              	.LVL5:
  64:Core/Src/ecatapp.c ****     {
 128              		.loc 1 64 8 view .LVU23
 129 0008 00B9     		cbnz	r0, .L11
 130              	.L8:
  70:Core/Src/ecatapp.c **** 
 131              		.loc 1 70 1 view .LVU24
 132 000a 08BD     		pop	{r3, pc}
 133              	.L11:
  66:Core/Src/ecatapp.c ****         sync0_irq_flag = 1;
 134              		.loc 1 66 9 is_stmt 1 view .LVU25
 135 000c 0120     		movs	r0, #1
 136 000e FFF7FEFF 		bl	EXTI_ClearITPendingBit
 137              	.LVL6:
  67:Core/Src/ecatapp.c ****         // GPIO_ToggleBits(GPIOB, GPIO_Pin_15);
 138              		.loc 1 67 9 view .LVU26
  67:Core/Src/ecatapp.c ****         // GPIO_ToggleBits(GPIOB, GPIO_Pin_15);
 139              		.loc 1 67 24 is_stmt 0 view .LVU27
 140 0012 024B     		ldr	r3, .L12
 141 0014 0122     		movs	r2, #1
 142 0016 1A70     		strb	r2, [r3]
  70:Core/Src/ecatapp.c **** 
 143              		.loc 1 70 1 view .LVU28
 144 0018 F7E7     		b	.L8
 145              	.L13:
 146 001a 00BF     		.align	2
 147              	.L12:
ARM GAS  /tmp/ccnQUkHq.s 			page 6


 148 001c 00000000 		.word	.LANCHOR1
 149              		.cfi_endproc
 150              	.LFE123:
 152              		.section	.text.EXTI9_5_IRQHandler,"ax",%progbits
 153              		.align	1
 154              		.global	EXTI9_5_IRQHandler
 155              		.syntax unified
 156              		.thumb
 157              		.thumb_func
 159              	EXTI9_5_IRQHandler:
 160              	.LFB124:
  75:Core/Src/ecatapp.c ****     if (EXTI_GetITStatus(EXTI_Line8) != RESET)
 161              		.loc 1 75 1 is_stmt 1 view -0
 162              		.cfi_startproc
 163              		@ args = 0, pretend = 0, frame = 0
 164              		@ frame_needed = 0, uses_anonymous_args = 0
 165 0000 08B5     		push	{r3, lr}
 166              		.cfi_def_cfa_offset 8
 167              		.cfi_offset 3, -8
 168              		.cfi_offset 14, -4
  76:Core/Src/ecatapp.c ****     {
 169              		.loc 1 76 5 view .LVU30
  76:Core/Src/ecatapp.c ****     {
 170              		.loc 1 76 9 is_stmt 0 view .LVU31
 171 0002 4FF48070 		mov	r0, #256
 172 0006 FFF7FEFF 		bl	EXTI_GetITStatus
 173              	.LVL7:
  76:Core/Src/ecatapp.c ****     {
 174              		.loc 1 76 8 view .LVU32
 175 000a 00B9     		cbnz	r0, .L17
 176              	.L14:
  81:Core/Src/ecatapp.c **** // **************************************************************
 177              		.loc 1 81 1 view .LVU33
 178 000c 08BD     		pop	{r3, pc}
 179              	.L17:
  78:Core/Src/ecatapp.c ****         pdi_irq_flag = 1;
 180              		.loc 1 78 9 is_stmt 1 view .LVU34
 181 000e 4FF48070 		mov	r0, #256
 182 0012 FFF7FEFF 		bl	EXTI_ClearITPendingBit
 183              	.LVL8:
  79:Core/Src/ecatapp.c ****     }
 184              		.loc 1 79 9 view .LVU35
  79:Core/Src/ecatapp.c ****     }
 185              		.loc 1 79 22 is_stmt 0 view .LVU36
 186 0016 024B     		ldr	r3, .L18
 187 0018 0122     		movs	r2, #1
 188 001a 1A70     		strb	r2, [r3]
  81:Core/Src/ecatapp.c **** // **************************************************************
 189              		.loc 1 81 1 view .LVU37
 190 001c F6E7     		b	.L14
 191              	.L19:
 192 001e 00BF     		.align	2
 193              	.L18:
 194 0020 00000000 		.word	.LANCHOR2
 195              		.cfi_endproc
 196              	.LFE124:
 198              		.section	.text.ecatapp_init,"ax",%progbits
ARM GAS  /tmp/ccnQUkHq.s 			page 7


 199              		.align	1
 200              		.global	ecatapp_init
 201              		.syntax unified
 202              		.thumb
 203              		.thumb_func
 205              	ecatapp_init:
 206              	.LFB125:
  85:Core/Src/ecatapp.c ****     ecat_slv_init(&config);
 207              		.loc 1 85 1 is_stmt 1 view -0
 208              		.cfi_startproc
 209              		@ args = 0, pretend = 0, frame = 0
 210              		@ frame_needed = 0, uses_anonymous_args = 0
 211 0000 08B5     		push	{r3, lr}
 212              		.cfi_def_cfa_offset 8
 213              		.cfi_offset 3, -8
 214              		.cfi_offset 14, -4
  86:Core/Src/ecatapp.c ****     init_override();
 215              		.loc 1 86 5 view .LVU39
 216 0002 0348     		ldr	r0, .L22
 217 0004 FFF7FEFF 		bl	ecat_slv_init
 218              	.LVL9:
  87:Core/Src/ecatapp.c **** }
 219              		.loc 1 87 5 view .LVU40
 220 0008 FFF7FEFF 		bl	init_override
 221              	.LVL10:
  88:Core/Src/ecatapp.c **** 
 222              		.loc 1 88 1 is_stmt 0 view .LVU41
 223 000c 08BD     		pop	{r3, pc}
 224              	.L23:
 225 000e 00BF     		.align	2
 226              	.L22:
 227 0010 00000000 		.word	.LANCHOR3
 228              		.cfi_endproc
 229              	.LFE125:
 231              		.section	.text.cb_get_inputs,"ax",%progbits
 232              		.align	1
 233              		.global	cb_get_inputs
 234              		.syntax unified
 235              		.thumb
 236              		.thumb_func
 238              	cb_get_inputs:
 239              	.LFB128:
 117:Core/Src/ecatapp.c **** 
 118:Core/Src/ecatapp.c **** void cb_get_inputs()
 119:Core/Src/ecatapp.c **** {
 240              		.loc 1 119 1 is_stmt 1 view -0
 241              		.cfi_startproc
 242              		@ args = 0, pretend = 0, frame = 0
 243              		@ frame_needed = 0, uses_anonymous_args = 0
 244 0000 08B5     		push	{r3, lr}
 245              		.cfi_def_cfa_offset 8
 246              		.cfi_offset 3, -8
 247              		.cfi_offset 14, -4
 120:Core/Src/ecatapp.c ****     Can1_TxMessage.StdId = Obj.can1_tx.StdId;
 248              		.loc 1 120 5 view .LVU43
 249              		.loc 1 120 39 is_stmt 0 view .LVU44
 250 0002 364B     		ldr	r3, .L30
ARM GAS  /tmp/ccnQUkHq.s 			page 8


 251 0004 596A     		ldr	r1, [r3, #36]
 252              		.loc 1 120 26 view .LVU45
 253 0006 364A     		ldr	r2, .L30+4
 254 0008 1160     		str	r1, [r2]
 121:Core/Src/ecatapp.c ****     Can1_TxMessage.ExtId = Obj.can1_tx.ExtId;
 255              		.loc 1 121 5 is_stmt 1 view .LVU46
 256              		.loc 1 121 39 is_stmt 0 view .LVU47
 257 000a 93F82810 		ldrb	r1, [r3, #40]	@ zero_extendqisi2
 258              		.loc 1 121 26 view .LVU48
 259 000e 5160     		str	r1, [r2, #4]
 122:Core/Src/ecatapp.c ****     Can1_TxMessage.IDE = Obj.can1_tx.IDE;
 260              		.loc 1 122 5 is_stmt 1 view .LVU49
 261              		.loc 1 122 37 is_stmt 0 view .LVU50
 262 0010 93F82910 		ldrb	r1, [r3, #41]	@ zero_extendqisi2
 263              		.loc 1 122 24 view .LVU51
 264 0014 1172     		strb	r1, [r2, #8]
 123:Core/Src/ecatapp.c ****     Can1_TxMessage.RTR = Obj.can1_tx.RTR;
 265              		.loc 1 123 5 is_stmt 1 view .LVU52
 266              		.loc 1 123 37 is_stmt 0 view .LVU53
 267 0016 93F82A10 		ldrb	r1, [r3, #42]	@ zero_extendqisi2
 268              		.loc 1 123 24 view .LVU54
 269 001a 5172     		strb	r1, [r2, #9]
 124:Core/Src/ecatapp.c ****     Can1_TxMessage.DLC = Obj.can1_tx.DLC;
 270              		.loc 1 124 5 is_stmt 1 view .LVU55
 271              		.loc 1 124 37 is_stmt 0 view .LVU56
 272 001c 93F82B10 		ldrb	r1, [r3, #43]	@ zero_extendqisi2
 273              		.loc 1 124 24 view .LVU57
 274 0020 9172     		strb	r1, [r2, #10]
 125:Core/Src/ecatapp.c **** 
 126:Core/Src/ecatapp.c ****     Can1_TxMessage.Data[0] = Obj.can1_tx_data[0];
 275              		.loc 1 126 5 is_stmt 1 view .LVU58
 276              		.loc 1 126 46 is_stmt 0 view .LVU59
 277 0022 93F82C10 		ldrb	r1, [r3, #44]	@ zero_extendqisi2
 278              		.loc 1 126 28 view .LVU60
 279 0026 D172     		strb	r1, [r2, #11]
 127:Core/Src/ecatapp.c ****     Can1_TxMessage.Data[1] = Obj.can1_tx_data[1];
 280              		.loc 1 127 5 is_stmt 1 view .LVU61
 281              		.loc 1 127 46 is_stmt 0 view .LVU62
 282 0028 93F82D10 		ldrb	r1, [r3, #45]	@ zero_extendqisi2
 283              		.loc 1 127 28 view .LVU63
 284 002c 1173     		strb	r1, [r2, #12]
 128:Core/Src/ecatapp.c ****     Can1_TxMessage.Data[2] = Obj.can1_tx_data[2];
 285              		.loc 1 128 5 is_stmt 1 view .LVU64
 286              		.loc 1 128 46 is_stmt 0 view .LVU65
 287 002e 93F82E10 		ldrb	r1, [r3, #46]	@ zero_extendqisi2
 288              		.loc 1 128 28 view .LVU66
 289 0032 5173     		strb	r1, [r2, #13]
 129:Core/Src/ecatapp.c ****     Can1_TxMessage.Data[3] = Obj.can1_tx_data[3];
 290              		.loc 1 129 5 is_stmt 1 view .LVU67
 291              		.loc 1 129 46 is_stmt 0 view .LVU68
 292 0034 93F82F10 		ldrb	r1, [r3, #47]	@ zero_extendqisi2
 293              		.loc 1 129 28 view .LVU69
 294 0038 9173     		strb	r1, [r2, #14]
 130:Core/Src/ecatapp.c ****     Can1_TxMessage.Data[4] = Obj.can1_tx_data[4];
 295              		.loc 1 130 5 is_stmt 1 view .LVU70
 296              		.loc 1 130 46 is_stmt 0 view .LVU71
 297 003a 93F83010 		ldrb	r1, [r3, #48]	@ zero_extendqisi2
ARM GAS  /tmp/ccnQUkHq.s 			page 9


 298              		.loc 1 130 28 view .LVU72
 299 003e D173     		strb	r1, [r2, #15]
 131:Core/Src/ecatapp.c ****     Can1_TxMessage.Data[5] = Obj.can1_tx_data[5];
 300              		.loc 1 131 5 is_stmt 1 view .LVU73
 301              		.loc 1 131 46 is_stmt 0 view .LVU74
 302 0040 93F83110 		ldrb	r1, [r3, #49]	@ zero_extendqisi2
 303              		.loc 1 131 28 view .LVU75
 304 0044 1174     		strb	r1, [r2, #16]
 132:Core/Src/ecatapp.c ****     Can1_TxMessage.Data[6] = Obj.can1_tx_data[6];
 305              		.loc 1 132 5 is_stmt 1 view .LVU76
 306              		.loc 1 132 46 is_stmt 0 view .LVU77
 307 0046 93F83210 		ldrb	r1, [r3, #50]	@ zero_extendqisi2
 308              		.loc 1 132 28 view .LVU78
 309 004a 5174     		strb	r1, [r2, #17]
 133:Core/Src/ecatapp.c ****     Can1_TxMessage.Data[7] = Obj.can1_tx_data[7];
 310              		.loc 1 133 5 is_stmt 1 view .LVU79
 311              		.loc 1 133 46 is_stmt 0 view .LVU80
 312 004c 93F83310 		ldrb	r1, [r3, #51]	@ zero_extendqisi2
 313              		.loc 1 133 28 view .LVU81
 314 0050 9174     		strb	r1, [r2, #18]
 134:Core/Src/ecatapp.c **** 
 135:Core/Src/ecatapp.c ****     Can2_TxMessage.StdId = Obj.can2_tx.StdId;
 315              		.loc 1 135 5 is_stmt 1 view .LVU82
 316              		.loc 1 135 39 is_stmt 0 view .LVU83
 317 0052 596B     		ldr	r1, [r3, #52]
 318              		.loc 1 135 26 view .LVU84
 319 0054 234A     		ldr	r2, .L30+8
 320 0056 1160     		str	r1, [r2]
 136:Core/Src/ecatapp.c ****     Can2_TxMessage.ExtId = Obj.can2_tx.ExtId;
 321              		.loc 1 136 5 is_stmt 1 view .LVU85
 322              		.loc 1 136 39 is_stmt 0 view .LVU86
 323 0058 93F83810 		ldrb	r1, [r3, #56]	@ zero_extendqisi2
 324              		.loc 1 136 26 view .LVU87
 325 005c 5160     		str	r1, [r2, #4]
 137:Core/Src/ecatapp.c ****     Can2_TxMessage.IDE = Obj.can2_tx.IDE;
 326              		.loc 1 137 5 is_stmt 1 view .LVU88
 327              		.loc 1 137 37 is_stmt 0 view .LVU89
 328 005e 93F83910 		ldrb	r1, [r3, #57]	@ zero_extendqisi2
 329              		.loc 1 137 24 view .LVU90
 330 0062 1172     		strb	r1, [r2, #8]
 138:Core/Src/ecatapp.c ****     Can2_TxMessage.RTR = Obj.can2_tx.RTR;
 331              		.loc 1 138 5 is_stmt 1 view .LVU91
 332              		.loc 1 138 37 is_stmt 0 view .LVU92
 333 0064 93F83A10 		ldrb	r1, [r3, #58]	@ zero_extendqisi2
 334              		.loc 1 138 24 view .LVU93
 335 0068 5172     		strb	r1, [r2, #9]
 139:Core/Src/ecatapp.c ****     Can2_TxMessage.DLC = Obj.can2_tx.DLC;
 336              		.loc 1 139 5 is_stmt 1 view .LVU94
 337              		.loc 1 139 37 is_stmt 0 view .LVU95
 338 006a 93F83B10 		ldrb	r1, [r3, #59]	@ zero_extendqisi2
 339              		.loc 1 139 24 view .LVU96
 340 006e 9172     		strb	r1, [r2, #10]
 140:Core/Src/ecatapp.c **** 
 141:Core/Src/ecatapp.c ****     Can2_TxMessage.Data[0] = Obj.can2_tx_data[0];
 341              		.loc 1 141 5 is_stmt 1 view .LVU97
 342              		.loc 1 141 46 is_stmt 0 view .LVU98
 343 0070 93F83C10 		ldrb	r1, [r3, #60]	@ zero_extendqisi2
ARM GAS  /tmp/ccnQUkHq.s 			page 10


 344              		.loc 1 141 28 view .LVU99
 345 0074 D172     		strb	r1, [r2, #11]
 142:Core/Src/ecatapp.c ****     Can2_TxMessage.Data[1] = Obj.can2_tx_data[1];
 346              		.loc 1 142 5 is_stmt 1 view .LVU100
 347              		.loc 1 142 46 is_stmt 0 view .LVU101
 348 0076 93F83D10 		ldrb	r1, [r3, #61]	@ zero_extendqisi2
 349              		.loc 1 142 28 view .LVU102
 350 007a 1173     		strb	r1, [r2, #12]
 143:Core/Src/ecatapp.c ****     Can2_TxMessage.Data[2] = Obj.can2_tx_data[2];
 351              		.loc 1 143 5 is_stmt 1 view .LVU103
 352              		.loc 1 143 46 is_stmt 0 view .LVU104
 353 007c 93F83E10 		ldrb	r1, [r3, #62]	@ zero_extendqisi2
 354              		.loc 1 143 28 view .LVU105
 355 0080 5173     		strb	r1, [r2, #13]
 144:Core/Src/ecatapp.c ****     Can2_TxMessage.Data[3] = Obj.can2_tx_data[3];
 356              		.loc 1 144 5 is_stmt 1 view .LVU106
 357              		.loc 1 144 46 is_stmt 0 view .LVU107
 358 0082 93F83F10 		ldrb	r1, [r3, #63]	@ zero_extendqisi2
 359              		.loc 1 144 28 view .LVU108
 360 0086 9173     		strb	r1, [r2, #14]
 145:Core/Src/ecatapp.c ****     Can2_TxMessage.Data[4] = Obj.can2_tx_data[4];
 361              		.loc 1 145 5 is_stmt 1 view .LVU109
 362              		.loc 1 145 46 is_stmt 0 view .LVU110
 363 0088 93F84010 		ldrb	r1, [r3, #64]	@ zero_extendqisi2
 364              		.loc 1 145 28 view .LVU111
 365 008c D173     		strb	r1, [r2, #15]
 146:Core/Src/ecatapp.c ****     Can2_TxMessage.Data[5] = Obj.can2_tx_data[5];
 366              		.loc 1 146 5 is_stmt 1 view .LVU112
 367              		.loc 1 146 46 is_stmt 0 view .LVU113
 368 008e 93F84110 		ldrb	r1, [r3, #65]	@ zero_extendqisi2
 369              		.loc 1 146 28 view .LVU114
 370 0092 1174     		strb	r1, [r2, #16]
 147:Core/Src/ecatapp.c ****     Can2_TxMessage.Data[6] = Obj.can2_tx_data[6];
 371              		.loc 1 147 5 is_stmt 1 view .LVU115
 372              		.loc 1 147 46 is_stmt 0 view .LVU116
 373 0094 93F84210 		ldrb	r1, [r3, #66]	@ zero_extendqisi2
 374              		.loc 1 147 28 view .LVU117
 375 0098 5174     		strb	r1, [r2, #17]
 148:Core/Src/ecatapp.c ****     Can2_TxMessage.Data[7] = Obj.can2_tx_data[7];
 376              		.loc 1 148 5 is_stmt 1 view .LVU118
 377              		.loc 1 148 46 is_stmt 0 view .LVU119
 378 009a 93F84310 		ldrb	r1, [r3, #67]	@ zero_extendqisi2
 379              		.loc 1 148 28 view .LVU120
 380 009e 9174     		strb	r1, [r2, #18]
 149:Core/Src/ecatapp.c **** 
 150:Core/Src/ecatapp.c ****      if (Obj.led[0] != 0)
 381              		.loc 1 150 6 is_stmt 1 view .LVU121
 382              		.loc 1 150 17 is_stmt 0 view .LVU122
 383 00a0 93F84430 		ldrb	r3, [r3, #68]	@ zero_extendqisi2
 384              		.loc 1 150 9 view .LVU123
 385 00a4 73B1     		cbz	r3, .L25
 151:Core/Src/ecatapp.c ****     {
 152:Core/Src/ecatapp.c ****          GPIO_SetBits(GPIOB, GPIO_Pin_15);
 386              		.loc 1 152 10 is_stmt 1 view .LVU124
 387 00a6 4FF40041 		mov	r1, #32768
 388 00aa 0F48     		ldr	r0, .L30+12
 389 00ac FFF7FEFF 		bl	GPIO_SetBits
ARM GAS  /tmp/ccnQUkHq.s 			page 11


 390              	.LVL11:
 391              	.L26:
 153:Core/Src/ecatapp.c ****      }
 154:Core/Src/ecatapp.c ****      else
 155:Core/Src/ecatapp.c ****     {
 156:Core/Src/ecatapp.c ****          GPIO_ResetBits(GPIOB, GPIO_Pin_15);
 157:Core/Src/ecatapp.c ****      }
 158:Core/Src/ecatapp.c ****     
 159:Core/Src/ecatapp.c ****      if (Obj.led[1] != 0)
 392              		.loc 1 159 6 view .LVU125
 393              		.loc 1 159 17 is_stmt 0 view .LVU126
 394 00b0 0A4B     		ldr	r3, .L30
 395 00b2 93F84530 		ldrb	r3, [r3, #69]	@ zero_extendqisi2
 396              		.loc 1 159 9 view .LVU127
 397 00b6 5BB1     		cbz	r3, .L27
 160:Core/Src/ecatapp.c ****     {
 161:Core/Src/ecatapp.c ****         GPIO_SetBits(GPIOB, GPIO_Pin_14);
 398              		.loc 1 161 9 is_stmt 1 view .LVU128
 399 00b8 4FF48041 		mov	r1, #16384
 400 00bc 0A48     		ldr	r0, .L30+12
 401 00be FFF7FEFF 		bl	GPIO_SetBits
 402              	.LVL12:
 403              	.L24:
 162:Core/Src/ecatapp.c ****     }
 163:Core/Src/ecatapp.c ****      else
 164:Core/Src/ecatapp.c ****     {
 165:Core/Src/ecatapp.c ****         GPIO_ResetBits(GPIOB, GPIO_Pin_14);
 166:Core/Src/ecatapp.c ****     }
 167:Core/Src/ecatapp.c ****     
 168:Core/Src/ecatapp.c ****     // if (Obj.led[2] != 0)
 169:Core/Src/ecatapp.c ****     //{
 170:Core/Src/ecatapp.c ****     //    GPIO_SetBits(GPIOB, GPIO_Pin_13);
 171:Core/Src/ecatapp.c ****     //}
 172:Core/Src/ecatapp.c ****     // else
 173:Core/Src/ecatapp.c ****     //{
 174:Core/Src/ecatapp.c ****     //    GPIO_ResetBits(GPIOB, GPIO_Pin_13);
 175:Core/Src/ecatapp.c ****     //}
 176:Core/Src/ecatapp.c **** }
 404              		.loc 1 176 1 is_stmt 0 view .LVU129
 405 00c2 08BD     		pop	{r3, pc}
 406              	.L25:
 156:Core/Src/ecatapp.c ****      }
 407              		.loc 1 156 10 is_stmt 1 view .LVU130
 408 00c4 4FF40041 		mov	r1, #32768
 409 00c8 0748     		ldr	r0, .L30+12
 410 00ca FFF7FEFF 		bl	GPIO_ResetBits
 411              	.LVL13:
 412 00ce EFE7     		b	.L26
 413              	.L27:
 165:Core/Src/ecatapp.c ****     }
 414              		.loc 1 165 9 view .LVU131
 415 00d0 4FF48041 		mov	r1, #16384
 416 00d4 0448     		ldr	r0, .L30+12
 417 00d6 FFF7FEFF 		bl	GPIO_ResetBits
 418              	.LVL14:
 419              		.loc 1 176 1 is_stmt 0 view .LVU132
 420 00da F2E7     		b	.L24
ARM GAS  /tmp/ccnQUkHq.s 			page 12


 421              	.L31:
 422              		.align	2
 423              	.L30:
 424 00dc 00000000 		.word	.LANCHOR0
 425 00e0 00000000 		.word	Can1_TxMessage
 426 00e4 00000000 		.word	Can2_TxMessage
 427 00e8 00040240 		.word	1073873920
 428              		.cfi_endproc
 429              	.LFE128:
 431              		.section	.text.cb_set_outputs,"ax",%progbits
 432              		.align	1
 433              		.global	cb_set_outputs
 434              		.syntax unified
 435              		.thumb
 436              		.thumb_func
 438              	cb_set_outputs:
 439              	.LFB129:
 177:Core/Src/ecatapp.c **** 
 178:Core/Src/ecatapp.c **** void cb_set_outputs()
 179:Core/Src/ecatapp.c **** {
 440              		.loc 1 179 1 is_stmt 1 view -0
 441              		.cfi_startproc
 442              		@ args = 0, pretend = 0, frame = 0
 443              		@ frame_needed = 0, uses_anonymous_args = 0
 444              		@ link register save eliminated.
 180:Core/Src/ecatapp.c ****     Obj.can1_rx.StdId = Can1_RxMessage.StdId;
 445              		.loc 1 180 5 view .LVU134
 446              		.loc 1 180 39 is_stmt 0 view .LVU135
 447 0000 1D4A     		ldr	r2, .L33
 448 0002 1168     		ldr	r1, [r2]
 449              		.loc 1 180 23 view .LVU136
 450 0004 1D4B     		ldr	r3, .L33+4
 451 0006 5960     		str	r1, [r3, #4]
 181:Core/Src/ecatapp.c ****     Obj.can1_rx.ExtId = Can1_RxMessage.ExtId;
 452              		.loc 1 181 5 is_stmt 1 view .LVU137
 453              		.loc 1 181 39 is_stmt 0 view .LVU138
 454 0008 5168     		ldr	r1, [r2, #4]
 455              		.loc 1 181 23 view .LVU139
 456 000a 1972     		strb	r1, [r3, #8]
 182:Core/Src/ecatapp.c ****     Obj.can1_rx.IDE = Can1_RxMessage.IDE;
 457              		.loc 1 182 5 is_stmt 1 view .LVU140
 458              		.loc 1 182 37 is_stmt 0 view .LVU141
 459 000c 117A     		ldrb	r1, [r2, #8]	@ zero_extendqisi2
 460              		.loc 1 182 21 view .LVU142
 461 000e 5972     		strb	r1, [r3, #9]
 183:Core/Src/ecatapp.c ****     Obj.can1_rx.RTR = Can1_RxMessage.RTR;
 462              		.loc 1 183 5 is_stmt 1 view .LVU143
 463              		.loc 1 183 37 is_stmt 0 view .LVU144
 464 0010 517A     		ldrb	r1, [r2, #9]	@ zero_extendqisi2
 465              		.loc 1 183 21 view .LVU145
 466 0012 9972     		strb	r1, [r3, #10]
 184:Core/Src/ecatapp.c ****     Obj.can1_rx.DLC = Can1_RxMessage.DLC;
 467              		.loc 1 184 5 is_stmt 1 view .LVU146
 468              		.loc 1 184 37 is_stmt 0 view .LVU147
 469 0014 917A     		ldrb	r1, [r2, #10]	@ zero_extendqisi2
 470              		.loc 1 184 21 view .LVU148
 471 0016 D972     		strb	r1, [r3, #11]
ARM GAS  /tmp/ccnQUkHq.s 			page 13


 185:Core/Src/ecatapp.c **** 
 186:Core/Src/ecatapp.c ****     Obj.can1_rx_data[0] = Can1_RxMessage.Data[0];
 472              		.loc 1 186 5 is_stmt 1 view .LVU149
 473              		.loc 1 186 46 is_stmt 0 view .LVU150
 474 0018 D17A     		ldrb	r1, [r2, #11]	@ zero_extendqisi2
 475              		.loc 1 186 25 view .LVU151
 476 001a 1973     		strb	r1, [r3, #12]
 187:Core/Src/ecatapp.c ****     Obj.can1_rx_data[1] = Can1_RxMessage.Data[1];
 477              		.loc 1 187 5 is_stmt 1 view .LVU152
 478              		.loc 1 187 46 is_stmt 0 view .LVU153
 479 001c 117B     		ldrb	r1, [r2, #12]	@ zero_extendqisi2
 480              		.loc 1 187 25 view .LVU154
 481 001e 5973     		strb	r1, [r3, #13]
 188:Core/Src/ecatapp.c ****     Obj.can1_rx_data[2] = Can1_RxMessage.Data[2];
 482              		.loc 1 188 5 is_stmt 1 view .LVU155
 483              		.loc 1 188 46 is_stmt 0 view .LVU156
 484 0020 517B     		ldrb	r1, [r2, #13]	@ zero_extendqisi2
 485              		.loc 1 188 25 view .LVU157
 486 0022 9973     		strb	r1, [r3, #14]
 189:Core/Src/ecatapp.c ****     Obj.can1_rx_data[3] = Can1_RxMessage.Data[3];
 487              		.loc 1 189 5 is_stmt 1 view .LVU158
 488              		.loc 1 189 46 is_stmt 0 view .LVU159
 489 0024 917B     		ldrb	r1, [r2, #14]	@ zero_extendqisi2
 490              		.loc 1 189 25 view .LVU160
 491 0026 D973     		strb	r1, [r3, #15]
 190:Core/Src/ecatapp.c ****     Obj.can1_rx_data[4] = Can1_RxMessage.Data[4];
 492              		.loc 1 190 5 is_stmt 1 view .LVU161
 493              		.loc 1 190 46 is_stmt 0 view .LVU162
 494 0028 D17B     		ldrb	r1, [r2, #15]	@ zero_extendqisi2
 495              		.loc 1 190 25 view .LVU163
 496 002a 1974     		strb	r1, [r3, #16]
 191:Core/Src/ecatapp.c ****     Obj.can1_rx_data[5] = Can1_RxMessage.Data[5];
 497              		.loc 1 191 5 is_stmt 1 view .LVU164
 498              		.loc 1 191 46 is_stmt 0 view .LVU165
 499 002c 117C     		ldrb	r1, [r2, #16]	@ zero_extendqisi2
 500              		.loc 1 191 25 view .LVU166
 501 002e 5974     		strb	r1, [r3, #17]
 192:Core/Src/ecatapp.c ****     Obj.can1_rx_data[6] = Can1_RxMessage.Data[6];
 502              		.loc 1 192 5 is_stmt 1 view .LVU167
 503              		.loc 1 192 46 is_stmt 0 view .LVU168
 504 0030 517C     		ldrb	r1, [r2, #17]	@ zero_extendqisi2
 505              		.loc 1 192 25 view .LVU169
 506 0032 9974     		strb	r1, [r3, #18]
 193:Core/Src/ecatapp.c ****     Obj.can1_rx_data[7] = Can1_RxMessage.Data[7];
 507              		.loc 1 193 5 is_stmt 1 view .LVU170
 508              		.loc 1 193 46 is_stmt 0 view .LVU171
 509 0034 927C     		ldrb	r2, [r2, #18]	@ zero_extendqisi2
 510              		.loc 1 193 25 view .LVU172
 511 0036 DA74     		strb	r2, [r3, #19]
 194:Core/Src/ecatapp.c **** 
 195:Core/Src/ecatapp.c ****     Obj.can2_rx.StdId = Can2_RxMessage.StdId;
 512              		.loc 1 195 5 is_stmt 1 view .LVU173
 513              		.loc 1 195 39 is_stmt 0 view .LVU174
 514 0038 114A     		ldr	r2, .L33+8
 515 003a 1168     		ldr	r1, [r2]
 516              		.loc 1 195 23 view .LVU175
 517 003c 5961     		str	r1, [r3, #20]
ARM GAS  /tmp/ccnQUkHq.s 			page 14


 196:Core/Src/ecatapp.c ****     Obj.can2_rx.ExtId = Can2_RxMessage.ExtId;
 518              		.loc 1 196 5 is_stmt 1 view .LVU176
 519              		.loc 1 196 39 is_stmt 0 view .LVU177
 520 003e 5168     		ldr	r1, [r2, #4]
 521              		.loc 1 196 23 view .LVU178
 522 0040 1976     		strb	r1, [r3, #24]
 197:Core/Src/ecatapp.c ****     Obj.can2_rx.IDE = Can2_RxMessage.IDE;
 523              		.loc 1 197 5 is_stmt 1 view .LVU179
 524              		.loc 1 197 37 is_stmt 0 view .LVU180
 525 0042 117A     		ldrb	r1, [r2, #8]	@ zero_extendqisi2
 526              		.loc 1 197 21 view .LVU181
 527 0044 5976     		strb	r1, [r3, #25]
 198:Core/Src/ecatapp.c ****     Obj.can2_rx.RTR = Can2_RxMessage.RTR;
 528              		.loc 1 198 5 is_stmt 1 view .LVU182
 529              		.loc 1 198 37 is_stmt 0 view .LVU183
 530 0046 517A     		ldrb	r1, [r2, #9]	@ zero_extendqisi2
 531              		.loc 1 198 21 view .LVU184
 532 0048 9976     		strb	r1, [r3, #26]
 199:Core/Src/ecatapp.c ****     Obj.can2_rx.DLC = Can2_RxMessage.DLC;
 533              		.loc 1 199 5 is_stmt 1 view .LVU185
 534              		.loc 1 199 37 is_stmt 0 view .LVU186
 535 004a 917A     		ldrb	r1, [r2, #10]	@ zero_extendqisi2
 536              		.loc 1 199 21 view .LVU187
 537 004c D976     		strb	r1, [r3, #27]
 200:Core/Src/ecatapp.c **** 
 201:Core/Src/ecatapp.c ****     Obj.can2_rx_data[0] = Can2_RxMessage.Data[0];
 538              		.loc 1 201 5 is_stmt 1 view .LVU188
 539              		.loc 1 201 46 is_stmt 0 view .LVU189
 540 004e D17A     		ldrb	r1, [r2, #11]	@ zero_extendqisi2
 541              		.loc 1 201 25 view .LVU190
 542 0050 1977     		strb	r1, [r3, #28]
 202:Core/Src/ecatapp.c ****     Obj.can2_rx_data[1] = Can2_RxMessage.Data[1];
 543              		.loc 1 202 5 is_stmt 1 view .LVU191
 544              		.loc 1 202 46 is_stmt 0 view .LVU192
 545 0052 117B     		ldrb	r1, [r2, #12]	@ zero_extendqisi2
 546              		.loc 1 202 25 view .LVU193
 547 0054 5977     		strb	r1, [r3, #29]
 203:Core/Src/ecatapp.c ****     Obj.can2_rx_data[2] = Can2_RxMessage.Data[2];
 548              		.loc 1 203 5 is_stmt 1 view .LVU194
 549              		.loc 1 203 46 is_stmt 0 view .LVU195
 550 0056 517B     		ldrb	r1, [r2, #13]	@ zero_extendqisi2
 551              		.loc 1 203 25 view .LVU196
 552 0058 9977     		strb	r1, [r3, #30]
 204:Core/Src/ecatapp.c ****     Obj.can2_rx_data[3] = Can2_RxMessage.Data[3];
 553              		.loc 1 204 5 is_stmt 1 view .LVU197
 554              		.loc 1 204 46 is_stmt 0 view .LVU198
 555 005a 917B     		ldrb	r1, [r2, #14]	@ zero_extendqisi2
 556              		.loc 1 204 25 view .LVU199
 557 005c D977     		strb	r1, [r3, #31]
 205:Core/Src/ecatapp.c ****     Obj.can2_rx_data[4] = Can2_RxMessage.Data[4];
 558              		.loc 1 205 5 is_stmt 1 view .LVU200
 559              		.loc 1 205 46 is_stmt 0 view .LVU201
 560 005e D17B     		ldrb	r1, [r2, #15]	@ zero_extendqisi2
 561              		.loc 1 205 25 view .LVU202
 562 0060 83F82010 		strb	r1, [r3, #32]
 206:Core/Src/ecatapp.c ****     Obj.can2_rx_data[5] = Can2_RxMessage.Data[5];
 563              		.loc 1 206 5 is_stmt 1 view .LVU203
ARM GAS  /tmp/ccnQUkHq.s 			page 15


 564              		.loc 1 206 46 is_stmt 0 view .LVU204
 565 0064 117C     		ldrb	r1, [r2, #16]	@ zero_extendqisi2
 566              		.loc 1 206 25 view .LVU205
 567 0066 83F82110 		strb	r1, [r3, #33]
 207:Core/Src/ecatapp.c ****     Obj.can2_rx_data[6] = Can2_RxMessage.Data[6];
 568              		.loc 1 207 5 is_stmt 1 view .LVU206
 569              		.loc 1 207 46 is_stmt 0 view .LVU207
 570 006a 517C     		ldrb	r1, [r2, #17]	@ zero_extendqisi2
 571              		.loc 1 207 25 view .LVU208
 572 006c 83F82210 		strb	r1, [r3, #34]
 208:Core/Src/ecatapp.c ****     Obj.can2_rx_data[7] = Can2_RxMessage.Data[7];
 573              		.loc 1 208 5 is_stmt 1 view .LVU209
 574              		.loc 1 208 46 is_stmt 0 view .LVU210
 575 0070 927C     		ldrb	r2, [r2, #18]	@ zero_extendqisi2
 576              		.loc 1 208 25 view .LVU211
 577 0072 83F82320 		strb	r2, [r3, #35]
 209:Core/Src/ecatapp.c **** }
 578              		.loc 1 209 1 view .LVU212
 579 0076 7047     		bx	lr
 580              	.L34:
 581              		.align	2
 582              	.L33:
 583 0078 00000000 		.word	Can1_RxMessage
 584 007c 00000000 		.word	.LANCHOR0
 585 0080 00000000 		.word	Can2_RxMessage
 586              		.cfi_endproc
 587              	.LFE129:
 589              		.section	.text.ecatapp_loop,"ax",%progbits
 590              		.align	1
 591              		.global	ecatapp_loop
 592              		.syntax unified
 593              		.thumb
 594              		.thumb_func
 596              	ecatapp_loop:
 597              	.LFB130:
 210:Core/Src/ecatapp.c **** 
 211:Core/Src/ecatapp.c **** void ecatapp_loop(void)
 212:Core/Src/ecatapp.c **** {
 598              		.loc 1 212 1 is_stmt 1 view -0
 599              		.cfi_startproc
 600              		@ args = 0, pretend = 0, frame = 0
 601              		@ frame_needed = 0, uses_anonymous_args = 0
 602 0000 10B5     		push	{r4, lr}
 603              		.cfi_def_cfa_offset 8
 604              		.cfi_offset 4, -8
 605              		.cfi_offset 14, -4
 213:Core/Src/ecatapp.c ****     // stack in mixed mode
 214:Core/Src/ecatapp.c ****     if (sync0_irq_flag)
 606              		.loc 1 214 5 view .LVU214
 607              		.loc 1 214 9 is_stmt 0 view .LVU215
 608 0002 174B     		ldr	r3, .L43
 609 0004 1B78     		ldrb	r3, [r3]	@ zero_extendqisi2
 610              		.loc 1 214 8 view .LVU216
 611 0006 9BB9     		cbnz	r3, .L42
 612              	.L36:
 215:Core/Src/ecatapp.c ****     {
 216:Core/Src/ecatapp.c ****         ESC_updateALevent();
ARM GAS  /tmp/ccnQUkHq.s 			page 16


 217:Core/Src/ecatapp.c ****         DIG_process(DIG_PROCESS_APP_HOOK_FLAG | DIG_PROCESS_INPUTS_FLAG);
 218:Core/Src/ecatapp.c ****         sync0_irq_flag = 0;
 219:Core/Src/ecatapp.c ****     }
 220:Core/Src/ecatapp.c ****     if (pdi_irq_flag)
 613              		.loc 1 220 5 is_stmt 1 view .LVU217
 614              		.loc 1 220 9 is_stmt 0 view .LVU218
 615 0008 164B     		ldr	r3, .L43+4
 616 000a 1B78     		ldrb	r3, [r3]	@ zero_extendqisi2
 617              		.loc 1 220 8 view .LVU219
 618 000c 0BB3     		cbz	r3, .L37
 221:Core/Src/ecatapp.c ****     {
 222:Core/Src/ecatapp.c ****         ESC_updateALevent();
 619              		.loc 1 222 9 is_stmt 1 view .LVU220
 620 000e 164C     		ldr	r4, .L43+8
 621 0010 0422     		movs	r2, #4
 622 0012 2146     		mov	r1, r4
 623 0014 4FF41160 		mov	r0, #2320
 624 0018 FFF7FEFF 		bl	ESC_read
 625              	.LVL15:
 626              		.loc 1 222 28 view .LVU221
 223:Core/Src/ecatapp.c ****         if (ESCvar.dcsync)
 627              		.loc 1 223 9 view .LVU222
 628              		.loc 1 223 19 is_stmt 0 view .LVU223
 629 001c 14F8643C 		ldrb	r3, [r4, #-100]	@ zero_extendqisi2
 630              		.loc 1 223 12 view .LVU224
 631 0020 9BB1     		cbz	r3, .L38
 224:Core/Src/ecatapp.c ****         {
 225:Core/Src/ecatapp.c ****             DIG_process(DIG_PROCESS_OUTPUTS_FLAG);
 632              		.loc 1 225 13 is_stmt 1 view .LVU225
 633 0022 0220     		movs	r0, #2
 634 0024 FFF7FEFF 		bl	DIG_process
 635              	.LVL16:
 636              	.L39:
 226:Core/Src/ecatapp.c ****         }
 227:Core/Src/ecatapp.c ****         else
 228:Core/Src/ecatapp.c ****         {
 229:Core/Src/ecatapp.c ****             DIG_process(DIG_PROCESS_OUTPUTS_FLAG | DIG_PROCESS_APP_HOOK_FLAG | DIG_PROCESS_INPUTS_F
 230:Core/Src/ecatapp.c ****         }
 231:Core/Src/ecatapp.c ****         pdi_irq_flag = 0;
 637              		.loc 1 231 9 view .LVU226
 638              		.loc 1 231 22 is_stmt 0 view .LVU227
 639 0028 0E4B     		ldr	r3, .L43+4
 640 002a 0022     		movs	r2, #0
 641 002c 1A70     		strb	r2, [r3]
 642              	.L35:
 232:Core/Src/ecatapp.c ****     }
 233:Core/Src/ecatapp.c ****     else
 234:Core/Src/ecatapp.c ****     {
 235:Core/Src/ecatapp.c ****         // ecat_slv_worker(ESCREG_ALEVENT_CONTROL | ESCREG_ALEVENT_SMCHANGE
 236:Core/Src/ecatapp.c ****         //                 | ESCREG_ALEVENT_SM0 | ESCREG_ALEVENT_SM1);
 237:Core/Src/ecatapp.c ****         ecat_slv_poll();
 238:Core/Src/ecatapp.c ****         DIG_process(DIG_PROCESS_WD_FLAG);
 239:Core/Src/ecatapp.c ****     }
 240:Core/Src/ecatapp.c **** }...
 643              		.loc 1 240 1 view .LVU228
 644 002e 10BD     		pop	{r4, pc}
 645              	.L42:
ARM GAS  /tmp/ccnQUkHq.s 			page 17


 216:Core/Src/ecatapp.c ****         ESC_updateALevent();
 646              		.loc 1 216 9 is_stmt 1 view .LVU229
 647 0030 0422     		movs	r2, #4
 648 0032 0D49     		ldr	r1, .L43+8
 649 0034 4FF41160 		mov	r0, #2320
 650 0038 FFF7FEFF 		bl	ESC_read
 651              	.LVL17:
 216:Core/Src/ecatapp.c ****         ESC_updateALevent();
 652              		.loc 1 216 28 view .LVU230
 217:Core/Src/ecatapp.c ****         DIG_process(DIG_PROCESS_APP_HOOK_FLAG | DIG_PROCESS_INPUTS_FLAG);
 653              		.loc 1 217 9 view .LVU231
 654 003c 0920     		movs	r0, #9
 655 003e FFF7FEFF 		bl	DIG_process
 656              	.LVL18:
 218:Core/Src/ecatapp.c ****         sync0_irq_flag = 0;
 657              		.loc 1 218 9 view .LVU232
 218:Core/Src/ecatapp.c ****         sync0_irq_flag = 0;
 658              		.loc 1 218 24 is_stmt 0 view .LVU233
 659 0042 074B     		ldr	r3, .L43
 660 0044 0022     		movs	r2, #0
 661 0046 1A70     		strb	r2, [r3]
 662 0048 DEE7     		b	.L36
 663              	.L38:
 229:Core/Src/ecatapp.c ****             DIG_process(DIG_PROCESS_OUTPUTS_FLAG | DIG_PROCESS_APP_HOOK_FLAG | DIG_PROCESS_INPUTS_F
 664              		.loc 1 229 13 is_stmt 1 view .LVU234
 665 004a 0B20     		movs	r0, #11
 666 004c FFF7FEFF 		bl	DIG_process
 667              	.LVL19:
 668 0050 EAE7     		b	.L39
 669              	.L37:
 237:Core/Src/ecatapp.c ****         ecat_slv_poll();
 670              		.loc 1 237 9 view .LVU235
 671 0052 FFF7FEFF 		bl	ecat_slv_poll
 672              	.LVL20:
 238:Core/Src/ecatapp.c ****         DIG_process(DIG_PROCESS_WD_FLAG);
 673              		.loc 1 238 9 view .LVU236
 674 0056 0420     		movs	r0, #4
 675 0058 FFF7FEFF 		bl	DIG_process
 676              	.LVL21:
 677              		.loc 1 240 1 is_stmt 0 view .LVU237
 678 005c E7E7     		b	.L35
 679              	.L44:
 680 005e 00BF     		.align	2
 681              	.L43:
 682 0060 00000000 		.word	.LANCHOR1
 683 0064 00000000 		.word	.LANCHOR2
 684 0068 E0000000 		.word	ESCvar+224
 685              		.cfi_endproc
 686              	.LFE130:
 688              		.section	.rodata.str1.4,"aMS",%progbits,1
 689              		.align	2
 690              	.LC0:
 691 0000 61783538 		.ascii	"ax58100\000"
 691      31303000 
 692              		.global	Obj
 693              		.global	heart_tag
 694              		.global	heart
ARM GAS  /tmp/ccnQUkHq.s 			page 18


 695              		.global	last_heart
 696              		.section	.bss.Obj,"aw",%nobits
 697              		.align	2
 698              		.set	.LANCHOR0,. + 0
 701              	Obj:
 702 0000 00000000 		.space	128
 702      00000000 
 702      00000000 
 702      00000000 
 702      00000000 
 703              		.section	.bss.heart,"aw",%nobits
 704              		.align	2
 707              	heart:
 708 0000 00000000 		.space	40
 708      00000000 
 708      00000000 
 708      00000000 
 708      00000000 
 709              		.section	.bss.heart_tag,"aw",%nobits
 712              	heart_tag:
 713 0000 00       		.space	1
 714              		.section	.bss.last_heart,"aw",%nobits
 715              		.align	2
 718              	last_heart:
 719 0000 00000000 		.space	4
 720              		.section	.bss.pdi_irq_flag,"aw",%nobits
 721              		.set	.LANCHOR2,. + 0
 724              	pdi_irq_flag:
 725 0000 00       		.space	1
 726              		.section	.bss.sync0_irq_flag,"aw",%nobits
 727              		.set	.LANCHOR1,. + 0
 730              	sync0_irq_flag:
 731 0000 00       		.space	1
 732              		.section	.data.config,"aw"
 733              		.align	2
 734              		.set	.LANCHOR3,. + 0
 737              	config:
 738 0000 00000000 		.word	.LC0
 739 0004 01000000 		.word	1
 740 0008 FFFFFF7F 		.word	2147483647
 741 000c 00000000 		.space	4
 742 0010 00000000 		.word	0
 743 0014 00000000 		.word	0
 744 0018 00000000 		.word	0
 745 001c 00000000 		.word	ecatapp
 746 0020 00000000 		.word	0
 747 0024 00000000 		.word	0
 748 0028 00000000 		.word	0
 749 002c 00000000 		.space	8
 749      00000000 
 750 0034 00000000 		.word	rxpdo_override
 751 0038 00000000 		.word	txpdo_override
 752 003c 00000000 		.word	ESC_interrupt_enable
 753 0040 00000000 		.word	ESC_interrupt_disable
 754 0044 00000000 		.word	0
 755 0048 00000000 		.word	check_dc_handler
 756 004c 00000000 		.space	4
ARM GAS  /tmp/ccnQUkHq.s 			page 19


 757              		.text
 758              	.Letext0:
 759              		.file 2 "/usr/share/gcc-arm-none-eabi-10.3-2021.10/arm-none-eabi/include/machine/_default_types.h"
 760              		.file 3 "/usr/share/gcc-arm-none-eabi-10.3-2021.10/arm-none-eabi/include/sys/_stdint.h"
 761              		.file 4 "/usr/share/gcc-arm-none-eabi-10.3-2021.10/lib/gcc/arm-none-eabi/10.3.1/include/stddef.h"
 762              		.file 5 "Lib/soes/inc/esc.h"
 763              		.file 6 "Lib/soes-esi/utypes.h"
 764              		.file 7 "Drivers/CMSIS/Device/ST/STM32F4xx/Include/stm32f4xx.h"
 765              		.file 8 "Drivers/STM32F4xx_StdPeriph_Driver/inc/stm32f4xx_can.h"
 766              		.file 9 "Lib/soes/inc/ecat_slv.h"
 767              		.file 10 "Drivers/STM32F4xx_StdPeriph_Driver/inc/stm32f4xx_gpio.h"
 768              		.file 11 "Lib/soes_hal_bsp/inc/esc_irq.h"
 769              		.file 12 "Core/Inc/pdo_override.h"
 770              		.file 13 "Drivers/STM32F4xx_StdPeriph_Driver/inc/stm32f4xx_exti.h"
ARM GAS  /tmp/ccnQUkHq.s 			page 20


DEFINED SYMBOLS
                            *ABS*:0000000000000000 ecatapp.c
     /tmp/ccnQUkHq.s:20     .text.ecatapp:0000000000000000 $t
     /tmp/ccnQUkHq.s:26     .text.ecatapp:0000000000000000 ecatapp
     /tmp/ccnQUkHq.s:40     .text.check_dc_handler:0000000000000000 $t
     /tmp/ccnQUkHq.s:46     .text.check_dc_handler:0000000000000000 check_dc_handler
     /tmp/ccnQUkHq.s:99     .text.check_dc_handler:0000000000000030 $d
     /tmp/ccnQUkHq.s:107    .text.EXTI0_IRQHandler:0000000000000000 $t
     /tmp/ccnQUkHq.s:113    .text.EXTI0_IRQHandler:0000000000000000 EXTI0_IRQHandler
     /tmp/ccnQUkHq.s:148    .text.EXTI0_IRQHandler:000000000000001c $d
     /tmp/ccnQUkHq.s:153    .text.EXTI9_5_IRQHandler:0000000000000000 $t
     /tmp/ccnQUkHq.s:159    .text.EXTI9_5_IRQHandler:0000000000000000 EXTI9_5_IRQHandler
     /tmp/ccnQUkHq.s:194    .text.EXTI9_5_IRQHandler:0000000000000020 $d
     /tmp/ccnQUkHq.s:199    .text.ecatapp_init:0000000000000000 $t
     /tmp/ccnQUkHq.s:205    .text.ecatapp_init:0000000000000000 ecatapp_init
     /tmp/ccnQUkHq.s:227    .text.ecatapp_init:0000000000000010 $d
     /tmp/ccnQUkHq.s:232    .text.cb_get_inputs:0000000000000000 $t
     /tmp/ccnQUkHq.s:238    .text.cb_get_inputs:0000000000000000 cb_get_inputs
     /tmp/ccnQUkHq.s:424    .text.cb_get_inputs:00000000000000dc $d
     /tmp/ccnQUkHq.s:432    .text.cb_set_outputs:0000000000000000 $t
     /tmp/ccnQUkHq.s:438    .text.cb_set_outputs:0000000000000000 cb_set_outputs
     /tmp/ccnQUkHq.s:583    .text.cb_set_outputs:0000000000000078 $d
     /tmp/ccnQUkHq.s:590    .text.ecatapp_loop:0000000000000000 $t
     /tmp/ccnQUkHq.s:596    .text.ecatapp_loop:0000000000000000 ecatapp_loop
     /tmp/ccnQUkHq.s:682    .text.ecatapp_loop:0000000000000060 $d
     /tmp/ccnQUkHq.s:689    .rodata.str1.4:0000000000000000 $d
     /tmp/ccnQUkHq.s:701    .bss.Obj:0000000000000000 Obj
     /tmp/ccnQUkHq.s:712    .bss.heart_tag:0000000000000000 heart_tag
     /tmp/ccnQUkHq.s:707    .bss.heart:0000000000000000 heart
     /tmp/ccnQUkHq.s:718    .bss.last_heart:0000000000000000 last_heart
     /tmp/ccnQUkHq.s:697    .bss.Obj:0000000000000000 $d
     /tmp/ccnQUkHq.s:704    .bss.heart:0000000000000000 $d
     /tmp/ccnQUkHq.s:713    .bss.heart_tag:0000000000000000 $d
     /tmp/ccnQUkHq.s:715    .bss.last_heart:0000000000000000 $d
     /tmp/ccnQUkHq.s:724    .bss.pdi_irq_flag:0000000000000000 pdi_irq_flag
     /tmp/ccnQUkHq.s:725    .bss.pdi_irq_flag:0000000000000000 $d
     /tmp/ccnQUkHq.s:730    .bss.sync0_irq_flag:0000000000000000 sync0_irq_flag
     /tmp/ccnQUkHq.s:731    .bss.sync0_irq_flag:0000000000000000 $d
     /tmp/ccnQUkHq.s:733    .data.config:0000000000000000 $d
     /tmp/ccnQUkHq.s:737    .data.config:0000000000000000 config

UNDEFINED SYMBOLS
ESC_enable_DC
APP_setwatchdog
ESCvar
EXTI_GetITStatus
EXTI_ClearITPendingBit
ecat_slv_init
init_override
GPIO_SetBits
GPIO_ResetBits
Can1_TxMessage
Can2_TxMessage
Can1_RxMessage
Can2_RxMessage
ESC_read
DIG_process
ARM GAS  /tmp/ccnQUkHq.s 			page 21


ecat_slv_poll
rxpdo_override
txpdo_override
ESC_interrupt_enable
ESC_interrupt_disable
