ARM GAS  /tmp/cccWAO5c.s 			page 1


   1              		.cpu cortex-m4
   2              		.arch armv7e-m
   3              		.fpu fpv4-sp-d16
   4              		.eabi_attribute 27, 1
   5              		.eabi_attribute 28, 1
   6              		.eabi_attribute 20, 1
   7              		.eabi_attribute 21, 1
   8              		.eabi_attribute 23, 3
   9              		.eabi_attribute 24, 1
  10              		.eabi_attribute 25, 1
  11              		.eabi_attribute 26, 1
  12              		.eabi_attribute 30, 1
  13              		.eabi_attribute 34, 1
  14              		.eabi_attribute 18, 4
  15              		.file	"bsp_tim3.c"
  16              		.text
  17              	.Ltext0:
  18              		.cfi_sections	.debug_frame
  19              		.section	.text.TIM_Mode_Config,"ax",%progbits
  20              		.align	1
  21              		.syntax unified
  22              		.thumb
  23              		.thumb_func
  25              	TIM_Mode_Config:
  26              	.LFB125:
  27              		.file 1 "Lib/bsp/src/bsp_tim3.c"
   1:Lib/bsp/src/bsp_tim3.c **** #include "bsp_tim3.h"
   2:Lib/bsp/src/bsp_tim3.c **** 
   3:Lib/bsp/src/bsp_tim3.c **** void TIM3_NVIC_Enable(void)
   4:Lib/bsp/src/bsp_tim3.c **** {
   5:Lib/bsp/src/bsp_tim3.c ****     NVIC_InitTypeDef NVIC_InitStructure;
   6:Lib/bsp/src/bsp_tim3.c ****     // 设置中断组为0
   7:Lib/bsp/src/bsp_tim3.c ****     NVIC_PriorityGroupConfig(NVIC_PriorityGroup_1);
   8:Lib/bsp/src/bsp_tim3.c ****     // 设置中断来源
   9:Lib/bsp/src/bsp_tim3.c ****     NVIC_InitStructure.NVIC_IRQChannel = BASIC_TIM_IRQn;
  10:Lib/bsp/src/bsp_tim3.c ****     // 设置抢占优先级
  11:Lib/bsp/src/bsp_tim3.c ****     NVIC_InitStructure.NVIC_IRQChannelPreemptionPriority = 0x01;
  12:Lib/bsp/src/bsp_tim3.c ****     // 设置子优先级
  13:Lib/bsp/src/bsp_tim3.c ****     NVIC_InitStructure.NVIC_IRQChannelSubPriority = 0x01;
  14:Lib/bsp/src/bsp_tim3.c ****     NVIC_InitStructure.NVIC_IRQChannelCmd = ENABLE;
  15:Lib/bsp/src/bsp_tim3.c ****     NVIC_Init(&NVIC_InitStructure);
  16:Lib/bsp/src/bsp_tim3.c **** }
  17:Lib/bsp/src/bsp_tim3.c **** 
  18:Lib/bsp/src/bsp_tim3.c **** void TIM3_NVIC_Disable(void)
  19:Lib/bsp/src/bsp_tim3.c **** {
  20:Lib/bsp/src/bsp_tim3.c ****     NVIC_InitTypeDef NVIC_InitStructure;
  21:Lib/bsp/src/bsp_tim3.c ****     // 设置中断组为0
  22:Lib/bsp/src/bsp_tim3.c ****     NVIC_PriorityGroupConfig(NVIC_PriorityGroup_1);
  23:Lib/bsp/src/bsp_tim3.c ****     // 设置中断来源
  24:Lib/bsp/src/bsp_tim3.c ****     NVIC_InitStructure.NVIC_IRQChannel = BASIC_TIM_IRQn;
  25:Lib/bsp/src/bsp_tim3.c ****     // 设置抢占优先级
  26:Lib/bsp/src/bsp_tim3.c ****     NVIC_InitStructure.NVIC_IRQChannelPreemptionPriority = 0x01;
  27:Lib/bsp/src/bsp_tim3.c ****     // 设置子优先级
  28:Lib/bsp/src/bsp_tim3.c ****     NVIC_InitStructure.NVIC_IRQChannelSubPriority = 0x01;
  29:Lib/bsp/src/bsp_tim3.c ****     NVIC_InitStructure.NVIC_IRQChannelCmd = DISABLE;
  30:Lib/bsp/src/bsp_tim3.c ****     NVIC_Init(&NVIC_InitStructure);
  31:Lib/bsp/src/bsp_tim3.c **** }
ARM GAS  /tmp/cccWAO5c.s 			page 2


  32:Lib/bsp/src/bsp_tim3.c **** 
  33:Lib/bsp/src/bsp_tim3.c **** static void TIM_Mode_Config(void)
  34:Lib/bsp/src/bsp_tim3.c **** {
  28              		.loc 1 34 1 view -0
  29              		.cfi_startproc
  30              		@ args = 0, pretend = 0, frame = 16
  31              		@ frame_needed = 0, uses_anonymous_args = 0
  32 0000 10B5     		push	{r4, lr}
  33              		.cfi_def_cfa_offset 8
  34              		.cfi_offset 4, -8
  35              		.cfi_offset 14, -4
  36 0002 84B0     		sub	sp, sp, #16
  37              		.cfi_def_cfa_offset 24
  35:Lib/bsp/src/bsp_tim3.c ****     TIM_TimeBaseInitTypeDef TIM_TimeBaseStructure;
  38              		.loc 1 35 5 view .LVU1
  36:Lib/bsp/src/bsp_tim3.c **** 
  37:Lib/bsp/src/bsp_tim3.c ****     // 开启TIMx_CLK,x[6,7]
  38:Lib/bsp/src/bsp_tim3.c ****     RCC_APB1PeriphClockCmd(BASIC_TIM_CLK, ENABLE);
  39              		.loc 1 38 5 view .LVU2
  40 0004 0121     		movs	r1, #1
  41 0006 1020     		movs	r0, #16
  42 0008 FFF7FEFF 		bl	RCC_APB1PeriphClockCmd
  43              	.LVL0:
  39:Lib/bsp/src/bsp_tim3.c **** 
  40:Lib/bsp/src/bsp_tim3.c ****     /* 累计 TIM_Period个后产生一个更新或者中断*/
  41:Lib/bsp/src/bsp_tim3.c ****     // 当定时器从0计数到4999，即为5000次，为一个定时周期
  42:Lib/bsp/src/bsp_tim3.c ****     TIM_TimeBaseStructure.TIM_Period = 100 - 1;
  44              		.loc 1 42 5 view .LVU3
  45              		.loc 1 42 38 is_stmt 0 view .LVU4
  46 000c 6323     		movs	r3, #99
  47 000e 0293     		str	r3, [sp, #8]
  43:Lib/bsp/src/bsp_tim3.c **** 
  44:Lib/bsp/src/bsp_tim3.c ****     // 定时器时钟源TIMxCLK = 2 * PCLK1
  45:Lib/bsp/src/bsp_tim3.c ****     //         PCLK1 = HCLK / 4
  46:Lib/bsp/src/bsp_tim3.c ****     //         => TIMxCLK=HCLK/2=SystemCoreClock/2=90MHz
  47:Lib/bsp/src/bsp_tim3.c ****     //  设定定时器频率为=TIMxCLK/(TIM_Prescaler+1)=50000Hz
  48:Lib/bsp/src/bsp_tim3.c ****     TIM_TimeBaseStructure.TIM_Prescaler = 1680 - 1;
  48              		.loc 1 48 5 is_stmt 1 view .LVU5
  49              		.loc 1 48 41 is_stmt 0 view .LVU6
  50 0010 40F28F63 		movw	r3, #1679
  51 0014 ADF80430 		strh	r3, [sp, #4]	@ movhi
  49:Lib/bsp/src/bsp_tim3.c **** 
  50:Lib/bsp/src/bsp_tim3.c ****     // 初始化定时器TIMx, x[2,3,4,5]
  51:Lib/bsp/src/bsp_tim3.c ****     TIM_TimeBaseInit(BASIC_TIM, &TIM_TimeBaseStructure);
  52              		.loc 1 51 5 is_stmt 1 view .LVU7
  53 0018 094C     		ldr	r4, .L3
  54 001a 01A9     		add	r1, sp, #4
  55 001c 2046     		mov	r0, r4
  56 001e FFF7FEFF 		bl	TIM_TimeBaseInit
  57              	.LVL1:
  52:Lib/bsp/src/bsp_tim3.c **** 
  53:Lib/bsp/src/bsp_tim3.c ****     // 清除定时器更新中断标志位
  54:Lib/bsp/src/bsp_tim3.c ****     TIM_ClearFlag(BASIC_TIM, TIM_FLAG_Update);
  58              		.loc 1 54 5 view .LVU8
  59 0022 0121     		movs	r1, #1
  60 0024 2046     		mov	r0, r4
  61 0026 FFF7FEFF 		bl	TIM_ClearFlag
ARM GAS  /tmp/cccWAO5c.s 			page 3


  62              	.LVL2:
  55:Lib/bsp/src/bsp_tim3.c **** 
  56:Lib/bsp/src/bsp_tim3.c ****     // 开启定时器更新中断
  57:Lib/bsp/src/bsp_tim3.c ****     TIM_ITConfig(BASIC_TIM, TIM_IT_Update, ENABLE);
  63              		.loc 1 57 5 view .LVU9
  64 002a 0122     		movs	r2, #1
  65 002c 1146     		mov	r1, r2
  66 002e 2046     		mov	r0, r4
  67 0030 FFF7FEFF 		bl	TIM_ITConfig
  68              	.LVL3:
  58:Lib/bsp/src/bsp_tim3.c **** 
  59:Lib/bsp/src/bsp_tim3.c ****     // 使能定时器
  60:Lib/bsp/src/bsp_tim3.c ****     TIM_Cmd(BASIC_TIM, ENABLE);
  69              		.loc 1 60 5 view .LVU10
  70 0034 0121     		movs	r1, #1
  71 0036 2046     		mov	r0, r4
  72 0038 FFF7FEFF 		bl	TIM_Cmd
  73              	.LVL4:
  61:Lib/bsp/src/bsp_tim3.c **** }
  74              		.loc 1 61 1 is_stmt 0 view .LVU11
  75 003c 04B0     		add	sp, sp, #16
  76              		.cfi_def_cfa_offset 8
  77              		@ sp needed
  78 003e 10BD     		pop	{r4, pc}
  79              	.L4:
  80              		.align	2
  81              	.L3:
  82 0040 00100040 		.word	1073745920
  83              		.cfi_endproc
  84              	.LFE125:
  86              		.section	.text.TIM3_NVIC_Enable,"ax",%progbits
  87              		.align	1
  88              		.global	TIM3_NVIC_Enable
  89              		.syntax unified
  90              		.thumb
  91              		.thumb_func
  93              	TIM3_NVIC_Enable:
  94              	.LFB123:
   4:Lib/bsp/src/bsp_tim3.c ****     NVIC_InitTypeDef NVIC_InitStructure;
  95              		.loc 1 4 1 is_stmt 1 view -0
  96              		.cfi_startproc
  97              		@ args = 0, pretend = 0, frame = 8
  98              		@ frame_needed = 0, uses_anonymous_args = 0
  99 0000 00B5     		push	{lr}
 100              		.cfi_def_cfa_offset 4
 101              		.cfi_offset 14, -4
 102 0002 83B0     		sub	sp, sp, #12
 103              		.cfi_def_cfa_offset 16
   5:Lib/bsp/src/bsp_tim3.c ****     // 设置中断组为0
 104              		.loc 1 5 5 view .LVU13
   7:Lib/bsp/src/bsp_tim3.c ****     // 设置中断来源
 105              		.loc 1 7 5 view .LVU14
 106 0004 4FF4C060 		mov	r0, #1536
 107 0008 FFF7FEFF 		bl	NVIC_PriorityGroupConfig
 108              	.LVL5:
   9:Lib/bsp/src/bsp_tim3.c ****     // 设置抢占优先级
 109              		.loc 1 9 5 view .LVU15
ARM GAS  /tmp/cccWAO5c.s 			page 4


   9:Lib/bsp/src/bsp_tim3.c ****     // 设置抢占优先级
 110              		.loc 1 9 40 is_stmt 0 view .LVU16
 111 000c 3623     		movs	r3, #54
 112 000e 8DF80430 		strb	r3, [sp, #4]
  11:Lib/bsp/src/bsp_tim3.c ****     // 设置子优先级
 113              		.loc 1 11 5 is_stmt 1 view .LVU17
  11:Lib/bsp/src/bsp_tim3.c ****     // 设置子优先级
 114              		.loc 1 11 58 is_stmt 0 view .LVU18
 115 0012 0123     		movs	r3, #1
 116 0014 8DF80530 		strb	r3, [sp, #5]
  13:Lib/bsp/src/bsp_tim3.c ****     NVIC_InitStructure.NVIC_IRQChannelCmd = ENABLE;
 117              		.loc 1 13 5 is_stmt 1 view .LVU19
  13:Lib/bsp/src/bsp_tim3.c ****     NVIC_InitStructure.NVIC_IRQChannelCmd = ENABLE;
 118              		.loc 1 13 51 is_stmt 0 view .LVU20
 119 0018 8DF80630 		strb	r3, [sp, #6]
  14:Lib/bsp/src/bsp_tim3.c ****     NVIC_Init(&NVIC_InitStructure);
 120              		.loc 1 14 5 is_stmt 1 view .LVU21
  14:Lib/bsp/src/bsp_tim3.c ****     NVIC_Init(&NVIC_InitStructure);
 121              		.loc 1 14 43 is_stmt 0 view .LVU22
 122 001c 8DF80730 		strb	r3, [sp, #7]
  15:Lib/bsp/src/bsp_tim3.c **** }
 123              		.loc 1 15 5 is_stmt 1 view .LVU23
 124 0020 01A8     		add	r0, sp, #4
 125 0022 FFF7FEFF 		bl	NVIC_Init
 126              	.LVL6:
  16:Lib/bsp/src/bsp_tim3.c **** 
 127              		.loc 1 16 1 is_stmt 0 view .LVU24
 128 0026 03B0     		add	sp, sp, #12
 129              		.cfi_def_cfa_offset 4
 130              		@ sp needed
 131 0028 5DF804FB 		ldr	pc, [sp], #4
 132              		.cfi_endproc
 133              	.LFE123:
 135              		.section	.text.TIM3_NVIC_Disable,"ax",%progbits
 136              		.align	1
 137              		.global	TIM3_NVIC_Disable
 138              		.syntax unified
 139              		.thumb
 140              		.thumb_func
 142              	TIM3_NVIC_Disable:
 143              	.LFB124:
  19:Lib/bsp/src/bsp_tim3.c ****     NVIC_InitTypeDef NVIC_InitStructure;
 144              		.loc 1 19 1 is_stmt 1 view -0
 145              		.cfi_startproc
 146              		@ args = 0, pretend = 0, frame = 8
 147              		@ frame_needed = 0, uses_anonymous_args = 0
 148 0000 00B5     		push	{lr}
 149              		.cfi_def_cfa_offset 4
 150              		.cfi_offset 14, -4
 151 0002 83B0     		sub	sp, sp, #12
 152              		.cfi_def_cfa_offset 16
  20:Lib/bsp/src/bsp_tim3.c ****     // 设置中断组为0
 153              		.loc 1 20 5 view .LVU26
  22:Lib/bsp/src/bsp_tim3.c ****     // 设置中断来源
 154              		.loc 1 22 5 view .LVU27
 155 0004 4FF4C060 		mov	r0, #1536
 156 0008 FFF7FEFF 		bl	NVIC_PriorityGroupConfig
ARM GAS  /tmp/cccWAO5c.s 			page 5


 157              	.LVL7:
  24:Lib/bsp/src/bsp_tim3.c ****     // 设置抢占优先级
 158              		.loc 1 24 5 view .LVU28
  24:Lib/bsp/src/bsp_tim3.c ****     // 设置抢占优先级
 159              		.loc 1 24 40 is_stmt 0 view .LVU29
 160 000c 3623     		movs	r3, #54
 161 000e 8DF80430 		strb	r3, [sp, #4]
  26:Lib/bsp/src/bsp_tim3.c ****     // 设置子优先级
 162              		.loc 1 26 5 is_stmt 1 view .LVU30
  26:Lib/bsp/src/bsp_tim3.c ****     // 设置子优先级
 163              		.loc 1 26 58 is_stmt 0 view .LVU31
 164 0012 0123     		movs	r3, #1
 165 0014 8DF80530 		strb	r3, [sp, #5]
  28:Lib/bsp/src/bsp_tim3.c ****     NVIC_InitStructure.NVIC_IRQChannelCmd = DISABLE;
 166              		.loc 1 28 5 is_stmt 1 view .LVU32
  28:Lib/bsp/src/bsp_tim3.c ****     NVIC_InitStructure.NVIC_IRQChannelCmd = DISABLE;
 167              		.loc 1 28 51 is_stmt 0 view .LVU33
 168 0018 8DF80630 		strb	r3, [sp, #6]
  29:Lib/bsp/src/bsp_tim3.c ****     NVIC_Init(&NVIC_InitStructure);
 169              		.loc 1 29 5 is_stmt 1 view .LVU34
  29:Lib/bsp/src/bsp_tim3.c ****     NVIC_Init(&NVIC_InitStructure);
 170              		.loc 1 29 43 is_stmt 0 view .LVU35
 171 001c 0023     		movs	r3, #0
 172 001e 8DF80730 		strb	r3, [sp, #7]
  30:Lib/bsp/src/bsp_tim3.c **** }
 173              		.loc 1 30 5 is_stmt 1 view .LVU36
 174 0022 01A8     		add	r0, sp, #4
 175 0024 FFF7FEFF 		bl	NVIC_Init
 176              	.LVL8:
  31:Lib/bsp/src/bsp_tim3.c **** 
 177              		.loc 1 31 1 is_stmt 0 view .LVU37
 178 0028 03B0     		add	sp, sp, #12
 179              		.cfi_def_cfa_offset 4
 180              		@ sp needed
 181 002a 5DF804FB 		ldr	pc, [sp], #4
 182              		.cfi_endproc
 183              	.LFE124:
 185              		.section	.text.TIM3_Configuration,"ax",%progbits
 186              		.align	1
 187              		.global	TIM3_Configuration
 188              		.syntax unified
 189              		.thumb
 190              		.thumb_func
 192              	TIM3_Configuration:
 193              	.LFB126:
  62:Lib/bsp/src/bsp_tim3.c **** 
  63:Lib/bsp/src/bsp_tim3.c **** void TIM3_Configuration()
  64:Lib/bsp/src/bsp_tim3.c **** {
 194              		.loc 1 64 1 is_stmt 1 view -0
 195              		.cfi_startproc
 196              		@ args = 0, pretend = 0, frame = 0
 197              		@ frame_needed = 0, uses_anonymous_args = 0
 198 0000 08B5     		push	{r3, lr}
 199              		.cfi_def_cfa_offset 8
 200              		.cfi_offset 3, -8
 201              		.cfi_offset 14, -4
  65:Lib/bsp/src/bsp_tim3.c ****     TIM_Mode_Config();
ARM GAS  /tmp/cccWAO5c.s 			page 6


 202              		.loc 1 65 5 view .LVU39
 203 0002 FFF7FEFF 		bl	TIM_Mode_Config
 204              	.LVL9:
  66:Lib/bsp/src/bsp_tim3.c **** }
 205              		.loc 1 66 1 is_stmt 0 view .LVU40
 206 0006 08BD     		pop	{r3, pc}
 207              		.cfi_endproc
 208              	.LFE126:
 210              		.text
 211              	.Letext0:
 212              		.file 2 "/usr/share/gcc-arm-none-eabi-10.3-2021.10/arm-none-eabi/include/machine/_default_types.h"
 213              		.file 3 "/usr/share/gcc-arm-none-eabi-10.3-2021.10/arm-none-eabi/include/sys/_stdint.h"
 214              		.file 4 "Drivers/CMSIS/Device/ST/STM32F4xx/Include/stm32f4xx.h"
 215              		.file 5 "Drivers/STM32F4xx_StdPeriph_Driver/inc/stm32f4xx_tim.h"
 216              		.file 6 "Drivers/STM32F4xx_StdPeriph_Driver/inc/misc.h"
 217              		.file 7 "Drivers/STM32F4xx_StdPeriph_Driver/inc/stm32f4xx_rcc.h"
ARM GAS  /tmp/cccWAO5c.s 			page 7


DEFINED SYMBOLS
                            *ABS*:0000000000000000 bsp_tim3.c
     /tmp/cccWAO5c.s:20     .text.TIM_Mode_Config:0000000000000000 $t
     /tmp/cccWAO5c.s:25     .text.TIM_Mode_Config:0000000000000000 TIM_Mode_Config
     /tmp/cccWAO5c.s:82     .text.TIM_Mode_Config:0000000000000040 $d
     /tmp/cccWAO5c.s:87     .text.TIM3_NVIC_Enable:0000000000000000 $t
     /tmp/cccWAO5c.s:93     .text.TIM3_NVIC_Enable:0000000000000000 TIM3_NVIC_Enable
     /tmp/cccWAO5c.s:136    .text.TIM3_NVIC_Disable:0000000000000000 $t
     /tmp/cccWAO5c.s:142    .text.TIM3_NVIC_Disable:0000000000000000 TIM3_NVIC_Disable
     /tmp/cccWAO5c.s:186    .text.TIM3_Configuration:0000000000000000 $t
     /tmp/cccWAO5c.s:192    .text.TIM3_Configuration:0000000000000000 TIM3_Configuration

UNDEFINED SYMBOLS
RCC_APB1PeriphClockCmd
TIM_TimeBaseInit
TIM_ClearFlag
TIM_ITConfig
TIM_Cmd
NVIC_PriorityGroupConfig
NVIC_Init
