ARM GAS  /tmp/ccnulq3U.s 			page 1


   1              		.cpu cortex-m4
   2              		.arch armv7e-m
   3              		.fpu fpv4-sp-d16
   4              		.eabi_attribute 27, 1
   5              		.eabi_attribute 28, 1
   6              		.eabi_attribute 20, 1
   7              		.eabi_attribute 21, 1
   8              		.eabi_attribute 23, 3
   9              		.eabi_attribute 24, 1
  10              		.eabi_attribute 25, 1
  11              		.eabi_attribute 26, 1
  12              		.eabi_attribute 30, 1
  13              		.eabi_attribute 34, 1
  14              		.eabi_attribute 18, 4
  15              		.file	"pdo_override.c"
  16              		.text
  17              	.Ltext0:
  18              		.cfi_sections	.debug_frame
  19              		.section	.text.spi_dma_prepare_transmission,"ax",%progbits
  20              		.align	1
  21              		.global	spi_dma_prepare_transmission
  22              		.syntax unified
  23              		.thumb
  24              		.thumb_func
  26              	spi_dma_prepare_transmission:
  27              	.LVL0:
  28              	.LFB123:
  29              		.file 1 "Core/Src/pdo_override.c"
   1:Core/Src/pdo_override.c **** #include <string.h>
   2:Core/Src/pdo_override.c **** #include "stm32f4xx.h"
   3:Core/Src/pdo_override.c **** #include "spi.h"
   4:Core/Src/pdo_override.c **** 
   5:Core/Src/pdo_override.c **** #include "esc.h"
   6:Core/Src/pdo_override.c **** #include "ecat_slv.h"
   7:Core/Src/pdo_override.c **** #include "utypes.h"
   8:Core/Src/pdo_override.c **** 
   9:Core/Src/pdo_override.c **** #include "pdo_override.h"
  10:Core/Src/pdo_override.c **** 
  11:Core/Src/pdo_override.c **** 
  12:Core/Src/pdo_override.c **** static int et1100 = 1;
  13:Core/Src/pdo_override.c **** 
  14:Core/Src/pdo_override.c **** static volatile DMA_PDI_transmission_state_t pdi_dma_transmission = NOT_STARTED;
  15:Core/Src/pdo_override.c **** 
  16:Core/Src/pdo_override.c **** /* SPI DMA RX buffer */
  17:Core/Src/pdo_override.c **** uint8_t pdo_rxbuf[PDO_TR_SIZE + RX_PADDING_SIZE] __attribute__((aligned (8)));
  18:Core/Src/pdo_override.c **** uint8_t * pdo_spi_rxbuf = pdo_rxbuf + RX_PADDING_SIZE;
  19:Core/Src/pdo_override.c **** uint8_t * pdo_coe_rxbuf = pdo_rxbuf + RX_PADDING_SIZE + ADDR_SIZE + WAIT_SIZE;
  20:Core/Src/pdo_override.c **** 
  21:Core/Src/pdo_override.c **** /* SPI DMA TX buffer  */
  22:Core/Src/pdo_override.c **** uint8_t pdo_txbuf[PDO_TR_SIZE + TX_PADDING_SIZE] __attribute__((aligned (8))) = { 0 };
  23:Core/Src/pdo_override.c **** uint8_t * pdo_spi_txbuf = pdo_txbuf + TX_PADDING_SIZE;
  24:Core/Src/pdo_override.c **** uint8_t * pdo_coe_txbuf = pdo_txbuf + TX_PADDING_SIZE + ADDR_SIZE;
  25:Core/Src/pdo_override.c **** 
  26:Core/Src/pdo_override.c **** 
  27:Core/Src/pdo_override.c **** void spi_dma_prepare_transmission(uint16_t address, uint8_t * tx_buffer, uint8_t cmd)
  28:Core/Src/pdo_override.c **** {
  30              		.loc 1 28 1 view -0
ARM GAS  /tmp/ccnulq3U.s 			page 2


  31              		.cfi_startproc
  32              		@ args = 0, pretend = 0, frame = 0
  33              		@ frame_needed = 0, uses_anonymous_args = 0
  34              		@ link register save eliminated.
  29:Core/Src/pdo_override.c ****     // set address and command
  30:Core/Src/pdo_override.c ****     tx_buffer[0] = address >> 5;
  35              		.loc 1 30 5 view .LVU1
  36              		.loc 1 30 18 is_stmt 0 view .LVU2
  37 0000 4309     		lsrs	r3, r0, #5
  38 0002 0B70     		strb	r3, [r1]
  31:Core/Src/pdo_override.c ****     tx_buffer[1] = ((address & 0x1F) << 3) | cmd;
  39              		.loc 1 31 5 is_stmt 1 view .LVU3
  40              		.loc 1 31 44 is_stmt 0 view .LVU4
  41 0004 42EAC000 		orr	r0, r2, r0, lsl #3
  42              	.LVL1:
  43              		.loc 1 31 18 view .LVU5
  44 0008 4870     		strb	r0, [r1, #1]
  32:Core/Src/pdo_override.c **** 
  33:Core/Src/pdo_override.c ****     if (cmd == ESC_CMD_READ_WAIT_STATE) {
  45              		.loc 1 33 5 is_stmt 1 view .LVU6
  46              		.loc 1 33 8 is_stmt 0 view .LVU7
  47 000a 032A     		cmp	r2, #3
  48 000c 02D0     		beq	.L4
  34:Core/Src/pdo_override.c ****         // set wait state byte
  35:Core/Src/pdo_override.c ****         tx_buffer[ADDR_SIZE] = READ_END_BYTE; 
  36:Core/Src/pdo_override.c ****         // set read termination
  37:Core/Src/pdo_override.c ****         tx_buffer[PDO_TR_SIZE - 1] = READ_END_BYTE;
  38:Core/Src/pdo_override.c ****     } else if (cmd == ESC_CMD_READ) {
  49              		.loc 1 38 12 is_stmt 1 view .LVU8
  50              		.loc 1 38 15 is_stmt 0 view .LVU9
  51 000e 022A     		cmp	r2, #2
  52 0010 05D0     		beq	.L5
  53              	.L1:
  39:Core/Src/pdo_override.c ****         // set read termination
  40:Core/Src/pdo_override.c ****         tx_buffer[PDO_TR_SIZE - 1] = READ_END_BYTE;
  41:Core/Src/pdo_override.c ****     }
  42:Core/Src/pdo_override.c **** }
  54              		.loc 1 42 1 view .LVU10
  55 0012 7047     		bx	lr
  56              	.L4:
  35:Core/Src/pdo_override.c ****         // set read termination
  57              		.loc 1 35 9 is_stmt 1 view .LVU11
  35:Core/Src/pdo_override.c ****         // set read termination
  58              		.loc 1 35 30 is_stmt 0 view .LVU12
  59 0014 FF23     		movs	r3, #255
  60 0016 8B70     		strb	r3, [r1, #2]
  37:Core/Src/pdo_override.c ****     } else if (cmd == ESC_CMD_READ) {
  61              		.loc 1 37 9 is_stmt 1 view .LVU13
  37:Core/Src/pdo_override.c ****     } else if (cmd == ESC_CMD_READ) {
  62              		.loc 1 37 36 is_stmt 0 view .LVU14
  63 0018 81F82530 		strb	r3, [r1, #37]
  64 001c 7047     		bx	lr
  65              	.L5:
  40:Core/Src/pdo_override.c ****     }
  66              		.loc 1 40 9 is_stmt 1 view .LVU15
  40:Core/Src/pdo_override.c ****     }
  67              		.loc 1 40 36 is_stmt 0 view .LVU16
ARM GAS  /tmp/ccnulq3U.s 			page 3


  68 001e FF23     		movs	r3, #255
  69 0020 81F82530 		strb	r3, [r1, #37]
  70              		.loc 1 42 1 view .LVU17
  71 0024 F5E7     		b	.L1
  72              		.cfi_endproc
  73              	.LFE123:
  75              		.section	.text.DMA1_Stream3_IRQHandler,"ax",%progbits
  76              		.align	1
  77              		.global	DMA1_Stream3_IRQHandler
  78              		.syntax unified
  79              		.thumb
  80              		.thumb_func
  82              	DMA1_Stream3_IRQHandler:
  83              	.LFB124:
  43:Core/Src/pdo_override.c **** 
  44:Core/Src/pdo_override.c **** 
  45:Core/Src/pdo_override.c **** void DMA1_Stream3_IRQHandler(void)
  46:Core/Src/pdo_override.c **** {
  84              		.loc 1 46 1 is_stmt 1 view -0
  85              		.cfi_startproc
  86              		@ args = 0, pretend = 0, frame = 0
  87              		@ frame_needed = 0, uses_anonymous_args = 0
  88 0000 08B5     		push	{r3, lr}
  89              		.cfi_def_cfa_offset 8
  90              		.cfi_offset 3, -8
  91              		.cfi_offset 14, -4
  47:Core/Src/pdo_override.c ****     /* Test on DMA Stream Transfer Complete interrupt */
  48:Core/Src/pdo_override.c ****     if(DMA_GetITStatus(DMA1_Stream3, DMA_IT_TCIF3))
  92              		.loc 1 48 5 view .LVU19
  93              		.loc 1 48 8 is_stmt 0 view .LVU20
  94 0002 0949     		ldr	r1, .L10
  95 0004 0948     		ldr	r0, .L10+4
  96 0006 FFF7FEFF 		bl	DMA_GetITStatus
  97              	.LVL2:
  98              		.loc 1 48 7 view .LVU21
  99 000a 00B9     		cbnz	r0, .L9
 100              	.L6:
  49:Core/Src/pdo_override.c ****     {
  50:Core/Src/pdo_override.c ****         /* Clear DMA Stream Transfer Complete interrupt pending bit */
  51:Core/Src/pdo_override.c ****         GPIO_ToggleBits(GPIOB, GPIO_Pin_13);
  52:Core/Src/pdo_override.c ****         pdi_dma_transmission = NOT_STARTED;
  53:Core/Src/pdo_override.c ****         DMA_ClearITPendingBit(DMA1_Stream3, DMA_IT_TCIF3);
  54:Core/Src/pdo_override.c ****     }
  55:Core/Src/pdo_override.c **** }
 101              		.loc 1 55 1 view .LVU22
 102 000c 08BD     		pop	{r3, pc}
 103              	.L9:
  51:Core/Src/pdo_override.c ****         pdi_dma_transmission = NOT_STARTED;
 104              		.loc 1 51 9 is_stmt 1 view .LVU23
 105 000e 4FF40051 		mov	r1, #8192
 106 0012 0748     		ldr	r0, .L10+8
 107 0014 FFF7FEFF 		bl	GPIO_ToggleBits
 108              	.LVL3:
  52:Core/Src/pdo_override.c ****         DMA_ClearITPendingBit(DMA1_Stream3, DMA_IT_TCIF3);
 109              		.loc 1 52 9 view .LVU24
  52:Core/Src/pdo_override.c ****         DMA_ClearITPendingBit(DMA1_Stream3, DMA_IT_TCIF3);
 110              		.loc 1 52 30 is_stmt 0 view .LVU25
ARM GAS  /tmp/ccnulq3U.s 			page 4


 111 0018 064B     		ldr	r3, .L10+12
 112 001a 0022     		movs	r2, #0
 113 001c 1A70     		strb	r2, [r3]
  53:Core/Src/pdo_override.c ****     }
 114              		.loc 1 53 9 is_stmt 1 view .LVU26
 115 001e 0249     		ldr	r1, .L10
 116 0020 0248     		ldr	r0, .L10+4
 117 0022 FFF7FEFF 		bl	DMA_ClearITPendingBit
 118              	.LVL4:
 119              		.loc 1 55 1 is_stmt 0 view .LVU27
 120 0026 F1E7     		b	.L6
 121              	.L11:
 122              		.align	2
 123              	.L10:
 124 0028 00800018 		.word	402685952
 125 002c 58600240 		.word	1073897560
 126 0030 00040240 		.word	1073873920
 127 0034 00000000 		.word	.LANCHOR0
 128              		.cfi_endproc
 129              	.LFE124:
 131              		.section	.text.spi_dma_setup,"ax",%progbits
 132              		.align	1
 133              		.global	spi_dma_setup
 134              		.syntax unified
 135              		.thumb
 136              		.thumb_func
 138              	spi_dma_setup:
 139              	.LFB125:
  56:Core/Src/pdo_override.c **** 
  57:Core/Src/pdo_override.c **** 
  58:Core/Src/pdo_override.c **** void spi_dma_setup(void)
  59:Core/Src/pdo_override.c **** {
 140              		.loc 1 59 1 is_stmt 1 view -0
 141              		.cfi_startproc
 142              		@ args = 0, pretend = 0, frame = 64
 143              		@ frame_needed = 0, uses_anonymous_args = 0
 144 0000 10B5     		push	{r4, lr}
 145              		.cfi_def_cfa_offset 8
 146              		.cfi_offset 4, -8
 147              		.cfi_offset 14, -4
 148 0002 90B0     		sub	sp, sp, #64
 149              		.cfi_def_cfa_offset 72
  60:Core/Src/pdo_override.c ****     /* Enable DMA clock*/
  61:Core/Src/pdo_override.c ****     RCC_AHB1PeriphClockCmd(RCC_AHB1Periph_DMA1, ENABLE);
 150              		.loc 1 61 5 view .LVU29
 151 0004 0121     		movs	r1, #1
 152 0006 4FF40010 		mov	r0, #2097152
 153 000a FFF7FEFF 		bl	RCC_AHB1PeriphClockCmd
 154              	.LVL5:
  62:Core/Src/pdo_override.c ****     
  63:Core/Src/pdo_override.c **** 	/* Deinitialize DMA Streams */
  64:Core/Src/pdo_override.c **** 	DMA_DeInit(DMA1_Stream4);
 155              		.loc 1 64 2 view .LVU30
 156 000e 2448     		ldr	r0, .L16
 157 0010 FFF7FEFF 		bl	DMA_DeInit
 158              	.LVL6:
  65:Core/Src/pdo_override.c **** 	DMA_DeInit(DMA1_Stream3);
ARM GAS  /tmp/ccnulq3U.s 			page 5


 159              		.loc 1 65 2 view .LVU31
 160 0014 2348     		ldr	r0, .L16+4
 161 0016 FFF7FEFF 		bl	DMA_DeInit
 162              	.LVL7:
  66:Core/Src/pdo_override.c **** 
  67:Core/Src/pdo_override.c ****     while (DMA_GetCmdStatus(DMA1_Stream4) != DISABLE) { }
 163              		.loc 1 67 5 view .LVU32
 164              	.L13:
 165              		.loc 1 67 57 discriminator 1 view .LVU33
 166              		.loc 1 67 11 discriminator 1 view .LVU34
 167              		.loc 1 67 12 is_stmt 0 discriminator 1 view .LVU35
 168 001a 2148     		ldr	r0, .L16
 169 001c FFF7FEFF 		bl	DMA_GetCmdStatus
 170              	.LVL8:
 171              		.loc 1 67 11 discriminator 1 view .LVU36
 172 0020 0028     		cmp	r0, #0
 173 0022 FAD1     		bne	.L13
 174              	.L14:
  68:Core/Src/pdo_override.c ****     while (DMA_GetCmdStatus(DMA1_Stream3) != DISABLE) { }
 175              		.loc 1 68 57 is_stmt 1 discriminator 1 view .LVU37
 176              		.loc 1 68 11 discriminator 1 view .LVU38
 177              		.loc 1 68 12 is_stmt 0 discriminator 1 view .LVU39
 178 0024 1F48     		ldr	r0, .L16+4
 179 0026 FFF7FEFF 		bl	DMA_GetCmdStatus
 180              	.LVL9:
 181              		.loc 1 68 11 discriminator 1 view .LVU40
 182 002a 0028     		cmp	r0, #0
 183 002c FAD1     		bne	.L14
  69:Core/Src/pdo_override.c **** 
  70:Core/Src/pdo_override.c ****     DMA_InitTypeDef DMA_InitStructure;
 184              		.loc 1 70 5 is_stmt 1 view .LVU41
  71:Core/Src/pdo_override.c ****     NVIC_InitTypeDef NVIC_InitStructure;
 185              		.loc 1 71 5 view .LVU42
  72:Core/Src/pdo_override.c ****     DMA_StructInit(&DMA_InitStructure);
 186              		.loc 1 72 5 view .LVU43
 187 002e 01A8     		add	r0, sp, #4
 188 0030 FFF7FEFF 		bl	DMA_StructInit
 189              	.LVL10:
  73:Core/Src/pdo_override.c ****     DMA_InitStructure.DMA_BufferSize = (uint16_t)(PDO_TR_SIZE);
 190              		.loc 1 73 5 view .LVU44
 191              		.loc 1 73 38 is_stmt 0 view .LVU45
 192 0034 2623     		movs	r3, #38
 193 0036 0593     		str	r3, [sp, #20]
  74:Core/Src/pdo_override.c ****     DMA_InitStructure.DMA_FIFOMode = DMA_FIFOMode_Disable ;
 194              		.loc 1 74 5 is_stmt 1 view .LVU46
 195              		.loc 1 74 36 is_stmt 0 view .LVU47
 196 0038 0024     		movs	r4, #0
 197 003a 0C94     		str	r4, [sp, #48]
  75:Core/Src/pdo_override.c ****     DMA_InitStructure.DMA_FIFOThreshold = DMA_FIFOThreshold_1QuarterFull;
 198              		.loc 1 75 5 is_stmt 1 view .LVU48
 199              		.loc 1 75 41 is_stmt 0 view .LVU49
 200 003c 0D94     		str	r4, [sp, #52]
  76:Core/Src/pdo_override.c ****     DMA_InitStructure.DMA_MemoryBurst = DMA_MemoryBurst_Single ;
 201              		.loc 1 76 5 is_stmt 1 view .LVU50
 202              		.loc 1 76 39 is_stmt 0 view .LVU51
 203 003e 0E94     		str	r4, [sp, #56]
  77:Core/Src/pdo_override.c ****     DMA_InitStructure.DMA_MemoryDataSize = DMA_MemoryDataSize_Byte;
ARM GAS  /tmp/ccnulq3U.s 			page 6


 204              		.loc 1 77 5 is_stmt 1 view .LVU52
 205              		.loc 1 77 42 is_stmt 0 view .LVU53
 206 0040 0994     		str	r4, [sp, #36]
  78:Core/Src/pdo_override.c ****     DMA_InitStructure.DMA_MemoryInc = DMA_MemoryInc_Enable;
 207              		.loc 1 78 5 is_stmt 1 view .LVU54
 208              		.loc 1 78 37 is_stmt 0 view .LVU55
 209 0042 4FF48063 		mov	r3, #1024
 210 0046 0793     		str	r3, [sp, #28]
  79:Core/Src/pdo_override.c ****     DMA_InitStructure.DMA_Mode = DMA_Mode_Normal;
 211              		.loc 1 79 5 is_stmt 1 view .LVU56
 212              		.loc 1 79 32 is_stmt 0 view .LVU57
 213 0048 0A94     		str	r4, [sp, #40]
  80:Core/Src/pdo_override.c **** 
  81:Core/Src/pdo_override.c ****     DMA_InitStructure.DMA_PeripheralBaseAddr = (uint32_t)(&(SPI2->DR));
 214              		.loc 1 81 5 is_stmt 1 view .LVU58
 215              		.loc 1 81 46 is_stmt 0 view .LVU59
 216 004a 174B     		ldr	r3, .L16+8
 217 004c 0293     		str	r3, [sp, #8]
  82:Core/Src/pdo_override.c ****     DMA_InitStructure.DMA_PeripheralBurst = DMA_PeripheralBurst_Single;
 218              		.loc 1 82 5 is_stmt 1 view .LVU60
 219              		.loc 1 82 43 is_stmt 0 view .LVU61
 220 004e 0F94     		str	r4, [sp, #60]
  83:Core/Src/pdo_override.c ****     DMA_InitStructure.DMA_PeripheralDataSize = DMA_PeripheralDataSize_Byte;
 221              		.loc 1 83 5 is_stmt 1 view .LVU62
 222              		.loc 1 83 46 is_stmt 0 view .LVU63
 223 0050 0894     		str	r4, [sp, #32]
  84:Core/Src/pdo_override.c ****     DMA_InitStructure.DMA_PeripheralInc = DMA_PeripheralInc_Disable;
 224              		.loc 1 84 5 is_stmt 1 view .LVU64
 225              		.loc 1 84 41 is_stmt 0 view .LVU65
 226 0052 0694     		str	r4, [sp, #24]
  85:Core/Src/pdo_override.c ****     DMA_InitStructure.DMA_Priority = DMA_Priority_High;
 227              		.loc 1 85 5 is_stmt 1 view .LVU66
 228              		.loc 1 85 36 is_stmt 0 view .LVU67
 229 0054 4FF40033 		mov	r3, #131072
 230 0058 0B93     		str	r3, [sp, #44]
  86:Core/Src/pdo_override.c **** 
  87:Core/Src/pdo_override.c ****     /* Configure Tx DMA */
  88:Core/Src/pdo_override.c ****     DMA_InitStructure.DMA_Channel = DMA_Channel_0;
 231              		.loc 1 88 5 is_stmt 1 view .LVU68
 232              		.loc 1 88 35 is_stmt 0 view .LVU69
 233 005a 0194     		str	r4, [sp, #4]
  89:Core/Src/pdo_override.c ****     DMA_InitStructure.DMA_DIR = DMA_DIR_MemoryToPeripheral;
 234              		.loc 1 89 5 is_stmt 1 view .LVU70
 235              		.loc 1 89 31 is_stmt 0 view .LVU71
 236 005c 4023     		movs	r3, #64
 237 005e 0493     		str	r3, [sp, #16]
  90:Core/Src/pdo_override.c ****     DMA_InitStructure.DMA_Memory0BaseAddr = (uint32_t) pdo_spi_txbuf;
 238              		.loc 1 90 5 is_stmt 1 view .LVU72
 239              		.loc 1 90 45 is_stmt 0 view .LVU73
 240 0060 124B     		ldr	r3, .L16+12
 241 0062 1B68     		ldr	r3, [r3]
 242              		.loc 1 90 43 view .LVU74
 243 0064 0393     		str	r3, [sp, #12]
  91:Core/Src/pdo_override.c ****     DMA_Init(DMA1_Stream4, &DMA_InitStructure);
 244              		.loc 1 91 5 is_stmt 1 view .LVU75
 245 0066 01A9     		add	r1, sp, #4
 246 0068 0D48     		ldr	r0, .L16
ARM GAS  /tmp/ccnulq3U.s 			page 7


 247 006a FFF7FEFF 		bl	DMA_Init
 248              	.LVL11:
  92:Core/Src/pdo_override.c **** 
  93:Core/Src/pdo_override.c ****     /* Configure Rx DMA */
  94:Core/Src/pdo_override.c ****     DMA_InitStructure.DMA_Channel = DMA_Channel_0;
 249              		.loc 1 94 5 view .LVU76
 250              		.loc 1 94 35 is_stmt 0 view .LVU77
 251 006e 0194     		str	r4, [sp, #4]
  95:Core/Src/pdo_override.c ****     DMA_InitStructure.DMA_DIR = DMA_DIR_PeripheralToMemory;
 252              		.loc 1 95 5 is_stmt 1 view .LVU78
 253              		.loc 1 95 31 is_stmt 0 view .LVU79
 254 0070 0494     		str	r4, [sp, #16]
  96:Core/Src/pdo_override.c ****     DMA_InitStructure.DMA_Memory0BaseAddr = (uint32_t) pdo_spi_rxbuf;
 255              		.loc 1 96 5 is_stmt 1 view .LVU80
 256              		.loc 1 96 45 is_stmt 0 view .LVU81
 257 0072 0F4B     		ldr	r3, .L16+16
 258 0074 1B68     		ldr	r3, [r3]
 259              		.loc 1 96 43 view .LVU82
 260 0076 0393     		str	r3, [sp, #12]
  97:Core/Src/pdo_override.c ****     DMA_Init(DMA1_Stream3, &DMA_InitStructure);
 261              		.loc 1 97 5 is_stmt 1 view .LVU83
 262 0078 01A9     		add	r1, sp, #4
 263 007a 0A48     		ldr	r0, .L16+4
 264 007c FFF7FEFF 		bl	DMA_Init
 265              	.LVL12:
  98:Core/Src/pdo_override.c **** 
  99:Core/Src/pdo_override.c ****     /* Enable the DMA Stream IRQ Channel */
 100:Core/Src/pdo_override.c ****     NVIC_InitStructure.NVIC_IRQChannel = DMA1_Stream3_IRQn;
 266              		.loc 1 100 5 view .LVU84
 267              		.loc 1 100 40 is_stmt 0 view .LVU85
 268 0080 0E23     		movs	r3, #14
 269 0082 8DF80030 		strb	r3, [sp]
 101:Core/Src/pdo_override.c ****     NVIC_InitStructure.NVIC_IRQChannelPreemptionPriority = 0x00;
 270              		.loc 1 101 5 is_stmt 1 view .LVU86
 271              		.loc 1 101 58 is_stmt 0 view .LVU87
 272 0086 8DF80140 		strb	r4, [sp, #1]
 102:Core/Src/pdo_override.c ****     NVIC_InitStructure.NVIC_IRQChannelSubPriority = 0x00;
 273              		.loc 1 102 5 is_stmt 1 view .LVU88
 274              		.loc 1 102 51 is_stmt 0 view .LVU89
 275 008a 8DF80240 		strb	r4, [sp, #2]
 103:Core/Src/pdo_override.c ****     NVIC_InitStructure.NVIC_IRQChannelCmd = ENABLE;
 276              		.loc 1 103 5 is_stmt 1 view .LVU90
 277              		.loc 1 103 43 is_stmt 0 view .LVU91
 278 008e 0123     		movs	r3, #1
 279 0090 8DF80330 		strb	r3, [sp, #3]
 104:Core/Src/pdo_override.c ****     NVIC_Init(&NVIC_InitStructure);
 280              		.loc 1 104 5 is_stmt 1 view .LVU92
 281 0094 6846     		mov	r0, sp
 282 0096 FFF7FEFF 		bl	NVIC_Init
 283              	.LVL13:
 105:Core/Src/pdo_override.c **** }
 284              		.loc 1 105 1 is_stmt 0 view .LVU93
 285 009a 10B0     		add	sp, sp, #64
 286              		.cfi_def_cfa_offset 8
 287              		@ sp needed
 288 009c 10BD     		pop	{r4, pc}
 289              	.L17:
ARM GAS  /tmp/ccnulq3U.s 			page 8


 290 009e 00BF     		.align	2
 291              	.L16:
 292 00a0 70600240 		.word	1073897584
 293 00a4 58600240 		.word	1073897560
 294 00a8 0C380040 		.word	1073756172
 295 00ac 00000000 		.word	.LANCHOR1
 296 00b0 00000000 		.word	.LANCHOR2
 297              		.cfi_endproc
 298              	.LFE125:
 300              		.section	.text.spi_dma_start,"ax",%progbits
 301              		.align	1
 302              		.global	spi_dma_start
 303              		.syntax unified
 304              		.thumb
 305              		.thumb_func
 307              	spi_dma_start:
 308              	.LFB126:
 106:Core/Src/pdo_override.c **** 
 107:Core/Src/pdo_override.c **** 
 108:Core/Src/pdo_override.c **** void spi_dma_start(void)
 109:Core/Src/pdo_override.c **** {
 309              		.loc 1 109 1 is_stmt 1 view -0
 310              		.cfi_startproc
 311              		@ args = 0, pretend = 0, frame = 0
 312              		@ frame_needed = 0, uses_anonymous_args = 0
 313 0000 38B5     		push	{r3, r4, r5, lr}
 314              		.cfi_def_cfa_offset 16
 315              		.cfi_offset 3, -16
 316              		.cfi_offset 4, -12
 317              		.cfi_offset 5, -8
 318              		.cfi_offset 14, -4
 110:Core/Src/pdo_override.c ****     /* Enable DMA Stream Transfer Complete interrupt */
 111:Core/Src/pdo_override.c ****     DMA_ITConfig(DMA1_Stream3, DMA_IT_TC, ENABLE);
 319              		.loc 1 111 5 view .LVU95
 320 0002 104C     		ldr	r4, .L20
 321 0004 0122     		movs	r2, #1
 322 0006 1021     		movs	r1, #16
 323 0008 2046     		mov	r0, r4
 324 000a FFF7FEFF 		bl	DMA_ITConfig
 325              	.LVL14:
 112:Core/Src/pdo_override.c **** 
 113:Core/Src/pdo_override.c ****     /* Enable the SPI Rx DMA request */
 114:Core/Src/pdo_override.c ****     SPI_I2S_DMACmd(SPI2, SPI_I2S_DMAReq_Rx, ENABLE);
 326              		.loc 1 114 5 view .LVU96
 327 000e 0E4D     		ldr	r5, .L20+4
 328 0010 0122     		movs	r2, #1
 329 0012 1146     		mov	r1, r2
 330 0014 2846     		mov	r0, r5
 331 0016 FFF7FEFF 		bl	SPI_I2S_DMACmd
 332              	.LVL15:
 115:Core/Src/pdo_override.c ****     SPI_I2S_DMACmd(SPI2, SPI_I2S_DMAReq_Tx, ENABLE);
 333              		.loc 1 115 5 view .LVU97
 334 001a 0122     		movs	r2, #1
 335 001c 0221     		movs	r1, #2
 336 001e 2846     		mov	r0, r5
 337 0020 FFF7FEFF 		bl	SPI_I2S_DMACmd
 338              	.LVL16:
ARM GAS  /tmp/ccnulq3U.s 			page 9


 116:Core/Src/pdo_override.c **** 
 117:Core/Src/pdo_override.c ****     spi_select (et1100);
 339              		.loc 1 117 5 view .LVU98
 340 0024 0120     		movs	r0, #1
 341 0026 FFF7FEFF 		bl	spi_select
 342              	.LVL17:
 118:Core/Src/pdo_override.c ****     /* Enable the DMA SPI TX Stream */
 119:Core/Src/pdo_override.c ****     DMA_Cmd(DMA1_Stream4, ENABLE);
 343              		.loc 1 119 5 view .LVU99
 344 002a 0121     		movs	r1, #1
 345 002c 0748     		ldr	r0, .L20+8
 346 002e FFF7FEFF 		bl	DMA_Cmd
 347              	.LVL18:
 120:Core/Src/pdo_override.c ****     /* Enable the DMA SPI RX Stream */
 121:Core/Src/pdo_override.c ****     DMA_Cmd(DMA1_Stream3, ENABLE);
 348              		.loc 1 121 5 view .LVU100
 349 0032 0121     		movs	r1, #1
 350 0034 2046     		mov	r0, r4
 351 0036 FFF7FEFF 		bl	DMA_Cmd
 352              	.LVL19:
 122:Core/Src/pdo_override.c ****     
 123:Core/Src/pdo_override.c ****     pdi_dma_transmission = IN_PROGRESS;
 353              		.loc 1 123 5 view .LVU101
 354              		.loc 1 123 26 is_stmt 0 view .LVU102
 355 003a 054B     		ldr	r3, .L20+12
 356 003c 0122     		movs	r2, #1
 357 003e 1A70     		strb	r2, [r3]
 124:Core/Src/pdo_override.c **** }
 358              		.loc 1 124 1 view .LVU103
 359 0040 38BD     		pop	{r3, r4, r5, pc}
 360              	.L21:
 361 0042 00BF     		.align	2
 362              	.L20:
 363 0044 58600240 		.word	1073897560
 364 0048 00380040 		.word	1073756160
 365 004c 70600240 		.word	1073897584
 366 0050 00000000 		.word	.LANCHOR0
 367              		.cfi_endproc
 368              	.LFE126:
 370              		.section	.text.spi_dma_stop,"ax",%progbits
 371              		.align	1
 372              		.global	spi_dma_stop
 373              		.syntax unified
 374              		.thumb
 375              		.thumb_func
 377              	spi_dma_stop:
 378              	.LFB127:
 125:Core/Src/pdo_override.c **** 
 126:Core/Src/pdo_override.c **** 
 127:Core/Src/pdo_override.c **** void spi_dma_stop(void)
 128:Core/Src/pdo_override.c **** {
 379              		.loc 1 128 1 is_stmt 1 view -0
 380              		.cfi_startproc
 381              		@ args = 0, pretend = 0, frame = 0
 382              		@ frame_needed = 0, uses_anonymous_args = 0
 383 0000 38B5     		push	{r3, r4, r5, lr}
 384              		.cfi_def_cfa_offset 16
ARM GAS  /tmp/ccnulq3U.s 			page 10


 385              		.cfi_offset 3, -16
 386              		.cfi_offset 4, -12
 387              		.cfi_offset 5, -8
 388              		.cfi_offset 14, -4
 129:Core/Src/pdo_override.c ****     spi_unselect (et1100);
 389              		.loc 1 129 5 view .LVU105
 390 0002 0120     		movs	r0, #1
 391 0004 FFF7FEFF 		bl	spi_unselect
 392              	.LVL20:
 130:Core/Src/pdo_override.c **** 
 131:Core/Src/pdo_override.c **** 	DMA_ClearFlag(DMA1_Stream4, DMA_FLAG_TCIF4);
 393              		.loc 1 131 2 view .LVU106
 394 0008 0F4D     		ldr	r5, .L24
 395 000a 1049     		ldr	r1, .L24+4
 396 000c 2846     		mov	r0, r5
 397 000e FFF7FEFF 		bl	DMA_ClearFlag
 398              	.LVL21:
 132:Core/Src/pdo_override.c **** 	DMA_ClearFlag(DMA1_Stream3, DMA_FLAG_TCIF3);
 399              		.loc 1 132 2 view .LVU107
 400 0012 0F4C     		ldr	r4, .L24+8
 401 0014 4FF0C051 		mov	r1, #402653184
 402 0018 2046     		mov	r0, r4
 403 001a FFF7FEFF 		bl	DMA_ClearFlag
 404              	.LVL22:
 133:Core/Src/pdo_override.c **** 
 134:Core/Src/pdo_override.c **** 	DMA_Cmd(DMA1_Stream4, DISABLE);
 405              		.loc 1 134 2 view .LVU108
 406 001e 0021     		movs	r1, #0
 407 0020 2846     		mov	r0, r5
 408 0022 FFF7FEFF 		bl	DMA_Cmd
 409              	.LVL23:
 135:Core/Src/pdo_override.c **** 	DMA_Cmd(DMA1_Stream3, DISABLE);
 410              		.loc 1 135 2 view .LVU109
 411 0026 0021     		movs	r1, #0
 412 0028 2046     		mov	r0, r4
 413 002a FFF7FEFF 		bl	DMA_Cmd
 414              	.LVL24:
 136:Core/Src/pdo_override.c **** 
 137:Core/Src/pdo_override.c **** 	SPI_I2S_DMACmd(SPI2, SPI_I2S_DMAReq_Rx, DISABLE);
 415              		.loc 1 137 2 view .LVU110
 416 002e 094C     		ldr	r4, .L24+12
 417 0030 0022     		movs	r2, #0
 418 0032 0121     		movs	r1, #1
 419 0034 2046     		mov	r0, r4
 420 0036 FFF7FEFF 		bl	SPI_I2S_DMACmd
 421              	.LVL25:
 138:Core/Src/pdo_override.c **** 	SPI_I2S_DMACmd(SPI2, SPI_I2S_DMAReq_Tx, DISABLE);
 422              		.loc 1 138 2 view .LVU111
 423 003a 0022     		movs	r2, #0
 424 003c 0221     		movs	r1, #2
 425 003e 2046     		mov	r0, r4
 426 0040 FFF7FEFF 		bl	SPI_I2S_DMACmd
 427              	.LVL26:
 139:Core/Src/pdo_override.c **** }
 428              		.loc 1 139 1 is_stmt 0 view .LVU112
 429 0044 38BD     		pop	{r3, r4, r5, pc}
 430              	.L25:
ARM GAS  /tmp/ccnulq3U.s 			page 11


 431 0046 00BF     		.align	2
 432              	.L24:
 433 0048 70600240 		.word	1073897584
 434 004c 20000020 		.word	536870944
 435 0050 58600240 		.word	1073897560
 436 0054 00380040 		.word	1073756160
 437              		.cfi_endproc
 438              	.LFE127:
 440              		.section	.text.spi_dma_rxpdo_start,"ax",%progbits
 441              		.align	1
 442              		.global	spi_dma_rxpdo_start
 443              		.syntax unified
 444              		.thumb
 445              		.thumb_func
 447              	spi_dma_rxpdo_start:
 448              	.LFB128:
 140:Core/Src/pdo_override.c **** 
 141:Core/Src/pdo_override.c **** 
 142:Core/Src/pdo_override.c **** void spi_dma_rxpdo_start(void)
 143:Core/Src/pdo_override.c **** {
 449              		.loc 1 143 1 is_stmt 1 view -0
 450              		.cfi_startproc
 451              		@ args = 0, pretend = 0, frame = 0
 452              		@ frame_needed = 0, uses_anonymous_args = 0
 453 0000 08B5     		push	{r3, lr}
 454              		.cfi_def_cfa_offset 8
 455              		.cfi_offset 3, -8
 456              		.cfi_offset 14, -4
 144:Core/Src/pdo_override.c ****     memset(pdo_coe_txbuf, 0, PDO_SIZE);  /* make sure TX buffer is filled with 0s, no read end byte
 457              		.loc 1 144 5 view .LVU114
 458 0002 2322     		movs	r2, #35
 459 0004 0021     		movs	r1, #0
 460 0006 074B     		ldr	r3, .L28
 461 0008 1868     		ldr	r0, [r3]
 462 000a FFF7FEFF 		bl	memset
 463              	.LVL27:
 145:Core/Src/pdo_override.c ****     spi_dma_prepare_transmission(ESC_SM2_sma, pdo_spi_txbuf, ESC_CMD_READ_WAIT_STATE);
 464              		.loc 1 145 5 view .LVU115
 465 000e 0322     		movs	r2, #3
 466 0010 054B     		ldr	r3, .L28+4
 467 0012 1968     		ldr	r1, [r3]
 468 0014 4FF4B050 		mov	r0, #5632
 469 0018 FFF7FEFF 		bl	spi_dma_prepare_transmission
 470              	.LVL28:
 146:Core/Src/pdo_override.c **** 
 147:Core/Src/pdo_override.c ****     spi_dma_start();
 471              		.loc 1 147 5 view .LVU116
 472 001c FFF7FEFF 		bl	spi_dma_start
 473              	.LVL29:
 148:Core/Src/pdo_override.c **** }
 474              		.loc 1 148 1 is_stmt 0 view .LVU117
 475 0020 08BD     		pop	{r3, pc}
 476              	.L29:
 477 0022 00BF     		.align	2
 478              	.L28:
 479 0024 00000000 		.word	.LANCHOR3
 480 0028 00000000 		.word	.LANCHOR1
ARM GAS  /tmp/ccnulq3U.s 			page 12


 481              		.cfi_endproc
 482              	.LFE128:
 484              		.section	.text.spi_dma_txpdo_start,"ax",%progbits
 485              		.align	1
 486              		.global	spi_dma_txpdo_start
 487              		.syntax unified
 488              		.thumb
 489              		.thumb_func
 491              	spi_dma_txpdo_start:
 492              	.LFB129:
 149:Core/Src/pdo_override.c **** 
 150:Core/Src/pdo_override.c **** 
 151:Core/Src/pdo_override.c **** void spi_dma_txpdo_start()
 152:Core/Src/pdo_override.c **** {
 493              		.loc 1 152 1 is_stmt 1 view -0
 494              		.cfi_startproc
 495              		@ args = 0, pretend = 0, frame = 0
 496              		@ frame_needed = 0, uses_anonymous_args = 0
 497 0000 08B5     		push	{r3, lr}
 498              		.cfi_def_cfa_offset 8
 499              		.cfi_offset 3, -8
 500              		.cfi_offset 14, -4
 153:Core/Src/pdo_override.c ****     spi_dma_prepare_transmission(ESC_SM3_sma, pdo_spi_txbuf, ESC_CMD_WRITE);
 501              		.loc 1 153 5 view .LVU119
 502 0002 0422     		movs	r2, #4
 503 0004 044B     		ldr	r3, .L32
 504 0006 1968     		ldr	r1, [r3]
 505 0008 4FF4D050 		mov	r0, #6656
 506 000c FFF7FEFF 		bl	spi_dma_prepare_transmission
 507              	.LVL30:
 154:Core/Src/pdo_override.c **** 
 155:Core/Src/pdo_override.c ****     spi_dma_start();
 508              		.loc 1 155 5 view .LVU120
 509 0010 FFF7FEFF 		bl	spi_dma_start
 510              	.LVL31:
 156:Core/Src/pdo_override.c **** }
 511              		.loc 1 156 1 is_stmt 0 view .LVU121
 512 0014 08BD     		pop	{r3, pc}
 513              	.L33:
 514 0016 00BF     		.align	2
 515              	.L32:
 516 0018 00000000 		.word	.LANCHOR1
 517              		.cfi_endproc
 518              	.LFE129:
 520              		.section	.text.init_override,"ax",%progbits
 521              		.align	1
 522              		.global	init_override
 523              		.syntax unified
 524              		.thumb
 525              		.thumb_func
 527              	init_override:
 528              	.LFB130:
 157:Core/Src/pdo_override.c **** 
 158:Core/Src/pdo_override.c **** 
 159:Core/Src/pdo_override.c **** void init_override(void)
 160:Core/Src/pdo_override.c **** {
 529              		.loc 1 160 1 is_stmt 1 view -0
ARM GAS  /tmp/ccnulq3U.s 			page 13


 530              		.cfi_startproc
 531              		@ args = 0, pretend = 0, frame = 0
 532              		@ frame_needed = 0, uses_anonymous_args = 0
 533 0000 08B5     		push	{r3, lr}
 534              		.cfi_def_cfa_offset 8
 535              		.cfi_offset 3, -8
 536              		.cfi_offset 14, -4
 161:Core/Src/pdo_override.c ****     spi_dma_setup();
 537              		.loc 1 161 5 view .LVU123
 538 0002 FFF7FEFF 		bl	spi_dma_setup
 539              	.LVL32:
 162:Core/Src/pdo_override.c ****     spi_setup();
 540              		.loc 1 162 5 view .LVU124
 541 0006 FFF7FEFF 		bl	spi_setup
 542              	.LVL33:
 163:Core/Src/pdo_override.c ****     
 164:Core/Src/pdo_override.c ****     /* SMx_sml are calculated at runtime on PREOP_TO_SAFEOP, buffer size is needed on compilation
 165:Core/Src/pdo_override.c ****         TODO test if they match, when ESC is OP */
 166:Core/Src/pdo_override.c ****     // CC_ASSERT (ESCvar.ESC_SM2_sml == PDO_SIZE);
 167:Core/Src/pdo_override.c ****     // CC_ASSERT (ESCvar.ESC_SM3_sml == PDO_SIZE);
 168:Core/Src/pdo_override.c **** }
 543              		.loc 1 168 1 is_stmt 0 view .LVU125
 544 000a 08BD     		pop	{r3, pc}
 545              		.cfi_endproc
 546              	.LFE130:
 548              		.section	.text.on_rxpdo_transfer_finished,"ax",%progbits
 549              		.align	1
 550              		.global	on_rxpdo_transfer_finished
 551              		.syntax unified
 552              		.thumb
 553              		.thumb_func
 555              	on_rxpdo_transfer_finished:
 556              	.LFB132:
 169:Core/Src/pdo_override.c **** 
 170:Core/Src/pdo_override.c **** 
 171:Core/Src/pdo_override.c **** void rxpdo_override(void)
 172:Core/Src/pdo_override.c **** {
 173:Core/Src/pdo_override.c ****     spi_dma_rxpdo_start();
 174:Core/Src/pdo_override.c ****     while (pdi_dma_transmission == IN_PROGRESS) { } /* polling for "end of transfer" flag */
 175:Core/Src/pdo_override.c ****     on_rxpdo_transfer_finished();
 176:Core/Src/pdo_override.c **** }
 177:Core/Src/pdo_override.c **** 
 178:Core/Src/pdo_override.c **** 
 179:Core/Src/pdo_override.c **** void on_rxpdo_transfer_finished(void)
 180:Core/Src/pdo_override.c **** {
 557              		.loc 1 180 1 is_stmt 1 view -0
 558              		.cfi_startproc
 559              		@ args = 0, pretend = 0, frame = 0
 560              		@ frame_needed = 0, uses_anonymous_args = 0
 561 0000 08B5     		push	{r3, lr}
 562              		.cfi_def_cfa_offset 8
 563              		.cfi_offset 3, -8
 564              		.cfi_offset 14, -4
 181:Core/Src/pdo_override.c ****     spi_dma_stop();
 565              		.loc 1 181 5 view .LVU127
 566 0002 FFF7FEFF 		bl	spi_dma_stop
 567              	.LVL34:
ARM GAS  /tmp/ccnulq3U.s 			page 14


 182:Core/Src/pdo_override.c ****     ESCvar.ALevent = etohs ((uint16_t)*pdo_spi_rxbuf);
 568              		.loc 1 182 5 view .LVU128
 569              		.loc 1 182 22 is_stmt 0 view .LVU129
 570 0006 074B     		ldr	r3, .L38
 571 0008 1B68     		ldr	r3, [r3]
 572 000a 1A78     		ldrb	r2, [r3]	@ zero_extendqisi2
 573              		.loc 1 182 20 view .LVU130
 574 000c 064B     		ldr	r3, .L38+4
 575 000e C3F8E420 		str	r2, [r3, #228]
 183:Core/Src/pdo_override.c ****     
 184:Core/Src/pdo_override.c ****     if (MAX_MAPPINGS_SM2 > 0)
 576              		.loc 1 184 5 is_stmt 1 view .LVU131
 185:Core/Src/pdo_override.c ****     {
 186:Core/Src/pdo_override.c ****         COE_pdoUnpack (pdo_coe_rxbuf, ESCvar.sm2mappings, SMmap2);
 577              		.loc 1 186 9 view .LVU132
 578 0012 064A     		ldr	r2, .L38+8
 579 0014 D3F8AC10 		ldr	r1, [r3, #172]
 580 0018 054B     		ldr	r3, .L38+12
 581 001a 1868     		ldr	r0, [r3]
 582 001c FFF7FEFF 		bl	COE_pdoUnpack
 583              	.LVL35:
 187:Core/Src/pdo_override.c ****     }
 188:Core/Src/pdo_override.c **** }
 584              		.loc 1 188 1 is_stmt 0 view .LVU133
 585 0020 08BD     		pop	{r3, pc}
 586              	.L39:
 587 0022 00BF     		.align	2
 588              	.L38:
 589 0024 00000000 		.word	.LANCHOR2
 590 0028 00000000 		.word	ESCvar
 591 002c 00000000 		.word	SMmap2
 592 0030 00000000 		.word	.LANCHOR4
 593              		.cfi_endproc
 594              	.LFE132:
 596              		.section	.text.rxpdo_override,"ax",%progbits
 597              		.align	1
 598              		.global	rxpdo_override
 599              		.syntax unified
 600              		.thumb
 601              		.thumb_func
 603              	rxpdo_override:
 604              	.LFB131:
 172:Core/Src/pdo_override.c ****     spi_dma_rxpdo_start();
 605              		.loc 1 172 1 is_stmt 1 view -0
 606              		.cfi_startproc
 607              		@ args = 0, pretend = 0, frame = 0
 608              		@ frame_needed = 0, uses_anonymous_args = 0
 609 0000 08B5     		push	{r3, lr}
 610              		.cfi_def_cfa_offset 8
 611              		.cfi_offset 3, -8
 612              		.cfi_offset 14, -4
 173:Core/Src/pdo_override.c ****     while (pdi_dma_transmission == IN_PROGRESS) { } /* polling for "end of transfer" flag */
 613              		.loc 1 173 5 view .LVU135
 614 0002 FFF7FEFF 		bl	spi_dma_rxpdo_start
 615              	.LVL36:
 174:Core/Src/pdo_override.c ****     on_rxpdo_transfer_finished();
 616              		.loc 1 174 5 view .LVU136
ARM GAS  /tmp/ccnulq3U.s 			page 15


 617              	.L41:
 174:Core/Src/pdo_override.c ****     on_rxpdo_transfer_finished();
 618              		.loc 1 174 51 discriminator 1 view .LVU137
 174:Core/Src/pdo_override.c ****     on_rxpdo_transfer_finished();
 619              		.loc 1 174 11 discriminator 1 view .LVU138
 174:Core/Src/pdo_override.c ****     on_rxpdo_transfer_finished();
 620              		.loc 1 174 33 is_stmt 0 discriminator 1 view .LVU139
 621 0006 044B     		ldr	r3, .L43
 622 0008 1B78     		ldrb	r3, [r3]	@ zero_extendqisi2
 623 000a DBB2     		uxtb	r3, r3
 174:Core/Src/pdo_override.c ****     on_rxpdo_transfer_finished();
 624              		.loc 1 174 11 discriminator 1 view .LVU140
 625 000c 012B     		cmp	r3, #1
 626 000e FAD0     		beq	.L41
 175:Core/Src/pdo_override.c **** }
 627              		.loc 1 175 5 is_stmt 1 view .LVU141
 628 0010 FFF7FEFF 		bl	on_rxpdo_transfer_finished
 629              	.LVL37:
 176:Core/Src/pdo_override.c **** 
 630              		.loc 1 176 1 is_stmt 0 view .LVU142
 631 0014 08BD     		pop	{r3, pc}
 632              	.L44:
 633 0016 00BF     		.align	2
 634              	.L43:
 635 0018 00000000 		.word	.LANCHOR0
 636              		.cfi_endproc
 637              	.LFE131:
 639              		.section	.text.on_txpdo_transfer_finished,"ax",%progbits
 640              		.align	1
 641              		.global	on_txpdo_transfer_finished
 642              		.syntax unified
 643              		.thumb
 644              		.thumb_func
 646              	on_txpdo_transfer_finished:
 647              	.LFB134:
 189:Core/Src/pdo_override.c **** 
 190:Core/Src/pdo_override.c **** 
 191:Core/Src/pdo_override.c **** void txpdo_override(void)
 192:Core/Src/pdo_override.c **** {
 193:Core/Src/pdo_override.c ****     if (MAX_MAPPINGS_SM3 > 0)
 194:Core/Src/pdo_override.c ****     {
 195:Core/Src/pdo_override.c ****         COE_pdoPack (pdo_coe_txbuf, ESCvar.sm3mappings, SMmap3);
 196:Core/Src/pdo_override.c ****     }
 197:Core/Src/pdo_override.c **** 
 198:Core/Src/pdo_override.c ****     spi_dma_txpdo_start();
 199:Core/Src/pdo_override.c ****     while (pdi_dma_transmission == IN_PROGRESS) { } /* polling to end of transfer flag */
 200:Core/Src/pdo_override.c ****     on_txpdo_transfer_finished();
 201:Core/Src/pdo_override.c **** }
 202:Core/Src/pdo_override.c **** 
 203:Core/Src/pdo_override.c **** 
 204:Core/Src/pdo_override.c **** void on_txpdo_transfer_finished(void)
 205:Core/Src/pdo_override.c **** {
 648              		.loc 1 205 1 is_stmt 1 view -0
 649              		.cfi_startproc
 650              		@ args = 0, pretend = 0, frame = 0
 651              		@ frame_needed = 0, uses_anonymous_args = 0
 652 0000 08B5     		push	{r3, lr}
ARM GAS  /tmp/ccnulq3U.s 			page 16


 653              		.cfi_def_cfa_offset 8
 654              		.cfi_offset 3, -8
 655              		.cfi_offset 14, -4
 206:Core/Src/pdo_override.c ****     spi_dma_stop();
 656              		.loc 1 206 5 view .LVU144
 657 0002 FFF7FEFF 		bl	spi_dma_stop
 658              	.LVL38:
 207:Core/Src/pdo_override.c ****     ESCvar.ALevent = etohs ((uint16_t)*pdo_spi_rxbuf);
 659              		.loc 1 207 5 view .LVU145
 660              		.loc 1 207 22 is_stmt 0 view .LVU146
 661 0006 034B     		ldr	r3, .L47
 662 0008 1B68     		ldr	r3, [r3]
 663 000a 1A78     		ldrb	r2, [r3]	@ zero_extendqisi2
 664              		.loc 1 207 20 view .LVU147
 665 000c 024B     		ldr	r3, .L47+4
 666 000e C3F8E420 		str	r2, [r3, #228]
 208:Core/Src/pdo_override.c **** }...
 667              		.loc 1 208 1 view .LVU148
 668 0012 08BD     		pop	{r3, pc}
 669              	.L48:
 670              		.align	2
 671              	.L47:
 672 0014 00000000 		.word	.LANCHOR2
 673 0018 00000000 		.word	ESCvar
 674              		.cfi_endproc
 675              	.LFE134:
 677              		.section	.text.txpdo_override,"ax",%progbits
 678              		.align	1
 679              		.global	txpdo_override
 680              		.syntax unified
 681              		.thumb
 682              		.thumb_func
 684              	txpdo_override:
 685              	.LFB133:
 192:Core/Src/pdo_override.c **** {
 686              		.loc 1 192 1 is_stmt 1 view -0
 687              		.cfi_startproc
 688              		@ args = 0, pretend = 0, frame = 0
 689              		@ frame_needed = 0, uses_anonymous_args = 0
 690 0000 08B5     		push	{r3, lr}
 691              		.cfi_def_cfa_offset 8
 692              		.cfi_offset 3, -8
 693              		.cfi_offset 14, -4
 193:Core/Src/pdo_override.c ****     if (MAX_MAPPINGS_SM3 > 0)
 694              		.loc 1 193 5 view .LVU150
 195:Core/Src/pdo_override.c ****         COE_pdoPack (pdo_coe_txbuf, ESCvar.sm3mappings, SMmap3);
 695              		.loc 1 195 9 view .LVU151
 696 0002 094A     		ldr	r2, .L52
 697 0004 094B     		ldr	r3, .L52+4
 698 0006 D3F8B010 		ldr	r1, [r3, #176]
 699 000a 094B     		ldr	r3, .L52+8
 700 000c 1868     		ldr	r0, [r3]
 701 000e FFF7FEFF 		bl	COE_pdoPack
 702              	.LVL39:
 198:Core/Src/pdo_override.c ****     spi_dma_txpdo_start();
 703              		.loc 1 198 5 view .LVU152
 704 0012 FFF7FEFF 		bl	spi_dma_txpdo_start
ARM GAS  /tmp/ccnulq3U.s 			page 17


 705              	.LVL40:
 199:Core/Src/pdo_override.c ****     while (pdi_dma_transmission == IN_PROGRESS) { } /* polling to end of transfer flag */
 706              		.loc 1 199 5 view .LVU153
 707              	.L50:
 199:Core/Src/pdo_override.c ****     while (pdi_dma_transmission == IN_PROGRESS) { } /* polling to end of transfer flag */
 708              		.loc 1 199 51 discriminator 1 view .LVU154
 199:Core/Src/pdo_override.c ****     while (pdi_dma_transmission == IN_PROGRESS) { } /* polling to end of transfer flag */
 709              		.loc 1 199 11 discriminator 1 view .LVU155
 199:Core/Src/pdo_override.c ****     while (pdi_dma_transmission == IN_PROGRESS) { } /* polling to end of transfer flag */
 710              		.loc 1 199 33 is_stmt 0 discriminator 1 view .LVU156
 711 0016 074B     		ldr	r3, .L52+12
 712 0018 1B78     		ldrb	r3, [r3]	@ zero_extendqisi2
 713 001a DBB2     		uxtb	r3, r3
 199:Core/Src/pdo_override.c ****     while (pdi_dma_transmission == IN_PROGRESS) { } /* polling to end of transfer flag */
 714              		.loc 1 199 11 discriminator 1 view .LVU157
 715 001c 012B     		cmp	r3, #1
 716 001e FAD0     		beq	.L50
 200:Core/Src/pdo_override.c ****     on_txpdo_transfer_finished();
 717              		.loc 1 200 5 is_stmt 1 view .LVU158
 718 0020 FFF7FEFF 		bl	on_txpdo_transfer_finished
 719              	.LVL41:
 201:Core/Src/pdo_override.c **** }
 720              		.loc 1 201 1 is_stmt 0 view .LVU159
 721 0024 08BD     		pop	{r3, pc}
 722              	.L53:
 723 0026 00BF     		.align	2
 724              	.L52:
 725 0028 00000000 		.word	SMmap3
 726 002c 00000000 		.word	ESCvar
 727 0030 00000000 		.word	.LANCHOR3
 728 0034 00000000 		.word	.LANCHOR0
 729              		.cfi_endproc
 730              	.LFE133:
 732              		.global	pdo_coe_txbuf
 733              		.global	pdo_spi_txbuf
 734              		.global	pdo_txbuf
 735              		.global	pdo_coe_rxbuf
 736              		.global	pdo_spi_rxbuf
 737              		.global	pdo_rxbuf
 738              		.section	.bss.pdi_dma_transmission,"aw",%nobits
 739              		.set	.LANCHOR0,. + 0
 742              	pdi_dma_transmission:
 743 0000 00       		.space	1
 744              		.section	.bss.pdo_rxbuf,"aw",%nobits
 745              		.align	3
 748              	pdo_rxbuf:
 749 0000 00000000 		.space	43
 749      00000000 
 749      00000000 
 749      00000000 
 749      00000000 
 750              		.section	.bss.pdo_txbuf,"aw",%nobits
 751              		.align	3
 754              	pdo_txbuf:
 755 0000 00000000 		.space	44
 755      00000000 
 755      00000000 
ARM GAS  /tmp/ccnulq3U.s 			page 18


 755      00000000 
 755      00000000 
 756              		.section	.data.pdo_coe_rxbuf,"aw"
 757              		.align	2
 758              		.set	.LANCHOR4,. + 0
 761              	pdo_coe_rxbuf:
 762 0000 08000000 		.word	pdo_rxbuf+8
 763              		.section	.data.pdo_coe_txbuf,"aw"
 764              		.align	2
 765              		.set	.LANCHOR3,. + 0
 768              	pdo_coe_txbuf:
 769 0000 08000000 		.word	pdo_txbuf+8
 770              		.section	.data.pdo_spi_rxbuf,"aw"
 771              		.align	2
 772              		.set	.LANCHOR2,. + 0
 775              	pdo_spi_rxbuf:
 776 0000 05000000 		.word	pdo_rxbuf+5
 777              		.section	.data.pdo_spi_txbuf,"aw"
 778              		.align	2
 779              		.set	.LANCHOR1,. + 0
 782              	pdo_spi_txbuf:
 783 0000 06000000 		.word	pdo_txbuf+6
 784              		.text
 785              	.Letext0:
 786              		.file 2 "/usr/share/gcc-arm-none-eabi-10.3-2021.10/lib/gcc/arm-none-eabi/10.3.1/include/stddef.h"
 787              		.file 3 "/usr/share/gcc-arm-none-eabi-10.3-2021.10/arm-none-eabi/include/machine/_default_types.h"
 788              		.file 4 "/usr/share/gcc-arm-none-eabi-10.3-2021.10/arm-none-eabi/include/sys/_stdint.h"
 789              		.file 5 "Drivers/CMSIS/Device/ST/STM32F4xx/Include/stm32f4xx.h"
 790              		.file 6 "Drivers/STM32F4xx_StdPeriph_Driver/inc/stm32f4xx_dma.h"
 791              		.file 7 "Drivers/STM32F4xx_StdPeriph_Driver/inc/misc.h"
 792              		.file 8 "Lib/soes/inc/esc_coe.h"
 793              		.file 9 "Lib/soes/inc/esc.h"
 794              		.file 10 "Core/Inc/pdo_override.h"
 795              		.file 11 "Lib/soes_hal_bsp/inc/spi.h"
 796              		.file 12 "Drivers/STM32F4xx_StdPeriph_Driver/inc/stm32f4xx_spi.h"
 797              		.file 13 "Drivers/STM32F4xx_StdPeriph_Driver/inc/stm32f4xx_rcc.h"
 798              		.file 14 "Drivers/STM32F4xx_StdPeriph_Driver/inc/stm32f4xx_gpio.h"
 799              		.file 15 "<built-in>"
ARM GAS  /tmp/ccnulq3U.s 			page 19


DEFINED SYMBOLS
                            *ABS*:0000000000000000 pdo_override.c
     /tmp/ccnulq3U.s:20     .text.spi_dma_prepare_transmission:0000000000000000 $t
     /tmp/ccnulq3U.s:26     .text.spi_dma_prepare_transmission:0000000000000000 spi_dma_prepare_transmission
     /tmp/ccnulq3U.s:76     .text.DMA1_Stream3_IRQHandler:0000000000000000 $t
     /tmp/ccnulq3U.s:82     .text.DMA1_Stream3_IRQHandler:0000000000000000 DMA1_Stream3_IRQHandler
     /tmp/ccnulq3U.s:124    .text.DMA1_Stream3_IRQHandler:0000000000000028 $d
     /tmp/ccnulq3U.s:132    .text.spi_dma_setup:0000000000000000 $t
     /tmp/ccnulq3U.s:138    .text.spi_dma_setup:0000000000000000 spi_dma_setup
     /tmp/ccnulq3U.s:292    .text.spi_dma_setup:00000000000000a0 $d
     /tmp/ccnulq3U.s:301    .text.spi_dma_start:0000000000000000 $t
     /tmp/ccnulq3U.s:307    .text.spi_dma_start:0000000000000000 spi_dma_start
     /tmp/ccnulq3U.s:363    .text.spi_dma_start:0000000000000044 $d
     /tmp/ccnulq3U.s:371    .text.spi_dma_stop:0000000000000000 $t
     /tmp/ccnulq3U.s:377    .text.spi_dma_stop:0000000000000000 spi_dma_stop
     /tmp/ccnulq3U.s:433    .text.spi_dma_stop:0000000000000048 $d
     /tmp/ccnulq3U.s:441    .text.spi_dma_rxpdo_start:0000000000000000 $t
     /tmp/ccnulq3U.s:447    .text.spi_dma_rxpdo_start:0000000000000000 spi_dma_rxpdo_start
     /tmp/ccnulq3U.s:479    .text.spi_dma_rxpdo_start:0000000000000024 $d
     /tmp/ccnulq3U.s:485    .text.spi_dma_txpdo_start:0000000000000000 $t
     /tmp/ccnulq3U.s:491    .text.spi_dma_txpdo_start:0000000000000000 spi_dma_txpdo_start
     /tmp/ccnulq3U.s:516    .text.spi_dma_txpdo_start:0000000000000018 $d
     /tmp/ccnulq3U.s:521    .text.init_override:0000000000000000 $t
     /tmp/ccnulq3U.s:527    .text.init_override:0000000000000000 init_override
     /tmp/ccnulq3U.s:549    .text.on_rxpdo_transfer_finished:0000000000000000 $t
     /tmp/ccnulq3U.s:555    .text.on_rxpdo_transfer_finished:0000000000000000 on_rxpdo_transfer_finished
     /tmp/ccnulq3U.s:589    .text.on_rxpdo_transfer_finished:0000000000000024 $d
     /tmp/ccnulq3U.s:597    .text.rxpdo_override:0000000000000000 $t
     /tmp/ccnulq3U.s:603    .text.rxpdo_override:0000000000000000 rxpdo_override
     /tmp/ccnulq3U.s:635    .text.rxpdo_override:0000000000000018 $d
     /tmp/ccnulq3U.s:640    .text.on_txpdo_transfer_finished:0000000000000000 $t
     /tmp/ccnulq3U.s:646    .text.on_txpdo_transfer_finished:0000000000000000 on_txpdo_transfer_finished
     /tmp/ccnulq3U.s:672    .text.on_txpdo_transfer_finished:0000000000000014 $d
     /tmp/ccnulq3U.s:678    .text.txpdo_override:0000000000000000 $t
     /tmp/ccnulq3U.s:684    .text.txpdo_override:0000000000000000 txpdo_override
     /tmp/ccnulq3U.s:725    .text.txpdo_override:0000000000000028 $d
     /tmp/ccnulq3U.s:768    .data.pdo_coe_txbuf:0000000000000000 pdo_coe_txbuf
     /tmp/ccnulq3U.s:782    .data.pdo_spi_txbuf:0000000000000000 pdo_spi_txbuf
     /tmp/ccnulq3U.s:754    .bss.pdo_txbuf:0000000000000000 pdo_txbuf
     /tmp/ccnulq3U.s:761    .data.pdo_coe_rxbuf:0000000000000000 pdo_coe_rxbuf
     /tmp/ccnulq3U.s:775    .data.pdo_spi_rxbuf:0000000000000000 pdo_spi_rxbuf
     /tmp/ccnulq3U.s:748    .bss.pdo_rxbuf:0000000000000000 pdo_rxbuf
     /tmp/ccnulq3U.s:742    .bss.pdi_dma_transmission:0000000000000000 pdi_dma_transmission
     /tmp/ccnulq3U.s:743    .bss.pdi_dma_transmission:0000000000000000 $d
     /tmp/ccnulq3U.s:745    .bss.pdo_rxbuf:0000000000000000 $d
     /tmp/ccnulq3U.s:751    .bss.pdo_txbuf:0000000000000000 $d
     /tmp/ccnulq3U.s:757    .data.pdo_coe_rxbuf:0000000000000000 $d
     /tmp/ccnulq3U.s:764    .data.pdo_coe_txbuf:0000000000000000 $d
     /tmp/ccnulq3U.s:771    .data.pdo_spi_rxbuf:0000000000000000 $d
     /tmp/ccnulq3U.s:778    .data.pdo_spi_txbuf:0000000000000000 $d

UNDEFINED SYMBOLS
DMA_GetITStatus
GPIO_ToggleBits
DMA_ClearITPendingBit
RCC_AHB1PeriphClockCmd
DMA_DeInit
ARM GAS  /tmp/ccnulq3U.s 			page 20


DMA_GetCmdStatus
DMA_StructInit
DMA_Init
NVIC_Init
DMA_ITConfig
SPI_I2S_DMACmd
spi_select
DMA_Cmd
spi_unselect
DMA_ClearFlag
memset
spi_setup
COE_pdoUnpack
ESCvar
SMmap2
COE_pdoPack
SMmap3
